- M PF.Base/include/init.inc.php
- M PF.Base/include/library/phpfox/ajax/ajax.class.php
- M PF.Base/include/library/phpfox/archive/archive.class.php
- M PF.Base/include/library/phpfox/archive/export.class.php
- M PF.Base/include/library/phpfox/archive/extension/tar.class.php
- M PF.Base/include/library/phpfox/archive/extension/xml.class.php
- M PF.Base/include/library/phpfox/archive/extension/zip.class.php
- M PF.Base/include/library/phpfox/archive/import.class.php
- M PF.Base/include/library/phpfox/archive/support.class.php
- M PF.Base/include/library/phpfox/cache/abstract.class.php
- M PF.Base/include/library/phpfox/cache/cache.class.php
- M PF.Base/include/library/phpfox/cron/cron.class.php
- M PF.Base/include/library/phpfox/database/database.class.php
- M PF.Base/include/library/phpfox/database/driver/mysql.class.php
- M PF.Base/include/library/phpfox/database/driver/mysqli.class.php
- M PF.Base/include/library/phpfox/database/driver/postgres.class.php
- M PF.Base/include/library/phpfox/database/export.class.php
- M PF.Base/include/library/phpfox/database/interface.class.php
- M PF.Base/include/library/phpfox/database/support.class.php
- M PF.Base/include/library/phpfox/date/date.class.php
- M PF.Base/include/library/phpfox/debug/debug.class.php
- M PF.Base/include/library/phpfox/diff/md5.class.php
- M PF.Base/include/library/phpfox/editor/editor.class.php
- M PF.Base/include/library/phpfox/error/error.class.php
- M PF.Base/include/library/phpfox/file/file.class.php
- M PF.Base/include/library/phpfox/ftp/ftp.class.php
- M PF.Base/include/library/phpfox/gateway/api/paypal.class.php
- M PF.Base/include/library/phpfox/gateway/gateway.class.php
- M PF.Base/include/library/phpfox/gateway/interface.class.php
- M PF.Base/include/library/phpfox/hash/hash.class.php
- M PF.Base/include/library/phpfox/image/abstract.class.php
- M PF.Base/include/library/phpfox/image/helper.class.php
- M PF.Base/include/library/phpfox/image/image.class.php
- M PF.Base/include/library/phpfox/image/interface.class.php
- M PF.Base/include/library/phpfox/image/library/gd.class.php
- M PF.Base/include/library/phpfox/locale/locale.class.php
- M PF.Base/include/library/phpfox/mail/driver/phpmailer/mail.class.php
- M PF.Base/include/library/phpfox/mail/driver/phpmailer/smtp.class.php
- M PF.Base/include/library/phpfox/mail/interface.class.php
- M PF.Base/include/library/phpfox/mail/mail.class.php
- M PF.Base/include/library/phpfox/module/component.class.php
- M PF.Base/include/library/phpfox/module/module.class.php
- M PF.Base/include/library/phpfox/module/service.class.php
- M PF.Base/include/library/phpfox/pager/pager.class.php
- M PF.Base/include/library/phpfox/pages/browse.class.php
- M PF.Base/include/library/phpfox/pages/callback.class.php
- M PF.Base/include/library/phpfox/pages/category.class.php
- M PF.Base/include/library/phpfox/pages/pages.class.php
- M PF.Base/include/library/phpfox/pages/process.class.php
- M PF.Base/include/library/phpfox/pages/type.class.php
- M PF.Base/include/library/phpfox/parse/bbcode.class.php
- M PF.Base/include/library/phpfox/parse/css.class.php
- M PF.Base/include/library/phpfox/parse/format.class.php
- M PF.Base/include/library/phpfox/parse/input.class.php
- M PF.Base/include/library/phpfox/parse/output.class.php
- M PF.Base/include/library/phpfox/parse/wiki.class.php
- M PF.Base/include/library/phpfox/phpfox/api.class.php
- M PF.Base/include/library/phpfox/phpfox/phpfox.class.php
- M PF.Base/include/library/phpfox/phpfox/process.class.php
- M PF.Base/include/library/phpfox/phpfox/support.php
- M PF.Base/include/library/phpfox/plugin/plugin.class.php
- M PF.Base/include/library/phpfox/request/request.class.php
- M PF.Base/include/library/phpfox/search/browse.class.php
- M PF.Base/include/library/phpfox/search/inline.class.php
- M PF.Base/include/library/phpfox/search/search.class.php
- M PF.Base/include/library/phpfox/server/server.class.php
- M PF.Base/include/library/phpfox/session/handler.class.php
- M PF.Base/include/library/phpfox/session/handler/default.class.php
- M PF.Base/include/library/phpfox/session/handler/file.class.php
- M PF.Base/include/library/phpfox/session/handler/memcache.class.php
- M PF.Base/include/library/phpfox/session/session.class.php
- M PF.Base/include/library/phpfox/session/storage/cookie.class.php
- M PF.Base/include/library/phpfox/session/storage/session.class.php
- M PF.Base/include/library/phpfox/setting/setting.class.php
- M PF.Base/include/library/phpfox/spam/spam.class.php
- M PF.Base/include/library/phpfox/template/cache.class.php
- M PF.Base/include/library/phpfox/template/template.class.php
- M PF.Base/include/library/phpfox/url/url.class.php
- M PF.Base/include/library/phpfox/validator/validator.class.php
- M PF.Base/include/library/phpfox/xml/builder.class.php
- M PF.Base/include/library/phpfox/xml/parser.class.php
- M PF.Base/include/setting/cdn.sett.php.new
- M PF.Base/include/setting/common.sett.php
- M PF.Base/include/setting/constant.sett.php
- M PF.Base/include/setting/server.sett.php.new
- M PF.Base/include/setting/validator.sett.php
- M PF.Base/include/xml/country.xml.php
- M PF.Base/include/xml/md5_sum.xml.php
- M PF.Base/include/xml/module.xml.php
- M PF.Base/install/include/app.default.php
- M PF.Base/install/include/version.php
- A PF.Base/install/include/version/4.7.7.php
- M PF.Base/less/base/layout.less
- M PF.Base/less/base/mixins.less
- M PF.Base/less/customize.less
- M PF.Base/less/modules/browse.less
- M PF.Base/less/modules/feed.less
- M PF.Base/less/modules/friend.less
- M PF.Base/module/admincp/include/component/ajax/ajax.class.php
- M PF.Base/module/admincp/include/component/ajax/maintain/ajax.class.php
- M PF.Base/module/admincp/include/component/ajax/module/ajax.class.php
- M PF.Base/module/admincp/include/component/block/block/setting.class.php
- M PF.Base/module/admincp/include/component/block/module/form.class.php
- M PF.Base/module/admincp/include/component/block/product/form.class.php
- M PF.Base/module/admincp/include/component/block/stat.class.php
- M PF.Base/module/admincp/include/component/block/template-breadcrumbmenu.class.php
- M PF.Base/module/admincp/include/component/controller/app/groupsettings.class.php
- M PF.Base/module/admincp/include/component/controller/app/settings.class.php
- M PF.Base/module/admincp/include/component/controller/block/add.class.php
- M PF.Base/module/admincp/include/component/controller/block/index.class.php
- M PF.Base/module/admincp/include/component/controller/block/setting.class.php
- M PF.Base/module/admincp/include/component/controller/component/add.class.php
- M PF.Base/module/admincp/include/component/controller/component/index.class.php
- M PF.Base/module/admincp/include/component/controller/index.class.php
- M PF.Base/module/admincp/include/component/controller/limit.class.php
- M PF.Base/module/admincp/include/component/controller/login.class.php
- M PF.Base/module/admincp/include/component/controller/logout.class.php
- M PF.Base/module/admincp/include/component/controller/maintain/cache.class.php
- M PF.Base/module/admincp/include/component/controller/maintain/counter.class.php
- M PF.Base/module/admincp/include/component/controller/maintain/duplicate.class.php
- M PF.Base/module/admincp/include/component/controller/maintain/reparser.class.php
- M PF.Base/module/admincp/include/component/controller/menu/add.class.php
- M PF.Base/module/admincp/include/component/controller/menu/index.class.php
- M PF.Base/module/admincp/include/component/controller/plugin/add.class.php
- M PF.Base/module/admincp/include/component/controller/plugin/hook/add.class.php
- M PF.Base/module/admincp/include/component/controller/plugin/index.class.php
- M PF.Base/module/admincp/include/component/controller/privacy/index.class.php
- M PF.Base/module/admincp/include/component/controller/product/add.class.php
- M PF.Base/module/admincp/include/component/controller/product/file.class.php
- M PF.Base/module/admincp/include/component/controller/product/index.class.php
- M PF.Base/module/admincp/include/component/controller/seo/meta.class.php
- M PF.Base/module/admincp/include/component/controller/seo/nofollow.class.php
- M PF.Base/module/admincp/include/component/controller/seo/rewrite.class.php
- M PF.Base/module/admincp/include/component/controller/setting/add.class.php
- M PF.Base/module/admincp/include/component/controller/setting/file.class.php
- M PF.Base/module/admincp/include/component/controller/setting/group/add.class.php
- M PF.Base/module/admincp/include/component/controller/setting/index.class.php
- M PF.Base/module/admincp/include/component/controller/setting/missing.class.php
- M PF.Base/module/admincp/include/component/controller/setting/search.class.php
- M PF.Base/module/admincp/include/component/controller/sql/backup.class.php
- M PF.Base/module/admincp/include/component/controller/sql/index.class.php
- M PF.Base/module/admincp/include/component/controller/stat/add.class.php
- M PF.Base/module/admincp/include/component/controller/stat/index.class.php
- M PF.Base/module/admincp/include/component/controller/upload.class.php
- M PF.Base/module/admincp/include/phpfox.class.php
- M PF.Base/module/admincp/include/service/admincp.class.php
- M PF.Base/module/admincp/include/service/block/block.class.php
- M PF.Base/module/admincp/include/service/block/process.class.php
- M PF.Base/module/admincp/include/service/callback.class.php
- M PF.Base/module/admincp/include/service/component/component.class.php
- M PF.Base/module/admincp/include/service/component/process.class.php
- M PF.Base/module/admincp/include/service/cron/cron.class.php
- M PF.Base/module/admincp/include/service/cron/process.class.php
- M PF.Base/module/admincp/include/service/menu/menu.class.php
- M PF.Base/module/admincp/include/service/menu/process.class.php
- M PF.Base/module/admincp/include/service/module/block/block.class.php
- M PF.Base/module/admincp/include/service/module/block/process.class.php
- M PF.Base/module/admincp/include/service/module/module.class.php
- M PF.Base/module/admincp/include/service/module/process.class.php
- M PF.Base/module/admincp/include/service/plugin/plugin.class.php
- M PF.Base/module/admincp/include/service/plugin/process.class.php
- M PF.Base/module/admincp/include/service/process.class.php
- M PF.Base/module/admincp/include/service/product/process.class.php
- M PF.Base/module/admincp/include/service/product/product.class.php
- M PF.Base/module/admincp/include/service/seo/process.class.php
- M PF.Base/module/admincp/include/service/seo/seo.class.php
- M PF.Base/module/admincp/include/service/setting/process.class.php
- M PF.Base/module/admincp/include/service/setting/setting.class.php
- M PF.Base/module/admincp/include/service/sidebar.class.php
- M PF.Base/module/admincp/template/default/block/block/setting.html.php
- M PF.Base/module/admincp/template/default/block/product/form.html.php
- M PF.Base/module/admincp/template/default/controller/app/groupsettings.html.php
- M PF.Base/module/admincp/template/default/controller/app/settings.html.php
- M PF.Base/module/admincp/template/default/controller/component/index.html.php
- M PF.Base/module/admincp/template/default/controller/limit.html.php
- M PF.Base/module/admincp/template/default/controller/logout.html.php
- M PF.Base/module/admincp/template/default/controller/maintain/cache.html.php
- M PF.Base/module/admincp/template/default/controller/maintain/counter.html.php
- M PF.Base/module/admincp/template/default/controller/maintain/duplicate.html.php
- M PF.Base/module/admincp/template/default/controller/maintain/reparser.html.php
- M PF.Base/module/admincp/template/default/controller/product/file.html.php
- M PF.Base/module/admincp/template/default/controller/seo/rewrite.html.php
- M PF.Base/module/admincp/template/default/controller/setting/index.html.php
- M PF.Base/module/admincp/template/default/controller/setting/missing.html.php
- M PF.Base/module/admincp/template/default/controller/sql/backup.html.php
- M PF.Base/module/admincp/template/default/controller/stat/index.html.php
- M PF.Base/module/api/include/phpfox.class.php
- M PF.Base/module/attachment/include/component/block/add.class.php
- M PF.Base/module/attachment/include/component/block/archive.class.php
- M PF.Base/module/attachment/include/component/block/current.class.php
- M PF.Base/module/attachment/include/component/block/upload.class.php
- M PF.Base/module/attachment/include/component/controller/admincp/add.class.php
- M PF.Base/module/attachment/include/component/controller/admincp/manage.class.php
- M PF.Base/module/attachment/include/component/controller/download.class.php
- M PF.Base/module/attachment/include/component/controller/index.class.php
- M PF.Base/module/attachment/include/phpfox.class.php
- M PF.Base/module/attachment/include/service/attachment.class.php
- M PF.Base/module/attachment/include/service/callback.class.php
- M PF.Base/module/attachment/include/service/process.class.php
- M PF.Base/module/attachment/include/service/type.class.php
- M PF.Base/module/attachment/install/version/install.xml.php
- M PF.Base/module/attachment/template/default/block/add.html.php
- M PF.Base/module/attachment/template/default/block/archive.html.php
- M PF.Base/module/attachment/template/default/block/upload.html.php
- M PF.Base/module/attachment/template/default/controller/admincp/add.html.php
- M PF.Base/module/attachment/template/default/controller/admincp/index.html.php
- M PF.Base/module/attachment/template/default/controller/index.html.php
- M PF.Base/module/comment/include/component/ajax/ajax.class.php
- M PF.Base/module/comment/include/component/block/mini.class.php
- M PF.Base/module/comment/include/component/block/moderate.class.php
- M PF.Base/module/comment/include/component/block/rating.class.php
- M PF.Base/module/comment/include/component/block/view.class.php
- M PF.Base/module/comment/include/component/controller/admincp/index.class.php
- M PF.Base/module/comment/include/component/controller/view.class.php
- M PF.Base/module/comment/include/phpfox.class.php
- M PF.Base/module/comment/include/service/callback.class.php
- M PF.Base/module/comment/include/service/comment.class.php
- M PF.Base/module/comment/include/service/process.class.php
- M PF.Base/module/comment/template/default/block/entry.html.php
- M PF.Base/module/comment/template/default/block/mini.html.php
- M PF.Base/module/comment/template/default/block/moderate.html.php
- M PF.Base/module/comment/template/default/block/rating.html.php
- M PF.Base/module/comment/template/default/block/view.html.php
- M PF.Base/module/comment/template/default/controller/admincp/index.html.php
- M PF.Base/module/comment/template/default/controller/admincp/spam.html.php
- M PF.Base/module/comment/template/default/controller/rss.html.php
- M PF.Base/module/comment/template/default/controller/view.html.php
- M PF.Base/module/contact/include/component/ajax/ajax.class.php
- M PF.Base/module/contact/include/component/controller/admincp/index.class.php
- M PF.Base/module/contact/include/component/controller/index.class.php
- M PF.Base/module/contact/include/phpfox.class.php
- M PF.Base/module/contact/include/service/callback.class.php
- M PF.Base/module/contact/include/service/process.class.php
- M PF.Base/module/contact/install/version/install.xml.php
- M PF.Base/module/contact/template/default/controller/admincp/index.html.php
- M PF.Base/module/contact/template/default/controller/index.html.php
- M PF.Base/module/core/include/component/block/currency.class.php
- M PF.Base/module/core/include/component/block/upload-form.class.php
- M PF.Base/module/core/include/component/controller/admincp/online-guest.class.php
- M PF.Base/module/core/include/service/admincp/admincp.class.php
- M PF.Base/module/core/include/service/core.class.php
- M PF.Base/module/core/include/service/country/country.class.php
- M PF.Base/module/core/include/service/currency/currency.class.php
- M PF.Base/module/core/include/service/helper.class.php
- A PF.Base/module/core/include/service/mobile/detect.class.php
- M PF.Base/module/core/include/service/redirect/redirect.class.php
- M PF.Base/module/core/include/service/system.class.php
- M PF.Base/module/core/include/service/upload/upload.class.php
- M PF.Base/module/core/install/version/install.xml.php
- M PF.Base/module/core/template/default/block/admin-stat.html.php
- M PF.Base/module/core/template/default/block/admin-stattr.html.php
- M PF.Base/module/core/template/default/block/country-child.html.php
- M PF.Base/module/core/template/default/block/currency.html.php
- M PF.Base/module/core/template/default/block/giftpoints.html.php
- M PF.Base/module/core/template/default/block/holder.html.php
- M PF.Base/module/core/template/default/block/message.html.php
- M PF.Base/module/core/template/default/block/moderation.html.php
- M PF.Base/module/core/template/default/block/new.html.php
- M PF.Base/module/core/template/default/block/template-body.html.php
- M PF.Base/module/core/template/default/block/template-breadcrumblist.html.php
- M PF.Base/module/core/template/default/block/template-breadcrumbmenu.html.php
- M PF.Base/module/core/template/default/block/template-contentclass.html.php
- M PF.Base/module/core/template/default/block/template-footer.html.php
- M PF.Base/module/core/template/default/block/template-holdername.html.php
- M PF.Base/module/core/template/default/block/template-logo.html.php
- M PF.Base/module/core/template/default/block/template-menu.html.php
- M PF.Base/module/core/template/default/block/template-menufooter.html.php
- M PF.Base/module/core/template/default/block/template-menusub.html.php
- M PF.Base/module/core/template/default/block/template-notification-sm.html.php
- M PF.Base/module/core/template/default/block/template-notification-xs.html.php
- M PF.Base/module/core/template/default/block/template-notification.html.php
- M PF.Base/module/core/template/default/block/translate-child-country.html.php
- M PF.Base/module/core/template/default/block/translate-country.html.php
- M PF.Base/module/core/template/default/block/view-admincp-login.html.php
- M PF.Base/module/core/template/default/controller/admincp/country/child/index.html.php
- M PF.Base/module/core/template/default/controller/admincp/currency/index.html.php
- M PF.Base/module/core/template/default/controller/admincp/online-guest.html.php
- M PF.Base/module/core/template/default/controller/admincp/phpinfo.html.php
- M PF.Base/module/core/template/default/controller/admincp/stat.html.php
- M PF.Base/module/core/template/default/controller/admincp/system.html.php
- M PF.Base/module/core/template/default/controller/index-member.html.php
- M PF.Base/module/core/template/default/controller/index.html.php
- M PF.Base/module/core/template/default/controller/news.html.php
- M PF.Base/module/core/template/default/controller/offline.html.php
- M PF.Base/module/custom/include/service/callback.class.php
- M PF.Base/module/custom/include/service/process.class.php
- M PF.Base/module/custom/include/service/relation/process.class.php
- M PF.Base/module/error/include/component/controller/404.class.php
- M PF.Base/module/error/include/component/controller/display.class.php
- M PF.Base/module/error/include/phpfox.class.php
- M PF.Base/module/error/template/default/controller/display.html.php
- M PF.Base/module/feed/include/component/ajax/ajax.class.php
- M PF.Base/module/feed/include/component/block/checknew.class.php
- M PF.Base/module/feed/include/component/block/comment.class.php
- M PF.Base/module/feed/include/component/block/display.class.php
- M PF.Base/module/feed/include/component/block/form.class.php
- M PF.Base/module/feed/include/component/block/friends-tagged.class.php
- M PF.Base/module/feed/include/component/block/loaddates.class.php
- M PF.Base/module/feed/include/component/block/manage-hidden.class.php
- M PF.Base/module/feed/include/component/block/mini.class.php
- M PF.Base/module/feed/include/component/block/rating.class.php
- M PF.Base/module/feed/include/component/block/share.class.php
- M PF.Base/module/feed/include/component/controller/admincp/index.class.php
- M PF.Base/module/feed/include/component/controller/user.class.php
- M PF.Base/module/feed/include/component/controller/view.class.php
- M PF.Base/module/feed/include/phpfox.class.php
- M PF.Base/module/feed/include/plugin/core.template_block_notification_dropdown_menu.php
- M PF.Base/module/feed/include/plugin/feed.template_block_entry_2.php
- M PF.Base/module/feed/include/service/block.class.php
- M PF.Base/module/feed/include/service/callback.class.php
- M PF.Base/module/feed/include/service/feed.class.php
- M PF.Base/module/feed/include/service/hide.class.php
- M PF.Base/module/feed/include/service/process.class.php
- M PF.Base/module/feed/install/phpfox.xml.php
- M PF.Base/module/feed/static/jscript/tag-friends.js
- M PF.Base/module/feed/template/default/block/checkin.html.php
- M PF.Base/module/feed/template/default/block/content.html.php
- M PF.Base/module/feed/template/default/block/edit-user-status.html.php
- M PF.Base/module/feed/template/default/block/entry.html.php
- M PF.Base/module/feed/template/default/block/focus.html.php
- M PF.Base/module/feed/template/default/block/form.html.php
- M PF.Base/module/feed/template/default/block/link.html.php
- M PF.Base/module/feed/template/default/block/loaddates.html.php
- M PF.Base/module/feed/template/default/block/manage-hidden.html.php
- M PF.Base/module/feed/template/default/block/rating.html.php
- M PF.Base/module/feed/template/default/block/share.html.php
- M PF.Base/module/friend/include/component/ajax/ajax.class.php
- M PF.Base/module/friend/include/component/block/accept.class.php
- M PF.Base/module/friend/include/component/block/list/edit-name.class.php
- M PF.Base/module/friend/include/component/block/list/list.class.php
- M PF.Base/module/friend/include/component/block/mini.class.php
- M PF.Base/module/friend/include/component/block/mutual-browse.class.php
- M PF.Base/module/friend/include/component/block/mutual-friend.class.php
- M PF.Base/module/friend/include/component/block/profile/small.class.php
- M PF.Base/module/friend/include/component/block/remove.class.php
- M PF.Base/module/friend/include/component/block/request.class.php
- M PF.Base/module/friend/include/component/block/search.class.php
- M PF.Base/module/friend/include/component/block/suggestion.class.php
- M PF.Base/module/friend/include/component/controller/accept.class.php
- M PF.Base/module/friend/include/component/controller/admincp/index.class.php
- M PF.Base/module/friend/include/component/controller/index.class.php
- M PF.Base/module/friend/include/component/controller/invoice.class.php
- M PF.Base/module/friend/include/component/controller/mybirthday.class.php
- M PF.Base/module/friend/include/component/controller/pending.class.php
- M PF.Base/module/friend/include/component/controller/request.class.php
- M PF.Base/module/friend/include/component/controller/suggestion.class.php
- M PF.Base/module/friend/include/phpfox.class.php
- M PF.Base/module/friend/include/service/callback.class.php
- M PF.Base/module/friend/include/service/friend.class.php
- M PF.Base/module/friend/include/service/list/list.class.php
- M PF.Base/module/friend/include/service/list/process.class.php
- M PF.Base/module/friend/include/service/process.class.php
- M PF.Base/module/friend/include/service/request/process.class.php
- M PF.Base/module/friend/include/service/request/request.class.php
- M PF.Base/module/friend/include/service/suggestion.class.php
- M PF.Base/module/friend/template/default/block/feed.html.php
- M PF.Base/module/friend/template/default/block/list/edit-name.html.php
- M PF.Base/module/friend/template/default/block/list/list.html.php
- M PF.Base/module/friend/template/default/block/mutual-friend.html.php
- M PF.Base/module/friend/template/default/block/profile/small.html.php
- M PF.Base/module/friend/template/default/block/remove.html.php
- M PF.Base/module/friend/template/default/block/request.html.php
- M PF.Base/module/friend/template/default/block/suggestion.html.php
- M PF.Base/module/friend/template/default/controller/accept.html.php
- M PF.Base/module/friend/template/default/controller/index.html.php
- M PF.Base/module/friend/template/default/controller/invoice.html.php
- M PF.Base/module/friend/template/default/controller/mybirthday.html.php
- M PF.Base/module/friend/template/default/controller/pending.html.php
- M PF.Base/module/friend/template/default/controller/request.html.php
- M PF.Base/module/friend/template/default/controller/suggestion.html.php
- M PF.Base/module/invite/include/component/ajax/ajax.class.php
- M PF.Base/module/invite/include/component/block/find.class.php
- M PF.Base/module/invite/include/component/controller/admincp/index.class.php
- M PF.Base/module/invite/include/component/controller/invitations.class.php
- M PF.Base/module/invite/include/phpfox.class.php
- M PF.Base/module/invite/include/service/callback.class.php
- M PF.Base/module/invite/include/service/invite.class.php
- M PF.Base/module/invite/include/service/process.class.php
- M PF.Base/module/invite/template/default/block/find.html.php
- M PF.Base/module/invite/template/default/controller/invitations.html.php
- M PF.Base/module/language/include/component/ajax/ajax.class.php
- M PF.Base/module/language/include/component/block/admincp/email.class.php
- M PF.Base/module/language/include/component/block/admincp/form.class.php
- M PF.Base/module/language/include/component/block/admincp/multiple.class.php
- M PF.Base/module/language/include/component/block/sample.class.php
- M PF.Base/module/language/include/component/block/select.class.php
- M PF.Base/module/language/include/component/controller/admincp/add.class.php
- M PF.Base/module/language/include/component/controller/admincp/file.class.php
- M PF.Base/module/language/include/component/controller/admincp/import.class.php
- M PF.Base/module/language/include/component/controller/admincp/index.class.php
- M PF.Base/module/language/include/component/controller/admincp/missing.class.php
- M PF.Base/module/language/include/component/controller/admincp/phrase/phrase.class.php
- M PF.Base/module/language/include/phpfox.class.php
- M PF.Base/module/language/include/service/callback.class.php
- M PF.Base/module/language/include/service/language.class.php
- M PF.Base/module/language/include/service/phrase/phrase.class.php
- M PF.Base/module/language/include/service/process.class.php
- M PF.Base/module/language/template/default/block/admincp/email.html.php
- M PF.Base/module/language/template/default/block/admincp/form.html.php
- M PF.Base/module/language/template/default/block/select.html.php
- M PF.Base/module/language/template/default/controller/admincp/add.html.php
- M PF.Base/module/language/template/default/controller/admincp/file.html.php
- M PF.Base/module/language/template/default/controller/admincp/import.html.php
- M PF.Base/module/language/template/default/controller/admincp/phrase/add.html.php
- M PF.Base/module/language/template/default/controller/admincp/phrase/phrase.html.php
- M PF.Base/module/like/include/component/ajax/ajax.class.php
- M PF.Base/module/like/include/component/block/browse.class.php
- M PF.Base/module/like/include/phpfox.class.php
- M PF.Base/module/like/include/service/callback.class.php
- M PF.Base/module/like/include/service/like.class.php
- M PF.Base/module/like/include/service/process.class.php
- M PF.Base/module/link/include/component/ajax/ajax.class.php
- M PF.Base/module/link/include/component/block/attach.class.php
- M PF.Base/module/link/include/component/block/display.class.php
- M PF.Base/module/link/include/component/block/preview.class.php
- M PF.Base/module/link/include/component/controller/index.class.php
- M PF.Base/module/link/include/phpfox.class.php
- M PF.Base/module/link/include/service/callback.class.php
- M PF.Base/module/link/include/service/link.class.php
- M PF.Base/module/link/include/service/process.class.php
- M PF.Base/module/link/template/default/block/attach.html.php
- M PF.Base/module/link/template/default/block/display.html.php
- M PF.Base/module/link/template/default/block/preview.html.php
- M PF.Base/module/link/template/default/controller/index.html.php
- M PF.Base/module/log/include/component/block/login.class.php
- M PF.Base/module/log/include/phpfox.class.php
- M PF.Base/module/log/include/service/log.class.php
- M PF.Base/module/log/include/service/session.class.php
- M PF.Base/module/notification/include/component/ajax/ajax.class.php
- M PF.Base/module/notification/include/component/block/feed.class.php
- M PF.Base/module/notification/include/component/block/link.class.php
- M PF.Base/module/notification/include/component/controller/admincp/index.class.php
- M PF.Base/module/notification/include/component/controller/index.class.php
- M PF.Base/module/notification/include/phpfox.class.php
- M PF.Base/module/notification/include/service/callback.class.php
- M PF.Base/module/notification/include/service/notification.class.php
- M PF.Base/module/notification/include/service/process.class.php
- M PF.Base/module/notification/template/default/block/entry.html.php
- M PF.Base/module/notification/template/default/block/feed.html.php
- M PF.Base/module/notification/template/default/block/link.html.php
- M PF.Base/module/notification/template/default/controller/index.html.php
- M PF.Base/module/page/include/component/ajax/admincp/ajax.class.php
- M PF.Base/module/page/include/component/ajax/ajax.class.php
- M PF.Base/module/page/include/component/block/view.class.php
- M PF.Base/module/page/include/component/controller/admincp/index.class.php
- M PF.Base/module/page/include/component/controller/view.class.php
- M PF.Base/module/page/include/phpfox.class.php
- M PF.Base/module/page/include/service/callback.class.php
- M PF.Base/module/page/include/service/log/process.class.php
- M PF.Base/module/page/include/service/page.class.php
- M PF.Base/module/page/include/service/process.class.php
- M PF.Base/module/page/template/default/block/view.html.php
- M PF.Base/module/page/template/default/controller/admincp/index.html.php
- M PF.Base/module/page/template/default/controller/view.html.php
- M PF.Base/module/privacy/include/component/ajax/ajax.class.php
- M PF.Base/module/privacy/include/component/block/build.class.php
- M PF.Base/module/privacy/include/component/block/form.class.php
- M PF.Base/module/privacy/include/component/block/friend.class.php
- M PF.Base/module/privacy/include/component/block/list.class.php
- M PF.Base/module/privacy/include/component/controller/invalid.class.php
- M PF.Base/module/privacy/include/phpfox.class.php
- M PF.Base/module/privacy/include/service/callback.class.php
- M PF.Base/module/privacy/include/service/privacy.class.php
- M PF.Base/module/privacy/include/service/process.class.php
- M PF.Base/module/privacy/template/default/block/build.html.php
- M PF.Base/module/privacy/template/default/block/form.html.php
- M PF.Base/module/privacy/template/default/block/list.html.php
- M PF.Base/module/privacy/template/default/controller/invalid.html.php
- M PF.Base/module/report/include/component/ajax/ajax.class.php
- M PF.Base/module/report/include/component/block/add.class.php
- M PF.Base/module/report/include/component/block/browse.class.php
- M PF.Base/module/report/include/component/block/profile.class.php
- M PF.Base/module/report/include/component/controller/admincp/add.class.php
- M PF.Base/module/report/include/component/controller/admincp/category.class.php
- M PF.Base/module/report/include/phpfox.class.php
- M PF.Base/module/report/include/service/callback.class.php
- M PF.Base/module/report/include/service/data/data.class.php
- M PF.Base/module/report/include/service/data/process.class.php
- M PF.Base/module/report/include/service/process.class.php
- M PF.Base/module/report/include/service/report.class.php
- M PF.Base/module/report/template/default/block/add.html.php
- M PF.Base/module/report/template/default/block/profile.html.php
- M PF.Base/module/report/template/default/controller/admincp/add.html.php
- M PF.Base/module/report/template/default/controller/admincp/index.html.php
- M PF.Base/module/request/include/phpfox.class.php
- M PF.Base/module/request/include/service/callback.class.php
- M PF.Base/module/request/include/service/process.class.php
- M PF.Base/module/request/include/service/request.class.php
- M PF.Base/module/share/include/component/ajax/ajax.class.php
- M PF.Base/module/share/include/component/block/frame.class.php
- M PF.Base/module/share/include/component/block/friend.class.php
- M PF.Base/module/share/include/component/block/link.class.php
- M PF.Base/module/share/include/component/controller/admincp/index.class.php
- M PF.Base/module/share/include/phpfox.class.php
- M PF.Base/module/share/include/service/callback.class.php
- M PF.Base/module/share/template/default/block/frame.html.php
- M PF.Base/module/share/template/default/block/friend.html.php
- M PF.Base/module/tag/include/component/controller/admincp/index.class.php
- M PF.Base/module/tag/include/service/callback.class.php
- M PF.Base/module/theme/include/component/ajax/ajax.class.php
- M PF.Base/module/theme/include/component/controller/admincp/index.class.php
- M PF.Base/module/theme/include/component/controller/sample.class.php
- M PF.Base/module/theme/include/phpfox.class.php
- M PF.Base/module/theme/include/service/theme.class.php
- M PF.Base/module/theme/template/default/controller/sample.html.php
- M PF.Base/module/track/include/component/ajax/ajax.class.php
- M PF.Base/module/track/include/component/block/recent-views.class.php
- M PF.Base/module/track/include/component/controller/admincp/index.class.php
- M PF.Base/module/track/include/phpfox.class.php
- M PF.Base/module/track/include/service/callback.class.php
- M PF.Base/module/track/include/service/process.class.php
- M PF.Base/module/track/include/service/track.class.php
- M PF.Base/module/track/template/default/block/recent-views.html.php
- M PF.Base/module/user/include/component/ajax/ajax.class.php
- M PF.Base/module/user/include/component/block/listing-item.class.php
- M PF.Base/module/user/include/component/block/profile-photo.class.php
- M PF.Base/module/user/include/component/block/tooltip.class.php
- M PF.Base/module/user/include/component/controller/admincp/add.class.php
- M PF.Base/module/user/include/component/controller/export.class.php
- M PF.Base/module/user/include/service/activity.class.php
- M PF.Base/module/user/include/service/auth.class.php
- M PF.Base/module/user/include/service/callback.class.php
- M PF.Base/module/user/include/service/export.class.php
- M PF.Base/module/user/include/service/process.class.php
- M PF.Base/module/user/include/service/verify/process.class.php
- M PF.Base/module/user/install/version/install.xml.php
- M PF.Base/module/user/template/default/block/friendship.html.php
- M PF.Base/module/user/template/default/block/register/step1.html.php
- M PF.Base/module/user/template/default/controller/lost-password.html.php
- M PF.Base/static/jscript/user_info.js
- M PF.Base/theme/adminpanel/default/style/default/css/layout.css
- M PF.Base/theme/adminpanel/default/style/default/css/layout.less
- M PF.Base/theme/adminpanel/default/template/block.html.php
- M PF.Base/theme/frontend/default/style/default/css/selectize.css
- M PF.Base/theme/frontend/default/template/inline-search.html.php
- M PF.Base/theme/install/default/style/default/jscript/installer.js
- M PF.Base/theme/install/default/template/account.html.php
- M PF.Base/theme/install/default/template/final.html.php
- M PF.Base/theme/install/default/template/ftp.html.php
- M PF.Base/theme/install/default/template/getdefault.html.php
- M PF.Site/Apps/core-flavors/Install.php
- M PF.Site/Apps/core/Install.php
- M PF.Site/Apps/core/phrase.json
- M PF.Site/Apps/core/start.php
- M PF.Src/Core/App/App.php
- M PF.Src/Core/App/Install/Database/Field.php
- M PF.Src/Core/App/Install/Database/Table.php
- M PF.Src/Core/App/Install/Phrase/Phrase.php
- M PF.Src/Core/App/Install/Setting/Groups.php
- M PF.Src/Core/App/Install/Setting/Site.php
- M PF.Src/Core/App/Migrate.php
- M PF.Src/Core/Installation/Key.php
- M PF.Src/Core/Installation/Sftp.php
- M PF.Src/Core/Language/Language.php
- M PF.Src/Core/Lib.php
- M PF.Src/Core/Theme/Objects.php
