M	PF.Base/composer.json
M	PF.Base/include/checksum/md5
M	PF.Base/include/class_map.config.php
M	PF.Base/include/init.inc.php
M	PF.Base/include/library/phpfox/cache/abstract.class.php
M	PF.Base/include/library/phpfox/cache/cache.class.php
M	PF.Base/include/library/phpfox/cache/interface.class.php
M	PF.Base/include/library/phpfox/cache/storage/driver.class.php
D	PF.Base/include/library/phpfox/cache/storage/file.class.php
M	PF.Base/include/library/phpfox/cron/cron.class.php
M	PF.Base/include/library/phpfox/database/driver/mysql.class.php
M	PF.Base/include/library/phpfox/date/date.class.php
M	PF.Base/include/library/phpfox/error/error.class.php
M	PF.Base/include/library/phpfox/image/helper.class.php
M	PF.Base/include/library/phpfox/locale/locale.class.php
M	PF.Base/include/library/phpfox/mail/mail.class.php
M	PF.Base/include/library/phpfox/module/component.class.php
M	PF.Base/include/library/phpfox/module/module.class.php
M	PF.Base/include/library/phpfox/module/service.class.php
M	PF.Base/include/library/phpfox/pages/browse.class.php
M	PF.Base/include/library/phpfox/pages/callback.class.php
M	PF.Base/include/library/phpfox/pages/category.class.php
M	PF.Base/include/library/phpfox/pages/facade.class.php
M	PF.Base/include/library/phpfox/pages/pages.class.php
M	PF.Base/include/library/phpfox/pages/process.class.php
M	PF.Base/include/library/phpfox/pages/type.class.php
M	PF.Base/include/library/phpfox/parse/input.class.php
M	PF.Base/include/library/phpfox/parse/output.class.php
M	PF.Base/include/library/phpfox/phpfox/phpfox.class.php
M	PF.Base/include/library/phpfox/plugin/plugin.class.php
M	PF.Base/include/library/phpfox/setting/setting.class.php
M	PF.Base/include/library/phpfox/template/cache.class.php
M	PF.Base/include/library/phpfox/template/template.class.php
M	PF.Base/include/library/phpfox/url/url.class.php
M	PF.Base/include/package.config.php
M	PF.Base/include/setting/constant.sett.php
M	PF.Base/include/setting/security.sett.php.new
M	PF.Base/include/setting/validator.sett.php
M	PF.Base/install/include/app.default.php
M	PF.Base/install/include/installer.class.php
M	PF.Base/install/include/version.php
M	PF.Base/install/include/version/4.5.3.php
M	PF.Base/install/include/version/4.6.0-beta1.php
M	PF.Base/install/include/version/4.6.0-rc1.php
A	PF.Base/install/include/version/4.7.0.php
M	PF.Base/install/index.php
M	PF.Base/less/base/blocks.less
M	PF.Base/less/base/common.less
M	PF.Base/less/base/layout.less
M	PF.Base/less/base/pager.less
M	PF.Base/less/customize.less
M	PF.Base/less/modules.less
M	PF.Base/less/modules/friend.less
D	PF.Base/less/modules/mail.less
M	PF.Base/less/modules/profile.less
M	PF.Base/module/admincp/include/component/ajax/ajax.class.php
M	PF.Base/module/admincp/include/component/block/stat.class.php
A	PF.Base/module/admincp/include/component/controller/alert/badge.class.php
M	PF.Base/module/admincp/include/component/controller/alert/index.class.php
A	PF.Base/module/admincp/include/component/controller/apps/ajax.class.php
M	PF.Base/module/admincp/include/component/controller/apps/index.class.php
M	PF.Base/module/admincp/include/component/controller/cron/index.class.php
M	PF.Base/module/admincp/include/component/controller/index.class.php
M	PF.Base/module/admincp/include/component/controller/maintain/cache.class.php
M	PF.Base/module/admincp/include/component/controller/setting/edit.class.php
A	PF.Base/module/admincp/include/component/controller/setting/timezone.class.php
A	PF.Base/module/admincp/include/component/controller/stat/dashboard.class.php
M	PF.Base/module/admincp/include/component/controller/store/ftp.class.php
M	PF.Base/module/admincp/include/service/admincp.class.php
M	PF.Base/module/admincp/include/service/block/block.class.php
M	PF.Base/module/admincp/include/service/component/component.class.php
M	PF.Base/module/admincp/include/service/cron/process.class.php
M	PF.Base/module/admincp/include/service/maintain/deletefiles.class.php
M	PF.Base/module/admincp/include/service/menu/menu.class.php
M	PF.Base/module/admincp/include/service/module/module.class.php
M	PF.Base/module/admincp/include/service/module/process.class.php
M	PF.Base/module/admincp/include/service/product/product.class.php
M	PF.Base/module/admincp/include/service/seo/seo.class.php
M	PF.Base/module/admincp/include/service/setting/process.class.php
M	PF.Base/module/admincp/include/service/setting/setting.class.php
M	PF.Base/module/admincp/include/service/sidebar.class.php
M	PF.Base/module/admincp/template/default/block/stat.html.php
A	PF.Base/module/admincp/template/default/controller/alert/badge.html.php
M	PF.Base/module/admincp/template/default/controller/app/index.html.php
A	PF.Base/module/admincp/template/default/controller/apps/ajax.html.php
M	PF.Base/module/admincp/template/default/controller/apps/index.html.php
M	PF.Base/module/admincp/template/default/controller/cron/index.html.php
M	PF.Base/module/admincp/template/default/controller/setting/license.html.php
A	PF.Base/module/admincp/template/default/controller/setting/timezone.html.php
A	PF.Base/module/admincp/template/default/controller/stat/dashboard.html.php
M	PF.Base/module/api/include/component/ajax/ajax.class.php
M	PF.Base/module/api/include/service/gateway/gateway.class.php
M	PF.Base/module/api/install/phpfox.xml.php
M	PF.Base/module/api/template/default/block/gateway/form.html.php
M	PF.Base/module/attachment/include/component/controller/download.class.php
M	PF.Base/module/attachment/include/service/attachment.class.php
M	PF.Base/module/attachment/include/service/type.class.php
M	PF.Base/module/attachment/install/phpfox.xml.php
M	PF.Base/module/ban/include/service/ban.class.php
M	PF.Base/module/ban/include/service/process.class.php
M	PF.Base/module/ban/include/service/word.class.php
M	PF.Base/module/comment/include/component/ajax/ajax.class.php
M	PF.Base/module/comment/include/service/comment.class.php
M	PF.Base/module/comment/include/service/process.class.php
M	PF.Base/module/comment/install/phpfox.xml.php
M	PF.Base/module/contact/include/service/contact.class.php
M	PF.Base/module/contact/include/service/process.class.php
D	PF.Base/module/core/include/component/block/activity.class.php
M	PF.Base/module/core/include/component/block/country-child.class.php
M	PF.Base/module/core/include/component/block/giftpoints.class.php
D	PF.Base/module/core/include/component/block/info.class.php
M	PF.Base/module/core/include/component/block/news-slide.class.php
M	PF.Base/module/core/include/component/block/site-stat.class.php
M	PF.Base/module/core/include/component/controller/index-visitor.class.php
A	PF.Base/module/core/include/component/controller/news.class.php
A	PF.Base/module/core/include/component/controller/site-stat.class.php
M	PF.Base/module/core/include/plugin/bundle__start.php
A	PF.Base/module/core/include/plugin/validator.admincp_settings_group_mail.php
M	PF.Base/module/core/include/service/admincp/admincp.class.php
M	PF.Base/module/core/include/service/callback.class.php
M	PF.Base/module/core/include/service/category/category.class.php
M	PF.Base/module/core/include/service/core.class.php
M	PF.Base/module/core/include/service/country/country.class.php
M	PF.Base/module/core/include/service/currency/currency.class.php
M	PF.Base/module/core/include/service/process.class.php
M	PF.Base/module/core/include/service/stat/stat.class.php
M	PF.Base/module/core/include/service/systems/category/category.class.php
M	PF.Base/module/core/install/phpfox.xml.php
M	PF.Base/module/core/install/version/3.4.0beta1.xml.php
M	PF.Base/module/core/install/version/4.2.0.xml.php
D	PF.Base/module/core/template/default/block/activity.html.php
D	PF.Base/module/core/template/default/block/info.html.php
M	PF.Base/module/core/template/default/block/news-slide.html.php
M	PF.Base/module/core/template/default/block/news.html.php
M	PF.Base/module/core/template/default/block/site-stat.html.php
M	PF.Base/module/core/template/default/block/template-menu-list.html.php
M	PF.Base/module/core/template/default/block/template-notification-sm.html.php
M	PF.Base/module/core/template/default/block/template-notification-xs.html.php
M	PF.Base/module/core/template/default/block/template-notification.html.php
M	PF.Base/module/core/template/default/block/view-admincp-login.html.php
A	PF.Base/module/core/template/default/controller/news.html.php
A	PF.Base/module/core/template/default/controller/site-stat.html.php
M	PF.Base/module/custom/include/component/ajax/ajax.class.php
M	PF.Base/module/custom/include/service/callback.class.php
M	PF.Base/module/custom/include/service/custom.class.php
M	PF.Base/module/custom/include/service/relation/process.class.php
M	PF.Base/module/custom/include/service/relation/relation.class.php
M	PF.Base/module/custom/template/default/controller/admincp/add.html.php
M	PF.Base/module/custom/template/default/controller/admincp/index.html.php
M	PF.Base/module/feed/include/component/ajax/ajax.class.php
M	PF.Base/module/feed/include/component/block/display.class.php
M	PF.Base/module/feed/include/component/block/mini.class.php
M	PF.Base/module/feed/include/component/controller/comments.class.php
M	PF.Base/module/feed/include/service/block.class.php
M	PF.Base/module/feed/include/service/callback.class.php
M	PF.Base/module/feed/include/service/feed.class.php
M	PF.Base/module/feed/include/service/process.class.php
M	PF.Base/module/feed/install/phpfox.xml.php
M	PF.Base/module/feed/static/jscript/feed.js
M	PF.Base/module/feed/template/default/block/comment.html.php
M	PF.Base/module/feed/template/default/block/display.html.php
M	PF.Base/module/feed/template/default/block/focus-tagged.html.php
M	PF.Base/module/feed/template/default/block/focus.html.php
M	PF.Base/module/feed/template/default/block/form.html.php
M	PF.Base/module/feed/template/default/block/mini.html.php
M	PF.Base/module/friend/include/component/ajax/ajax.class.php
A	PF.Base/module/friend/include/component/block/list/add-friend.class.php
M	PF.Base/module/friend/include/component/block/mini.class.php
M	PF.Base/module/friend/include/component/block/search.class.php
M	PF.Base/module/friend/include/component/controller/index.class.php
M	PF.Base/module/friend/include/component/controller/profile.class.php
M	PF.Base/module/friend/include/service/callback.class.php
M	PF.Base/module/friend/include/service/friend.class.php
M	PF.Base/module/friend/include/service/list/list.class.php
M	PF.Base/module/friend/include/service/list/process.class.php
M	PF.Base/module/friend/include/service/process.class.php
M	PF.Base/module/friend/include/service/suggestion.class.php
M	PF.Base/module/friend/static/jscript/friend.js
A	PF.Base/module/friend/template/default/block/list/add-friend.html.php
M	PF.Base/module/invite/include/component/controller/index.class.php
M	PF.Base/module/invite/include/service/process.class.php
M	PF.Base/module/invite/template/default/controller/index.html.php
M	PF.Base/module/language/include/service/language.class.php
M	PF.Base/module/like/include/component/ajax/ajax.class.php
M	PF.Base/module/like/include/service/like.class.php
M	PF.Base/module/like/include/service/process.class.php
M	PF.Base/module/like/install/phpfox.xml.php
M	PF.Base/module/like/template/default/block/link.html.php
M	PF.Base/module/link/include/component/ajax/ajax.class.php
M	PF.Base/module/link/include/component/controller/index.class.php
M	PF.Base/module/link/include/service/callback.class.php
M	PF.Base/module/link/include/service/link.class.php
M	PF.Base/module/link/include/service/process.class.php
M	PF.Base/module/log/include/service/log.class.php
M	PF.Base/module/log/include/service/session.class.php
M	PF.Base/module/log/install/phpfox.xml.php
D	PF.Base/module/mail/*
M	PF.Base/module/notification/include/component/ajax/ajax.class.php
M	PF.Base/module/notification/template/default/controller/index.html.php
M	PF.Base/module/notification/template/default/controller/panel.html.php
M	PF.Base/module/page/include/service/page.class.php
M	PF.Base/module/privacy/include/service/privacy.class.php
M	PF.Base/module/profile/include/component/ajax/ajax.class.php
M	PF.Base/module/profile/include/component/block/info.class.php
M	PF.Base/module/profile/include/component/block/pic.class.php
M	PF.Base/module/profile/include/component/controller/index.class.php
D	PF.Base/module/profile/include/component/controller/points.class.php
A	PF.Base/module/profile/include/component/controller/statistics.class.php
M	PF.Base/module/profile/include/service/process.class.php
M	PF.Base/module/profile/include/service/profile.class.php
M	PF.Base/module/profile/template/default/block/info.html.php
M	PF.Base/module/profile/template/default/block/pic.html.php
D	PF.Base/module/profile/template/default/controller/points.html.php
M	PF.Base/module/profile/template/default/controller/private.html.php
A	PF.Base/module/profile/template/default/controller/statistics.html.php
M	PF.Base/module/report/include/component/ajax/ajax.class.php
M	PF.Base/module/report/include/component/controller/admincp/category.class.php
M	PF.Base/module/report/include/component/controller/admincp/index.class.php
M	PF.Base/module/report/include/service/data/process.class.php
M	PF.Base/module/report/include/service/process.class.php
M	PF.Base/module/report/include/service/report.class.php
M	PF.Base/module/report/install/phpfox.xml.php
M	PF.Base/module/report/template/default/block/browse.html.php
M	PF.Base/module/report/template/default/controller/admincp/category.html.php
M	PF.Base/module/report/template/default/controller/admincp/index.html.php
M	PF.Base/module/search/include/component/controller/index.class.php
M	PF.Base/module/search/template/default/controller/index.html.php
M	PF.Base/module/share/include/component/ajax/ajax.class.php
M	PF.Base/module/share/template/default/block/link.html.php
M	PF.Base/module/tag/include/service/tag.class.php
M	PF.Base/module/theme/include/service/style/style.class.php
M	PF.Base/module/theme/include/service/theme.class.php
M	PF.Base/module/user/include/component/ajax/ajax.class.php
M	PF.Base/module/user/include/component/block/admincp/statistics.class.php
M	PF.Base/module/user/include/component/block/featured.class.php
M	PF.Base/module/user/include/component/block/info.class.php
M	PF.Base/module/user/include/component/block/listing-item.class.php
D	PF.Base/module/user/include/component/block/processpoints.class.php
D	PF.Base/module/user/include/component/block/purchasepoints.class.php
M	PF.Base/module/user/include/component/block/status.class.php
M	PF.Base/module/user/include/component/block/tooltip.class.php
M	PF.Base/module/user/include/component/controller/admincp/add.class.php
D	PF.Base/module/user/include/component/controller/admincp/group/activitypoints.class.php
M	PF.Base/module/user/include/component/controller/browse.class.php
D	PF.Base/module/user/include/component/controller/completepoints.class.php
M	PF.Base/module/user/include/component/controller/photo.class.php
M	PF.Base/module/user/include/component/controller/privacy.class.php
A	PF.Base/module/user/include/component/controller/profile-menu-setting.class.php
M	PF.Base/module/user/include/component/controller/promotion.class.php
M	PF.Base/module/user/include/component/controller/register.class.php
M	PF.Base/module/user/include/component/controller/setting.class.php
A	PF.Base/module/user/include/plugin/core.template_block_notification_dropdown_menu.php
A	PF.Base/module/user/include/plugin/template_template_getmenu_3.php
M	PF.Base/module/user/include/service/activity.class.php
M	PF.Base/module/user/include/service/api.class.php
M	PF.Base/module/user/include/service/auth.class.php
M	PF.Base/module/user/include/service/block/block.class.php
M	PF.Base/module/user/include/service/browse.class.php
M	PF.Base/module/user/include/service/callback.class.php
M	PF.Base/module/user/include/service/featured/featured.class.php
M	PF.Base/module/user/include/service/group/setting/process.class.php
M	PF.Base/module/user/include/service/group/setting/setting.class.php
M	PF.Base/module/user/include/service/privacy/privacy.class.php
M	PF.Base/module/user/include/service/process.class.php
M	PF.Base/module/user/include/service/promotion/promotion.class.php
M	PF.Base/module/user/include/service/user.class.php
M	PF.Base/module/user/include/service/verify/process.class.php
M	PF.Base/module/user/install/phpfox.xml.php
M	PF.Base/module/user/install/version/3.1.0beta1.xml.php
M	PF.Base/module/user/install/version/3.4.0beta1.xml.php
M	PF.Base/module/user/install/version/3.4.0rc1.xml.php
M	PF.Base/module/user/install/version/3.5.0beta1.xml.php
M	PF.Base/module/user/template/default/block/admincp/statistics.html.php
M	PF.Base/module/user/template/default/block/listing-item.html.php
M	PF.Base/module/user/template/default/block/login-ajax.html.php
M	PF.Base/module/user/template/default/block/login-block.html.php
M	PF.Base/module/user/template/default/block/privacy-profile.html.php
D	PF.Base/module/user/template/default/block/processpoints.html.php
D	PF.Base/module/user/template/default/block/purchasepoints.html.php
M	PF.Base/module/user/template/default/block/register/step1.html.php
M	PF.Base/module/user/template/default/block/status.html.php
M	PF.Base/module/user/template/default/block/tooltip.html.php
M	PF.Base/module/user/template/default/block/user_entry_admin.html.php
M	PF.Base/module/user/template/default/controller/admincp/add.html.php
D	PF.Base/module/user/template/default/controller/admincp/group/activitypoints.html.php
M	PF.Base/module/user/template/default/controller/admincp/group/index.html.php
D	PF.Base/module/user/template/default/controller/completepoints.html.php
M	PF.Base/module/user/template/default/controller/login.html.php
M	PF.Base/module/user/template/default/controller/privacy.html.php
A	PF.Base/module/user/template/default/controller/profile-menu-setting.html.php
M	PF.Base/module/user/template/default/controller/promotion.html.php
M	PF.Base/module/user/template/default/controller/register.html.php
M	PF.Base/module/user/template/default/controller/setting.html.php
M	PF.Base/start.php
M	PF.Base/static/jscript/admin.js
M	PF.Base/static/jscript/ajax.js
M	PF.Base/static/jscript/main.js
M	PF.Base/theme/adminpanel/default/style/default/css/layout.css
M	PF.Base/theme/adminpanel/default/style/default/css/layout.less
M	PF.Base/theme/adminpanel/default/style/default/jscript/menu.js
M	PF.Base/theme/adminpanel/default/style/default/less/modules/theme.less
M	PF.Base/theme/adminpanel/default/template/template.html.php
M	PF.Base/theme/default/flavor/default.css
M	PF.Base/theme/frontend/default/style/default/css/layout.css
M	PF.Base/theme/frontend/default/style/default/css/layout.less
D	PF.Base/theme/frontend/default/style/default/image/*
M	PF.Base/theme/frontend/default/style/default/jscript/main.js
M	PF.Base/theme/frontend/default/template/email.html.php
M	PF.Base/theme/frontend/default/template/pager.html.php
M	PF.Base/theme/install/default/style/default/jscript/installer.js
M	PF.Base/vendor/autoload.php
M	PF.Base/vendor/aws/aws-sdk-php/src/*
D	PF.Base/vendor/bin/phpunit
M	PF.Base/vendor/composer/*
M	PF.Base/vendor/dereuromark/*
D	PF.Base/vendor/doctrine/*
M	PF.Base/vendor/filp/*
D	PF.Base/vendor/fzaninotto/*
M	PF.Base/vendor/guzzlehttp/*
M	PF.Base/vendor/matthiasmullie/*
D	PF.Base/vendor/myclabs/*
D	PF.Base/vendor/phpdocumentor/*
M	PF.Base/vendor/phpfastcache/*
M	PF.Base/vendor/phpseclib/*
D	PF.Base/vendor/phpspec/*
D	PF.Base/vendor/phpunit/*
A	PF.Base/vendor/psr/*
D	PF.Base/vendor/sebastian/*
A	PF.Base/vendor/symfony/polyfill-ctype/*
M	PF.Base/vendor/symfony/polyfill-iconv/*
M	PF.Base/vendor/symfony/polyfill-intl-normalizer/*
D	PF.Base/vendor/symfony/yaml/*
M	PF.Base/vendor/twig/twig/*
D	PF.Base/vendor/webmozart/*
M	PF.Site/Apps/core-flavors/assets/autoload.css
M	PF.Site/Apps/core-flavors/assets/autoload.js
M	PF.Site/Apps/core-flavors/assets/autoload.less
D	PF.Site/Apps/core-flavors/hooks/check_url_is_array.php
M	PF.Site/Apps/core-flavors/start.php
M	PF.Site/Apps/core-flavors/views/manage.html
D	PF.Site/Apps/core-flavors/views/merge.html
M	PF.Site/Apps/core/Install.php
M	PF.Site/Apps/core/Installation/Database/Currency.php
M	PF.Site/Apps/core/Installation/Database/Feed_Tag_Data.php
A	PF.Site/Apps/core/Installation/Database/Timezone_Setting.php
M	PF.Site/Apps/core/phrase.json
M	PF.Site/Apps/core/start.php
M	PF.Src/Api/Message.php
M	PF.Src/Api/Message/Thread.php
M	PF.Src/Api/User.php
M	PF.Src/Api/User/Objects.php
M	PF.Src/Core/App.php
M	PF.Src/Core/App/App.php
M	PF.Src/Core/Controller.php
A	PF.Src/Core/Engine.php
M	PF.Src/Core/ErrorHandler.php
M	PF.Src/Core/Event.php
M	PF.Src/Core/Flavor/Flavor.php
D	PF.Src/Core/HTTP/*
M	PF.Src/Core/Installation/Manager.php
D	PF.Src/Core/Installation/Ssh2.php
M	PF.Src/Core/Lib.php
M	PF.Src/Core/Objectify.php
M	PF.Src/Core/Phrase.php
M	PF.Src/Core/Redis.php
M	PF.Src/Core/Route.php
M	PF.Src/Core/Route/Controller.php
M	PF.Src/Core/Route/RouteUrl.php
M	PF.Src/Core/Setting.php
M	PF.Src/Core/Theme.php
M	PF.Src/Core/Theme/Design.php
M	PF.Src/Core/Theme/HTML.php
M	PF.Src/Core/Theme/Objects.php
M	PF.Src/Core/User/Setting.php
M	PF.Src/Core/View/Loader.php
M	cron.php
