- M PF.Base/composer.json
- M PF.Base/include/init.inc.php
- M PF.Base/include/library/phpfox/cache/cache.class.php
- M PF.Base/include/library/phpfox/cache/storage/driver.class.php
- M PF.Base/include/library/phpfox/database/driver/mysql.class.php
- M PF.Base/include/library/phpfox/gateway/gateway.class.php
- M PF.Base/include/library/phpfox/module/module.class.php
- M PF.Base/include/library/phpfox/phpfox/phpfox.class.php
- M PF.Base/include/library/phpfox/phpfox/support.php
- M PF.Base/include/library/phpfox/setting/setting.class.php
- M PF.Base/include/library/phpfox/spam/spam.class.php
- M PF.Base/include/library/phpfox/template/template.class.php
- M PF.Base/install/include/installer.class.php
- M PF.Base/install/include/version.php
- A PF.Base/install/include/version/4.7.1.php
- M PF.Base/less/base/blocks.less
- M PF.Base/less/base/jquery.less
- M PF.Base/less/base/layout.less
- M PF.Base/less/base/mixins.less
- M PF.Base/less/base/notifications.less
- M PF.Base/less/bootstrap/forms.less
- M PF.Base/less/customize.less
- M PF.Base/less/modules/feed.less
- M PF.Base/less/modules/forum.less
- M PF.Base/module/admincp/include/component/controller/app/index.class.php
- M PF.Base/module/admincp/include/component/controller/checksum/modified.class.php
- M PF.Base/module/admincp/include/component/controller/cron/index.class.php
- M PF.Base/module/admincp/include/component/controller/maintain/cache.class.php
- M PF.Base/module/admincp/include/component/controller/maintain/removefile.class.php
- M PF.Base/module/admincp/include/component/controller/setting/license.class.php
- M PF.Base/module/admincp/include/component/controller/stat/dashboard.class.php
- M PF.Base/module/admincp/include/service/callback.class.php
- M PF.Base/module/admincp/include/service/maintain/deletefiles.class.php
- M PF.Base/module/admincp/include/service/maintain/maintain.class.php
- M PF.Base/module/admincp/include/service/module/process.class.php
- M PF.Base/module/admincp/template/default/block/module/form.html.php
- M PF.Base/module/admincp/template/default/controller/apps/ajax.html.php
- M PF.Base/module/admincp/template/default/controller/block/add.html.php
- M PF.Base/module/admincp/template/default/controller/block/index.html.php
- M PF.Base/module/admincp/template/default/controller/checksum/modified.html.php
- M PF.Base/module/admincp/template/default/controller/checksum/unknown.html.php
- M PF.Base/module/admincp/template/default/controller/menu/add.html.php
- M PF.Base/module/admincp/template/default/controller/menu/index.html.php
- M PF.Base/module/admincp/template/default/controller/setting/edit.html.php
- M PF.Base/module/attachment/template/default/block/item.html.php
- M PF.Base/module/attachment/template/default/block/list.html.php
- M PF.Base/module/ban/include/component/ajax/ajax.class.php
- M PF.Base/module/ban/template/default/controller/admincp/default.html.php
- M PF.Base/module/comment/include/component/ajax/ajax.class.php
- M PF.Base/module/comment/include/service/callback.class.php
- M PF.Base/module/core/include/component/block/template-notification.class.php
- M PF.Base/module/core/include/plugin/bundle__start.php
- M PF.Base/module/core/include/service/callback.class.php
- M PF.Base/module/core/include/service/helper.class.php
- M PF.Base/module/core/static/jscript/country.js
- M PF.Base/module/core/template/default/block/country-build.html.php
- M PF.Base/module/core/template/default/controller/admincp/currency/index.html.php
- M PF.Base/module/core/template/default/controller/admincp/stat.html.php
- M PF.Base/module/core/template/default/controller/index-visitor.html.php
- M PF.Base/module/custom/include/component/ajax/ajax.class.php
- M PF.Base/module/custom/include/service/custom.class.php
- M PF.Base/module/custom/template/default/block/foreachcustom.html.php
- M PF.Base/module/error/include/component/controller/404.class.php
- M PF.Base/module/feed/include/component/ajax/ajax.class.php
- M PF.Base/module/feed/include/component/block/edit-user-status.class.php
- A PF.Base/module/feed/include/component/block/friends-tagged.class.php
- M PF.Base/module/feed/include/component/block/mini.class.php
- A PF.Base/module/feed/include/plugin/feed.template_block_entry_2.php
- M PF.Base/module/feed/include/service/callback.class.php
- M PF.Base/module/feed/include/service/feed.class.php
- M PF.Base/module/feed/include/service/process.class.php
- M PF.Base/module/feed/static/jscript/feed.js
- M PF.Base/module/feed/static/jscript/places.js
- M PF.Base/module/feed/static/jscript/tag-friends.js
- M PF.Base/module/feed/template/default/block/checkin.html.php
- M PF.Base/module/feed/template/default/block/comment.html.php
- M PF.Base/module/feed/template/default/block/content.html.php
- M PF.Base/module/feed/template/default/block/display.html.php
- M PF.Base/module/feed/template/default/block/focus-tagged.html.php
- M PF.Base/module/feed/template/default/block/focus.html.php
- M PF.Base/module/feed/template/default/block/form.html.php
- A PF.Base/module/feed/template/default/block/friends-tagged.html.php
- M PF.Base/module/feed/template/default/block/link.html.php
- M PF.Base/module/feed/template/default/block/mini.html.php
- M PF.Base/module/feed/template/default/block/with-friend.html.php
- M PF.Base/module/like/include/component/ajax/ajax.class.php
- M PF.Base/module/link/include/service/callback.class.php
- M PF.Base/module/link/include/service/link.class.php
- M PF.Base/module/notification/template/default/controller/index.html.php
- M PF.Base/module/page/template/default/controller/admincp/index.html.php
- M PF.Base/module/profile/include/component/block/info.class.php
- M PF.Base/module/profile/include/service/profile.class.php
- M PF.Base/module/report/include/service/report.class.php
- M PF.Base/module/theme/include/service/theme.class.php
- M PF.Base/module/user/include/component/ajax/ajax.class.php
- A PF.Base/module/user/include/component/block/admincp/exportusers.class.php
- A PF.Base/module/user/include/component/block/search.class.php
- M PF.Base/module/user/include/component/block/welcome.class.php
- M PF.Base/module/user/include/component/controller/admincp/browse.class.php
- A PF.Base/module/user/include/component/controller/admincp/exportusers.class.php
- M PF.Base/module/user/include/component/controller/browse.class.php
- M PF.Base/module/user/include/component/controller/profile.class.php
- M PF.Base/module/user/include/service/callback.class.php
- M PF.Base/module/user/include/service/group/setting/process.class.php
- M PF.Base/module/user/include/service/process.class.php
- M PF.Base/module/user/install/phpfox.xml.php
- M PF.Base/module/user/static/css/default/default/main.less
- M PF.Base/module/user/static/jscript/browse.js
- A PF.Base/module/user/static/jscript/gender.js
- A PF.Base/module/user/template/default/block/admincp/exportusers.html.php
- M PF.Base/module/user/template/default/block/admincp/setting.html.php
- M PF.Base/module/user/template/default/block/register/step1.html.php
- A PF.Base/module/user/template/default/block/search.html.php
- M PF.Base/module/user/template/default/block/setting.html.php
- M PF.Base/module/user/template/default/block/user_filter_admin.html.php
- M PF.Base/module/user/template/default/block/welcome.html.php
- A PF.Base/module/user/template/default/controller/admincp/exportusers.html.php
- M PF.Base/module/user/template/default/controller/admincp/group/add.html.php
- M PF.Base/module/user/template/default/controller/login.html.php
- M PF.Base/module/user/template/default/controller/profile.html.php
- M PF.Base/module/user/template/default/controller/promotion.html.php
- M PF.Base/module/user/template/default/controller/register.html.php
- M PF.Base/module/user/template/default/controller/setting.html.php
- M PF.Base/static/jscript/admin.js
- M PF.Base/static/jscript/main.js
- A PF.Base/static/jscript/selectize/selectize.js
- A PF.Base/static/jscript/selectize/selectize.min.js
- M PF.Base/theme/adminpanel/default/style/default/css/layout.css
- M PF.Base/theme/adminpanel/default/style/default/css/layout.less
- M PF.Base/theme/adminpanel/default/template/template.html.php
- M PF.Base/theme/bootstrap/html/layout.html
- M PF.Base/theme/default/flavor/default.css
- M PF.Base/theme/default/html/layout.html
- M PF.Base/theme/frontend/default/style/default/css/jquery.css
- M PF.Base/theme/frontend/default/style/default/css/layout.css
- M PF.Base/theme/frontend/default/style/default/css/layout.less
- A PF.Base/theme/frontend/default/style/default/css/selectize.css
- M PF.Base/theme/frontend/default/style/default/jscript/main.js
- M PF.Base/theme/install/default/style/default/jscript/installer.js
- M PF.Base/theme/install/default/template/account.html.php
- M PF.Base/theme/install/default/template/apps.html.php
- M PF.Site/Apps/core-flavors/assets/autoload.js
- M PF.Site/Apps/core-flavors/flavors/bootstrap.json
- M PF.Site/Apps/core-flavors/hooks/favicon.php
- M PF.Site/Apps/core-flavors/start.php
- M PF.Site/Apps/core/phrase.json
- M PF.Src/Core/App.php
- M PF.Src/Core/Engine.php
- M PF.Src/Core/Flavor/Flavor.php
- M PF.Src/Core/Installation/Manager.php
- M PF.Src/Core/Log/NullLogger.php
- M PF.Src/Core/Queue/Manager.php
- M PF.Src/Core/Theme/HTML.php
- M PF.Src/Core/View.php
- M PF.Src/Core/View/Functions.php
- M cron.php
