- M PF.Base/include/library/phpfox/ajax/ajax.class.php
- M PF.Base/include/library/phpfox/file/file.class.php
- M PF.Base/include/library/phpfox/module/module.class.php
- M PF.Base/include/library/phpfox/pages/pages.class.php
- M PF.Base/include/library/phpfox/parse/input.class.php
- M PF.Base/include/library/phpfox/parse/output.class.php
- M PF.Base/include/library/phpfox/phpfox/phpfox.class.php
- M PF.Base/include/library/phpfox/search/search.class.php
- M PF.Base/include/library/phpfox/template/cache.class.php
- M PF.Base/include/library/phpfox/template/template.class.php
- M PF.Base/include/library/phpfox/url/url.class.php
- M PF.Base/install/include/app.require.php
- M PF.Base/install/include/installer.class.php
- M PF.Base/install/include/version.php
- M PF.Base/install/include/version/4.5.2.php
- A PF.Base/install/include/version/4.7.9.php
- M PF.Base/install/index.php
- M PF.Base/less/base/comment.less
- M PF.Base/less/base/common.less
- M PF.Base/less/base/gmap.less
- M PF.Base/less/base/layout.less
- M PF.Base/less/base/mixins.less
- M PF.Base/less/bootstrap/dropdowns.less
- M PF.Base/less/customize.less
- M PF.Base/module/admincp/include/component/controller/block/setting.class.php
- M PF.Base/module/admincp/include/component/controller/cron/index.class.php
- M PF.Base/module/admincp/include/component/controller/setting/timezone.class.php
- M PF.Base/module/admincp/include/component/controller/stat/dashboard.class.php
- M PF.Base/module/admincp/include/service/maintain/deletefiles.class.php
- M PF.Base/module/admincp/include/service/sidebar.class.php
- M PF.Base/module/admincp/template/default/controller/setting/timezone.html.php
- D PF.Base/module/comment/
- M PF.Base/module/core/include/component/ajax/ajax.class.php
- M PF.Base/module/core/include/component/block/gmap-block.class.php
- M PF.Base/module/core/include/component/controller/gmap.class.php
- M PF.Base/module/core/include/service/core.class.php
- M PF.Base/module/core/include/service/systems/category/category.class.php
- M PF.Base/module/core/include/service/temp-file.class.php
- M PF.Base/module/core/static/jscript/country.js
- M PF.Base/module/core/static/jscript/gmap.js
- M PF.Base/module/core/template/default/controller/gmap.html.php
- M PF.Base/module/core/template/default/controller/site-stat.html.php
- M PF.Base/module/custom/static/jscript/admin.js
- M PF.Base/module/feed/include/component/ajax/ajax.class.php
- M PF.Base/module/feed/include/service/feed.class.php
- M PF.Base/module/feed/static/jscript/feed.js
- M PF.Base/module/feed/static/jscript/places.js
- M PF.Base/module/feed/template/default/block/comment.html.php
- M PF.Base/module/feed/template/default/block/content.html.php
- M PF.Base/module/feed/template/default/block/edit-user-status.html.php
- M PF.Base/module/feed/template/default/block/focus.html.php
- M PF.Base/module/feed/template/default/block/mini.html.php
- M PF.Base/module/friend/include/component/ajax/ajax.class.php
- M PF.Base/module/friend/include/service/friend.class.php
- M PF.Base/module/language/include/component/controller/admincp/phrase/phrase.class.php
- M PF.Base/module/language/template/default/controller/admincp/phrase/phrase.html.php
- M PF.Base/module/like/include/service/callback.class.php
- M PF.Base/module/link/include/service/callback.class.php
- M PF.Base/module/page/include/component/ajax/admincp/ajax.class.php
- M PF.Base/module/page/include/component/controller/admincp/add.class.php
- M PF.Base/module/page/include/service/page.class.php
- M PF.Base/module/page/template/default/controller/admincp/add.html.php
- M PF.Base/module/profile/include/component/ajax/ajax.class.php
- M PF.Base/module/profile/include/component/block/info.class.php
- M PF.Base/module/profile/include/component/block/pic.class.php
- M PF.Base/module/profile/include/service/process.class.php
- M PF.Base/module/profile/template/default/block/pic.html.php
- M PF.Base/module/share/template/default/block/frame.html.php
- M PF.Base/module/tag/include/component/block/cloud.class.php
- M PF.Base/module/user/include/component/ajax/ajax.class.php
- M PF.Base/module/user/include/component/block/block.class.php
- M PF.Base/module/user/include/component/block/tooltip.class.php
- M PF.Base/module/user/include/component/controller/photo.class.php
- M PF.Base/module/user/include/component/controller/remove.class.php
- M PF.Base/module/user/include/service/auth.class.php
- M PF.Base/module/user/include/service/block/block.class.php
- M PF.Base/module/user/include/service/browse.class.php
- M PF.Base/module/user/include/service/cancellations/process.class.php
- M PF.Base/module/user/include/service/process.class.php
- M PF.Base/module/user/include/service/user.class.php
- M PF.Base/module/user/template/default/block/block.html.php
- M PF.Base/module/user/template/default/block/register/step2.html.php
- M PF.Base/module/user/template/default/controller/remove.html.php
- M PF.Base/static/jscript/main.js
- M PF.Base/static/jscript/thickbox/thickbox.js
- M PF.Site/Apps/core/phrase.json
- M PF.Site/Apps/core/start.php
- M PF.Src/Core/Api/ApiServiceBase.php
- M PF.Src/Core/Objectify.php
