- M PF.Base/include/library/phpfox/image/library/gd.class.php
- M PF.Base/include/library/phpfox/module/module.class.php
- M PF.Base/include/library/phpfox/phpfox/phpfox.class.php
- M PF.Base/include/library/phpfox/template/template.class.php
- M PF.Base/install/include/version.php
- M PF.Base/install/include/version/4.6.1.php
- A PF.Base/install/include/version/4.7.3.php
- M PF.Base/less/modules/browse.less
- M PF.Base/module/admincp/include/component/controller/app/index.class.php
- M PF.Base/module/admincp/include/component/controller/apps/ajax.class.php
- M PF.Base/module/admincp/include/component/controller/apps/index.class.php
- M PF.Base/module/admincp/include/service/admincp.class.php
- M PF.Base/module/admincp/include/service/maintain/deletefiles.class.php
- M PF.Base/module/admincp/include/service/menu/process.class.php
- M PF.Base/module/attachment/install/phpfox.xml.php
- M PF.Base/module/comment/install/phpfox.xml.php
- M PF.Base/module/comment/install/version/3.0.0beta1.xml.php
- M PF.Base/module/comment/install/version/3.6.0rc1.xml.php
- M PF.Base/module/comment/install/version/4.0.0rc1.xml.php
- M PF.Base/module/comment/install/version/4.4.0.xml.php
- M PF.Base/module/core/install/phpfox.xml.php
- M PF.Base/module/core/install/version/3.0.0beta1.xml.php
- M PF.Base/module/core/install/version/3.0.0beta3.xml.php
- M PF.Base/module/core/install/version/3.1.0rc1.xml.php
- M PF.Base/module/core/install/version/3.6.0rc1.xml.php
- M PF.Base/module/core/install/version/3.7.1.xml.php
- M PF.Base/module/core/install/version/3.7.6rc1.xml.php
- M PF.Base/module/core/install/version/4.0.0rc1.xml.php
- M PF.Base/module/core/install/version/4.4.0.xml.php
- M PF.Base/module/feed/include/service/process.class.php
- M PF.Base/module/feed/install/phpfox.xml.php
- M PF.Base/module/feed/install/version/3.0.0beta1.xml.php
- M PF.Base/module/feed/install/version/3.0.0rc1.xml.php
- M PF.Base/module/feed/install/version/3.6.0rc1.xml.php
- M PF.Base/module/feed/install/version/4.0.0rc1.xml.php
- M PF.Base/module/feed/static/jscript/feed.js
- M PF.Base/module/friend/include/component/ajax/ajax.class.php
- M PF.Base/module/friend/install/phpfox.xml.php
- M PF.Base/module/friend/install/version/3.6.0rc1.xml.php
- M PF.Base/module/friend/install/version/4.0.0rc1.xml.php
- M PF.Base/module/language/include/service/language.class.php
- M PF.Base/module/language/install/phpfox.xml.php
- M PF.Base/module/language/install/version/3.1.0beta1.xml.php
- M PF.Base/module/language/install/version/3.7.0beta2.xml.php
- M PF.Base/module/language/install/version/4.0.0rc1.xml.php
- M PF.Base/module/like/install/phpfox.xml.php
- M PF.Base/module/like/install/version/3.3.0beta2.xml.php
- M PF.Base/module/link/include/service/link.class.php
- M PF.Base/module/link/include/service/process.class.php
- M PF.Base/module/privacy/include/component/block/form.class.php
- M PF.Base/module/privacy/include/component/block/friend.class.php
- M PF.Base/module/privacy/template/default/block/friend.html.php
- M PF.Base/module/profile/include/component/block/cover.class.php
- M PF.Base/module/profile/include/component/block/info.class.php
- M PF.Base/module/profile/template/default/block/cover.html.php
- M PF.Base/module/profile/template/default/block/info.html.php
- M PF.Base/module/tag/install/phpfox.xml.php
- M PF.Base/module/tag/install/version/3.0.1.xml.php
- M PF.Base/module/tag/install/version/4.0.0rc1.xml.php
- M PF.Base/module/tag/install/version/4.4.0.xml.php
- M PF.Base/module/track/install/phpfox.xml.php
- M PF.Base/module/user/include/component/ajax/ajax.class.php
- M PF.Base/module/user/include/component/block/browse.class.php
- M PF.Base/module/user/include/component/controller/profile.class.php
- M PF.Base/module/user/include/component/controller/verify.class.php
- M PF.Base/module/user/include/plugin/validator.admincp_settings_user.php
- M PF.Base/module/user/include/service/process.class.php
- M PF.Base/module/user/include/service/verify/verify.class.php
- M PF.Base/module/user/install/phpfox.xml.php
- M PF.Base/module/user/install/version/3.6.0rc1.xml.php
- M PF.Base/module/user/install/version/4.0.0rc1.xml.php
- M PF.Base/module/user/static/jscript/browse.js
- M PF.Base/module/user/template/default/block/browse.html.php
- M PF.Base/module/user/template/default/block/filter.html.php
- M PF.Base/module/user/template/default/block/search.html.php
- M PF.Base/module/user/template/default/controller/admincp/cancellations/feedback.html.php
- M PF.Base/module/user/template/default/controller/verify.html.php
- M PF.Base/static/jscript/main.js
- M PF.Base/static/jscript/search.js
- M PF.Base/theme/adminpanel/default/style/default/css/layout.css
- M PF.Base/theme/adminpanel/default/style/default/css/layout.less
- M PF.Base/theme/adminpanel/default/template/pager.html.php
- M PF.Base/theme/default/flavor/default.css
- M PF.Site/Apps/core/phrase.json
- M PF.Src/Core/View.php
- M PF.Src/Core/View/Functions.php
