
- M PF.Base/include/library/phpfox/cron/cron.class.php
- M PF.Base/include/library/phpfox/pages/process.class.php
- M PF.Base/include/library/phpfox/parse/input.class.php
- M PF.Base/include/library/phpfox/parse/output.class.php
- M PF.Base/include/library/phpfox/phpfox/phpfox.class.php
- M PF.Base/include/library/phpfox/setting/setting.class.php
- M PF.Base/include/library/phpfox/template/cache.class.php
- M PF.Base/include/library/phpfox/template/template.class.php
- M PF.Base/include/library/phpfox/url/url.class.php
- M PF.Base/include/library/phpfox/validator/validator.class.php
- M PF.Base/install/include/version.php
- M PF.Base/install/include/version/3.0.0beta1.php
- M PF.Base/install/include/version/3.5.0beta1.php
- A PF.Base/install/include/version/4.7.5.php
- M PF.Base/less/base/box.less
- M PF.Base/less/base/layout.less
- M PF.Base/less/modules/feed.less
- M PF.Base/module/admincp/include/component/controller/block/setting.class.php
- M PF.Base/module/admincp/include/component/controller/maintain/counter.class.php
- M PF.Base/module/admincp/include/service/callback.class.php
- M PF.Base/module/admincp/include/service/setting/process.class.php
- M PF.Base/module/admincp/include/service/setting/setting.class.php
- M PF.Base/module/admincp/template/default/controller/setting/edit.html.php
- M PF.Base/module/attachment/include/component/controller/admincp/manage.class.php
- M PF.Base/module/attachment/include/component/controller/download.class.php
- M PF.Base/module/attachment/include/component/controller/frame.class.php
- M PF.Base/module/attachment/include/service/api.class.php
- M PF.Base/module/attachment/include/service/process.class.php
- M PF.Base/module/attachment/template/default/block/item.html.php
- M PF.Base/module/comment/include/component/ajax/ajax.class.php
- M PF.Base/module/comment/include/component/block/view.class.php
- M PF.Base/module/comment/include/component/controller/admincp/spam.class.php
- M PF.Base/module/comment/include/component/controller/rss.class.php
- M PF.Base/module/comment/include/component/controller/view.class.php
- M PF.Base/module/comment/include/service/api.class.php
- M PF.Base/module/comment/include/service/comment.class.php
- M PF.Base/module/comment/include/service/process.class.php
- M PF.Base/module/contact/include/component/controller/index.class.php
- M PF.Base/module/contact/template/default/controller/index.html.php
- M PF.Base/module/core/include/component/ajax/ajax.class.php
- M PF.Base/module/core/include/component/block/template-menu.class.php
- M PF.Base/module/core/include/component/block/template-notification.class.php
- M PF.Base/module/core/include/component/controller/admincp/phpinfo.class.php
- M PF.Base/module/core/include/component/controller/index-visitor.class.php
- M PF.Base/module/core/include/service/core.class.php
- M PF.Base/module/core/include/service/redirect/redirect.class.php
- M PF.Base/module/core/install/phpfox.xml.php
- M PF.Base/module/core/template/default/block/template-menu.html.php
- M PF.Base/module/core/template/default/block/template-notification-sm.html.php
- M PF.Base/module/core/template/default/block/template-notification-xs.html.php
- M PF.Base/module/core/template/default/block/template-notification.html.php
- M PF.Base/module/custom/include/service/custom.class.php
- M PF.Base/module/error/include/component/controller/404.class.php
- M PF.Base/module/feed/include/component/ajax/ajax.class.php
- M PF.Base/module/feed/include/component/block/comment.class.php
- M PF.Base/module/feed/include/component/block/display.class.php
- M PF.Base/module/feed/include/component/block/mini.class.php
- M PF.Base/module/feed/include/plugin/bundle__start.php
- M PF.Base/module/feed/include/plugin/feed.template_block_entry_2.php
- M PF.Base/module/feed/include/service/api.class.php
- M PF.Base/module/feed/include/service/callback.class.php
- M PF.Base/module/feed/include/service/feed.class.php
- M PF.Base/module/feed/include/service/process.class.php
- M PF.Base/module/feed/static/jscript/feed.js
- M PF.Base/module/feed/template/default/block/comment.html.php
- M PF.Base/module/feed/template/default/block/display.html.php
- M PF.Base/module/feed/template/default/block/edit-user-status.html.php
- M PF.Base/module/feed/template/default/block/focus.html.php
- M PF.Base/module/feed/template/default/block/form.html.php
- M PF.Base/module/feed/template/default/block/mini.html.php
- M PF.Base/module/friend/include/component/ajax/ajax.class.php
- M PF.Base/module/friend/include/component/controller/invoice.class.php
- M PF.Base/module/friend/include/component/controller/pending.class.php
- M PF.Base/module/friend/include/service/callback.class.php
- M PF.Base/module/friend/include/service/friend.class.php
- M PF.Base/module/friend/include/service/process.class.php
- M PF.Base/module/friend/include/service/request/request.class.php
- M PF.Base/module/friend/static/jscript/friend.js
- M PF.Base/module/invite/include/service/process.class.php
- M PF.Base/module/like/include/component/ajax/ajax.class.php
- M PF.Base/module/like/include/component/block/link.class.php
- M PF.Base/module/like/include/service/callback.class.php
- M PF.Base/module/like/include/service/like.class.php
- M PF.Base/module/like/include/service/process.class.php
- M PF.Base/module/like/template/default/block/display.html.php
- M PF.Base/module/like/template/default/block/link.html.php
- M PF.Base/module/link/include/component/block/display.class.php
- M PF.Base/module/link/include/service/callback.class.php
- M PF.Base/module/link/template/default/block/display.html.php
- M PF.Base/module/profile/include/component/block/info.class.php
- M PF.Base/module/profile/include/component/block/pic.class.php
- M PF.Base/module/profile/include/component/controller/index.class.php
- M PF.Base/module/profile/template/default/block/pic.html.php
- M PF.Base/module/report/include/service/report.class.php
- M PF.Base/module/request/include/component/controller/view.class.php
- M PF.Base/module/request/include/service/process.class.php
- M PF.Base/module/search/include/service/search.class.php
- M PF.Base/module/tag/include/component/block/item.class.php
- M PF.Base/module/tag/include/service/tag.class.php
- M PF.Base/module/track/include/service/process.class.php
- M PF.Base/module/track/include/service/track.class.php
- M PF.Base/module/user/include/component/ajax/ajax.class.php
- M PF.Base/module/user/include/component/block/admincp/setting.class.php
- M PF.Base/module/user/include/component/block/admincp/statistics.class.php
- M PF.Base/module/user/include/component/block/listing-item.class.php
- M PF.Base/module/user/include/component/controller/admincp/add.class.php
- M PF.Base/module/user/include/component/controller/admincp/group/add.class.php
- M PF.Base/module/user/include/component/controller/boot.class.php
- M PF.Base/module/user/include/component/controller/browse.class.php
- M PF.Base/module/user/include/component/controller/login.class.php
- M PF.Base/module/user/include/component/controller/password/request.class.php
- M PF.Base/module/user/include/component/controller/setting.class.php
- A PF.Base/module/user/include/plugin/bundle__start.php
- M PF.Base/module/user/include/service/activity.class.php
- M PF.Base/module/user/include/service/browse.class.php
- M PF.Base/module/user/include/service/callback.class.php
- M PF.Base/module/user/include/service/file.class.php
- M PF.Base/module/user/include/service/group/process.class.php
- M PF.Base/module/user/include/service/group/setting/process.class.php
- M PF.Base/module/user/include/service/group/setting/setting.class.php
- M PF.Base/module/user/include/service/import.class.php
- M PF.Base/module/user/include/service/process.class.php
- M PF.Base/module/user/include/service/register.class.php
- M PF.Base/module/user/include/service/user.class.php
- M PF.Base/module/user/include/service/verify/process.class.php
- M PF.Base/module/user/include/service/verify/verify.class.php
- M PF.Base/module/user/static/jscript/browse.js
- M PF.Base/module/user/template/default/block/admincp/setting.html.php
- M PF.Base/module/user/template/default/block/listing-item.html.php
- M PF.Base/module/user/template/default/block/login-ajax.html.php
- M PF.Base/module/user/template/default/block/register/step2.html.php
- M PF.Base/module/user/template/default/controller/login.html.php
- M PF.Base/module/user/template/default/controller/password/request.html.php
- M PF.Base/module/user/template/default/controller/profile.html.php
- M PF.Base/static/jscript/main.js
- M PF.Base/static/jscript/user_info.js
- M PF.Base/theme/bootstrap/html/layout.html
- M PF.Base/theme/default/html/layout.html
- M PF.Site/Apps/core-flavors/flavors/bootstrap.json
- M PF.Site/Apps/core-flavors/start.php
- D PF.Site/Apps/core/app.lock
- M PF.Site/Apps/core/phrase.json
- M PF.Src/Core/CodeUtility/CodeUtility.php
- M PF.Src/Core/Objectify.php
