- M PF.Base/include/library/phpfox/archive/export.class.php
- M PF.Base/include/library/phpfox/cache/cache.class.php
- M PF.Base/include/library/phpfox/cache/storage/driver.class.php
- M PF.Base/include/library/phpfox/cdn/cdn.class.php
- M PF.Base/include/library/phpfox/image/helper.class.php
- A PF.Base/include/library/phpfox/location/gmap.class.php
- A PF.Base/include/library/phpfox/location/interface.class.php
- M PF.Base/include/library/phpfox/module/module.class.php
- M PF.Base/include/library/phpfox/parse/output.class.php
- M PF.Base/include/library/phpfox/phpfox/phpfox.class.php
- M PF.Base/include/library/phpfox/search/search.class.php
- M PF.Base/include/library/phpfox/setting/setting.class.php
- M PF.Base/include/library/phpfox/template/cache.class.php
- M PF.Base/include/library/phpfox/template/template.class.php
- M PF.Base/include/library/phpfox/validator/validator.class.php
- M PF.Base/include/package.config.php
- M PF.Base/install/include/installer.class.php
- M PF.Base/install/include/version.php
- A PF.Base/install/include/version/4.7.8.php
- M PF.Base/less/base.less
- M PF.Base/less/base/blocks.less
- M PF.Base/less/base/common.less
- A PF.Base/less/base/gmap.less
- M PF.Base/less/base/layout.less
- M PF.Base/less/customize.less
- M PF.Base/less/modules/profile.less
- M PF.Base/module/admincp/include/component/controller/demo.class.php
- M PF.Base/module/admincp/include/component/controller/limit.class.php
- M PF.Base/module/admincp/include/component/controller/setting/edit.class.php
- M PF.Base/module/admincp/include/component/controller/upload.class.php
- M PF.Base/module/admincp/include/service/setting/setting.class.php
- M PF.Base/module/admincp/template/default/controller/app/settings.html.php
- M PF.Base/module/admincp/template/default/controller/setting/edit.html.php
- M PF.Base/module/api/template/default/block/gateway/form.html.php
- M PF.Base/module/attachment/include/service/process.class.php
- M PF.Base/module/ban/include/service/ban.class.php
- M PF.Base/module/ban/include/service/word.class.php
- M PF.Base/module/comment/include/service/process.class.php
- M PF.Base/module/core/include/component/ajax/ajax.class.php
- M PF.Base/module/core/include/component/block/country-child.class.php
- M PF.Base/module/core/include/component/block/fe-site-stat.class.php
- A PF.Base/module/core/include/component/block/gmap-block.class.php
- A PF.Base/module/core/include/component/block/gmap-card-views.class.php
- A PF.Base/module/core/include/component/block/gmap-entry-view.class.php
- A PF.Base/module/core/include/component/controller/gmap.class.php
- M PF.Base/module/core/include/plugin/bundle__start.php
- M PF.Base/module/core/install/phpfox.xml.php
- A PF.Base/module/core/static/image/map.png
- A PF.Base/module/core/static/jscript/gmap.js
- M PF.Base/module/core/template/default/block/fe-site-stat.html.php
- M PF.Base/module/core/template/default/block/giftpoints.html.php
- A PF.Base/module/core/template/default/block/gmap-block.html.php
- A PF.Base/module/core/template/default/block/gmap-card-item.html.php
- A PF.Base/module/core/template/default/block/gmap-card-views.html.php
- A PF.Base/module/core/template/default/block/gmap-entry-view.html.php
- A PF.Base/module/core/template/default/block/gmap-info-window.html.php
- A PF.Base/module/core/template/default/controller/gmap.html.php
- M PF.Base/module/custom/include/component/controller/admincp/add.class.php
- M PF.Base/module/custom/include/service/process.class.php
- M PF.Base/module/feed/include/component/block/display.class.php
- M PF.Base/module/feed/include/service/callback.class.php
- M PF.Base/module/feed/include/service/feed.class.php
- M PF.Base/module/feed/template/default/block/edit-user-status.html.php
- M PF.Base/module/feed/template/default/block/form.html.php
- M PF.Base/module/feed/template/default/block/share.html.php
- M PF.Base/module/friend/include/component/ajax/ajax.class.php
- M PF.Base/module/friend/include/component/block/request.class.php
- M PF.Base/module/friend/include/service/api.class.php
- M PF.Base/module/friend/include/service/callback.class.php
- M PF.Base/module/friend/include/service/friend.class.php
- M PF.Base/module/friend/include/service/process.class.php
- M PF.Base/module/friend/install/phpfox.xml.php
- M PF.Base/module/language/include/component/controller/admincp/phrase/phrase.class.php
- M PF.Base/module/language/template/default/block/select.html.php
- M PF.Base/module/link/include/service/callback.class.php
- M PF.Base/module/notification/include/service/notification.class.php
- M PF.Base/module/privacy/include/service/privacy.class.php
- M PF.Base/module/profile/include/component/block/info.class.php
- M PF.Base/module/profile/include/component/block/pic.class.php
- M PF.Base/module/profile/include/component/controller/private.class.php
- M PF.Base/module/profile/template/default/block/pic.html.php
- M PF.Base/module/profile/template/default/controller/private.html.php
- M PF.Base/module/user/include/component/ajax/ajax.class.php
- M PF.Base/module/user/include/component/block/admincp/importusers.class.php
- M PF.Base/module/user/include/component/block/friendship.class.php
- M PF.Base/module/user/include/component/block/info.class.php
- M PF.Base/module/user/include/component/block/tooltip.class.php
- M PF.Base/module/user/include/component/controller/admincp/cancellations/manage.class.php
- M PF.Base/module/user/include/component/controller/admincp/exportusers.class.php
- M PF.Base/module/user/include/component/controller/admincp/importhistory.class.php
- M PF.Base/module/user/include/component/controller/admincp/importusers.class.php
- M PF.Base/module/user/include/component/controller/browse.class.php
- M PF.Base/module/user/include/job/importuser.class.php
- M PF.Base/module/user/include/plugin/job_queue_init.php
- M PF.Base/module/user/include/service/auth.class.php
- M PF.Base/module/user/include/service/callback.class.php
- M PF.Base/module/user/include/service/import.class.php
- M PF.Base/module/user/include/service/process.class.php
- M PF.Base/module/user/include/service/space.class.php
- M PF.Base/module/user/include/service/verify/process.class.php
- M PF.Base/module/user/static/css/default/default/main.less
- M PF.Base/module/user/static/jscript/browse.js
- M PF.Base/module/user/static/jscript/gender.js
- M PF.Base/module/user/template/default/block/friend-action.html.php
- M PF.Base/module/user/template/default/block/friendship.html.php
- M PF.Base/module/user/template/default/block/tooltip.html.php
- M PF.Base/module/user/template/default/controller/admincp/cancellations/feedback.html.php
- M PF.Base/module/user/template/default/controller/admincp/cancellations/manage.html.php
- M PF.Base/module/user/template/default/controller/register.html.php
- M PF.Base/static/jscript/main.js
- M PF.Base/static/jscript/user_info.js
- M PF.Base/theme/default/flavor/default.css
- A PF.Base/theme/frontend/default/style/default/image/misc/map_ico.png
- A PF.Base/theme/frontend/default/style/default/image/misc/map_ico_hover.png
- M PF.Base/vendor/composer/autoload_classmap.php
- M PF.Base/vendor/composer/autoload_static.php
- M PF.Site/Apps/core/Install.php
- M PF.Site/Apps/core/phrase.json
- M PF.Site/Apps/core/start.php
- M PF.Src/Core/Objectify.php
- M PF.Src/Core/Phrase.php
- M PF.Src/Core/Storage.php
