- M PF.Base/include/library/phpfox/cron/cron.class.php
- M PF.Base/include/library/phpfox/image/abstract.class.php
- M PF.Base/include/library/phpfox/mail/mail.class.php
- M PF.Base/include/library/phpfox/pages/pages.class.php
- M PF.Base/include/library/phpfox/phpfox/phpfox.class.php
- M PF.Base/include/library/phpfox/template/cache.class.php
- M PF.Base/include/library/phpfox/validator/validator.class.php
- M PF.Base/include/library/phpfox/xml/parser.class.php
- M PF.Base/include/library/phpfox/file/file.class.php
- M PF.Base/include/library/phpfox/image/library/gd.class.php
- M PF.Base/include/library/phpfox/parse/output.class.php
- M PF.Base/install/include/app.default.php
- M PF.Base/install/include/installer.class.php
- M PF.Base/less/bootstrap/dropdowns.less
- M PF.Base/less/customize.less
- M PF.Base/less/modules/feed.less
- M PF.Base/less/modules/friend.less
- M PF.Base/module/admincp/include/component/controller/app/index.class.php
- M PF.Base/module/admincp/template/default/controller/app/groupsettings.html.php
- M PF.Base/module/admincp/template/default/controller/app/index.html.php
- M PF.Base/module/admincp/template/default/controller/app/settings.html.php
- M PF.Base/module/api/template/default/block/gateway/form.html.php
- M PF.Base/module/ban/include/component/controller/admincp/default.class.php
- M PF.Base/module/ban/include/service/ban.class.php
- M PF.Base/module/ban/template/default/controller/admincp/default.html.php
- M PF.Base/module/core/include/component/ajax/admincp/ajax.class.php
- M PF.Base/module/core/include/component/block/country-build.class.php
- M PF.Base/module/core/include/component/controller/admincp/country/child/add.class.php
- M PF.Base/module/core/include/service/country/process.class.php
- M PF.Base/module/core/include/service/currency/currency.class.php
- M PF.Base/module/core/include/plugin/bundle__start.php
- M PF.Base/module/core/template/default/block/category.html.php
- M PF.Base/module/core/template/default/block/template-notification-sm.html.php
- M PF.Base/module/core/template/default/block/template-notification-xs.html.php
- M PF.Base/module/core/template/default/block/template-notification.html.php
- M PF.Base/module/core/template/default/block/upload-form.html.php
- M PF.Base/module/core/template/default/controller/admincp/country/add.html.php
- M PF.Base/module/core/template/default/controller/admincp/country/child/add.html.php
- M PF.Base/module/core/template/default/controller/news.html.php
- M PF.Base/module/custom/include/component/ajax/ajax.class.php
- M PF.Base/module/feed/include/component/ajax/ajax.class.php
- M PF.Base/module/feed/include/component/block/edit-user-status.class.php
- A PF.Base/module/feed/include/component/block/manage-hidden.class.php
- M PF.Base/module/feed/include/component/block/share.class.php
- A PF.Base/module/feed/include/plugin/core.template_block_notification_dropdown_menu.php
- M PF.Base/module/feed/include/plugin/feed.template_block_entry_2.php
- M PF.Base/module/feed/include/service/feed.class.php
- A PF.Base/module/feed/include/service/hide.class.php
- M PF.Base/module/feed/static/jscript/feed.js
- M PF.Base/module/feed/static/jscript/places.js
- M PF.Base/module/feed/template/default/block/content.html.php
- M PF.Base/module/feed/template/default/block/edit-user-status.html.php
- M PF.Base/module/feed/template/default/block/focus-tagged.html.php
- A PF.Base/module/feed/template/default/block/link-hide.html.php
- A PF.Base/module/feed/template/default/block/manage-hidden.html.php
- M PF.Base/module/feed/template/default/block/mini.html.php
- M PF.Base/module/feed/template/default/block/share.html.php
- M PF.Base/module/friend/include/service/callback.class.php
- M PF.Base/module/friend/template/default/block/feed.html.php
- M PF.Base/module/language/include/component/block/admincp/multiple.class.php
- M PF.Base/module/language/include/component/controller/admincp/phrase/phrase.class.php
- M PF.Base/module/link/include/service/callback.class.php
- M PF.Base/module/link/include/service/link.class.php
- M PF.Base/module/privacy/include/component/block/build.class.php
- M PF.Base/module/privacy/include/component/block/form.class.php
- M PF.Base/module/privacy/include/service/privacy.class.php
- M PF.Base/module/privacy/template/default/block/build.html.php
- M PF.Base/module/privacy/template/default/block/form.html.php
- M PF.Base/module/privacy/template/default/block/friend.html.php
- M PF.Base/module/profile/template/default/block/pic.html.php
- M PF.Base/module/user/include/component/ajax/ajax.class.php
- M PF.Base/module/user/include/component/controller/browse.class.php
- M PF.Base/module/user/include/component/controller/verify.class.php
- M PF.Base/module/user/include/service/api.class.php
- M PF.Base/module/user/include/service/password.class.php
- M PF.Base/module/user/include/service/process.class.php
- M PF.Base/module/user/include/service/register.class.php
- M PF.Base/module/user/include/service/user.class.php
- M PF.Base/module/user/include/service/verify/verify.class.php
- M PF.Base/module/user/template/default/block/register/step1.html.php
- M PF.Base/module/user/template/default/block/register/step2.html.php
- M PF.Base/module/user/template/default/block/user_filter_admin.html.php
- M PF.Base/static/jscript/main.js
- M PF.Base/static/jscript/dropzone.js
- A PF.Base/static/jscript/exif.js
- M PF.Base/theme/adminpanel/default/template/template.html.php
- M PF.Site/Apps/core-flavors/start.php
- M PF.Site/Apps/core/Install.php
- A PF.Site/Apps/core/Installation/Database/Feed_Hide.php
- M PF.Site/Apps/core/phrase.json
- M PF.Src/Core/App.php
- M PF.Src/Core/Phrase.php
- M PF.Src/Core/Theme/CSS.php
- M PF.Src/Core/Theme/Objects.php

