- D PF.Base/include/checksum/md5
- M PF.Base/include/library/phpfox/cache/cache.class.php
- M PF.Base/include/library/phpfox/database/driver/postgres.class.php
- M PF.Base/include/library/phpfox/database/support.class.php
- M PF.Base/include/library/phpfox/module/module.class.php
- M PF.Base/include/library/phpfox/parse/input.class.php
- M PF.Base/include/library/phpfox/parse/output.class.php
- M PF.Base/include/library/phpfox/phpfox/phpfox.class.php
- M PF.Base/include/library/phpfox/setting/setting.class.php
- M PF.Base/include/library/phpfox/template/template.class.php
- M PF.Base/include/library/phpfox/url/url.class.php
- M PF.Base/install/include/installer.class.php
- M PF.Base/install/include/version.php
- A PF.Base/install/include/version/4.7.4.php
- M PF.Base/less/base/browse.less
- M PF.Base/less/base/layout.less
- M PF.Base/less/bootstrap/forms.less
- M PF.Base/less/customize.less
- M PF.Base/less/modules/feed.less
- M PF.Base/module/admincp/include/component/controller/block/add.class.php
- D PF.Base/module/admincp/include/component/controller/checksum/modified.class.php
- D PF.Base/module/admincp/include/component/controller/checksum/unknown.class.php
- M PF.Base/module/admincp/include/component/controller/index.class.php
- M PF.Base/module/admincp/include/component/controller/setting/edit.class.php
- M PF.Base/module/admincp/include/service/admincp.class.php
- M PF.Base/module/admincp/include/service/maintain/deletefiles.class.php
- M PF.Base/module/admincp/include/service/product/process.class.php
- M PF.Base/module/admincp/include/service/setting/process.class.php
- M PF.Base/module/admincp/include/service/sidebar.class.php
- M PF.Base/module/admincp/template/default/controller/app/settings.html.php
- D PF.Base/module/admincp/template/default/controller/checksum/modified.html.php
- D PF.Base/module/admincp/template/default/controller/checksum/unknown.html.php
- M PF.Base/module/admincp/template/default/controller/setting/edit.html.php
- M PF.Base/module/comment/include/component/ajax/ajax.class.php
- M PF.Base/module/comment/install/phpfox.xml.php
- M PF.Base/module/contact/template/default/controller/index.html.php
- M PF.Base/module/core/include/plugin/bundle__start.php
- M PF.Base/module/core/install/phpfox.xml.php
- M PF.Base/module/custom/include/component/ajax/ajax.class.php
- M PF.Base/module/custom/include/component/controller/admincp/add.class.php
- M PF.Base/module/custom/include/service/custom.class.php
- M PF.Base/module/custom/template/default/controller/admincp/add.html.php
- M PF.Base/module/feed/include/component/ajax/ajax.class.php
- M PF.Base/module/feed/include/component/block/edit-user-status.class.php
- M PF.Base/module/feed/include/plugin/feed.template_block_entry_2.php
- M PF.Base/module/feed/include/service/callback.class.php
- M PF.Base/module/feed/include/service/feed.class.php
- M PF.Base/module/feed/include/service/process.class.php
- M PF.Base/module/feed/static/jscript/feed.js
- M PF.Base/module/feed/template/default/block/focus.html.php
- M PF.Base/module/feed/template/default/block/link.html.php
- M PF.Base/module/friend/include/component/ajax/ajax.class.php
- M PF.Base/module/friend/include/component/block/request.class.php
- M PF.Base/module/friend/template/default/block/request.html.php
- M PF.Base/module/link/include/component/ajax/ajax.class.php
- M PF.Base/module/link/include/component/block/preview.class.php
- M PF.Base/module/link/include/service/callback.class.php
- M PF.Base/module/link/include/service/process.class.php
- M PF.Base/module/log/include/service/session.class.php
- M PF.Base/module/notification/template/default/block/link.html.php
- M PF.Base/module/privacy/template/default/block/friend.html.php
- M PF.Base/module/report/template/default/controller/admincp/index.html.php
- M PF.Base/module/search/template/default/controller/index.html.php
- M PF.Base/module/user/include/component/block/register.class.php
- M PF.Base/module/user/include/component/block/setting.class.php
- M PF.Base/module/user/include/component/controller/admincp/group/add.class.php
- M PF.Base/module/user/include/component/controller/browse.class.php
- M PF.Base/module/user/include/component/controller/profile.class.php
- M PF.Base/module/user/include/component/controller/register.class.php
- M PF.Base/module/user/include/service/process.class.php
- M PF.Base/module/user/include/service/user.class.php
- M PF.Base/module/user/install/phpfox.xml.php
- M PF.Base/module/user/static/css/default/default/main.less
- M PF.Base/module/user/static/jscript/browse.js
- M PF.Base/module/user/static/jscript/gender.js
- M PF.Base/module/user/static/jscript/register.js
- M PF.Base/module/user/template/default/block/filter.html.php
- A PF.Base/module/user/template/default/block/friend-action.html.php
- M PF.Base/module/user/template/default/block/friendship.html.php
- M PF.Base/module/user/template/default/block/search.html.php
- M PF.Base/module/user/template/default/block/user_entry_admin.html.php
- M PF.Base/module/user/template/default/block/user_filter_admin.html.php
- M PF.Base/module/user/template/default/controller/admincp/inactivereminder.html.php
- M PF.Base/module/user/template/default/controller/browse.html.php
- M PF.Base/start.php
- M PF.Base/static/jscript/admin.js
- M PF.Base/static/jscript/main.js
- M PF.Base/theme/adminpanel/default/style/default/css/layout.css
- M PF.Base/theme/adminpanel/default/style/default/css/layout.less
- M PF.Base/theme/adminpanel/default/style/default/jscript/menu.js
- M PF.Base/theme/adminpanel/default/style/default/less/body.less
- M PF.Base/theme/adminpanel/default/template/template.html.php
- M PF.Site/Apps/core/phrase.json
