- M PF.Base/include/library/phpfox/date/date.class.php
- M PF.Base/include/library/phpfox/module/module.class.php
- M PF.Base/include/library/phpfox/pages/type.class.php
- M PF.Base/include/library/phpfox/phpfox/phpfox.class.php
- M PF.Base/include/library/phpfox/request/request.class.php
- M PF.Base/include/library/phpfox/template/template.class.php
- M PF.Base/install/include/installer.class.php
- M PF.Base/less/base/common.less
- M PF.Base/less/base/layout.less
- M PF.Base/less/bootstrap.less
- M PF.Base/less/customize.less
- M PF.Base/less/modules/event.less
- M PF.Base/less/modules/feed.less
- M PF.Base/less/modules/marketplace.less
- M PF.Base/less/modules/poll.less
- M PF.Base/less/modules/quiz.less
- M PF.Base/less/variables/base.less
- M PF.Base/module/admincp/include/component/controller/setting/edit.class.php
- M PF.Base/module/attachment/include/service/process.class.php
- M PF.Base/module/core/include/component/ajax/ajax.class.php
- M PF.Base/module/core/include/component/controller/index-visitor.class.php
- M PF.Base/module/core/include/service/core.class.php
- A PF.Base/module/core/static/image/create-a-community-for-athletes.jpg
- A PF.Base/module/core/static/image/create-a-community-for-musicians.jpg
- A PF.Base/module/core/static/image/create-a-community-for-photographers.jpg
- A PF.Base/module/core/static/image/create-a-social-network-for-fine-cooking.jpg
- M PF.Base/module/custom/include/component/block/block.class.php
- M PF.Base/module/custom/include/component/block/display.class.php
- M PF.Base/module/custom/include/component/block/panel.class.php
- M PF.Base/module/custom/include/service/custom.class.php
- M PF.Base/module/custom/include/service/process.class.php
- M PF.Base/module/custom/template/default/block/panel.html.php
- M PF.Base/module/feed/include/service/callback.class.php
- M PF.Base/module/feed/include/service/feed.class.php
- M PF.Base/module/feed/include/service/process.class.php
- M PF.Base/module/feed/static/jscript/feed.js
- M PF.Base/module/friend/include/service/callback.class.php
- M PF.Base/module/language/include/component/controller/admincp/phrase/phrase.class.php
- M PF.Base/module/language/template/default/controller/admincp/phrase/phrase.html.php
- M PF.Base/module/link/include/service/link.class.php
- M PF.Base/module/profile/include/component/controller/info.class.php
- M PF.Base/module/profile/include/service/callback.class.php
- M PF.Base/module/profile/template/default/block/pic.html.php
- M PF.Base/module/track/include/service/callback.class.php
- M PF.Base/module/user/include/component/controller/browse.class.php
- M PF.Base/module/user/include/component/controller/photo.class.php
- M PF.Base/module/user/include/component/controller/privacy.class.php
- M PF.Base/module/user/include/component/controller/profile.class.php
- M PF.Base/module/user/include/service/cancellations/process.class.php
- M PF.Base/module/user/include/service/file.class.php
- M PF.Base/module/user/include/service/privacy/privacy.class.php
- M PF.Base/module/user/static/jscript/browse.js
- M PF.Base/module/user/template/default/block/privacy-item.html.php
- M PF.Base/module/user/template/default/block/privacy-profile.html.php
- M PF.Base/module/user/template/default/controller/browse.html.php
- M PF.Base/module/user/template/default/controller/privacy.html.php
- M PF.Base/module/user/template/default/controller/setting.html.php
- M PF.Base/static/jscript/ajax.js
- M PF.Base/static/jscript/main.js
- M PF.Base/static/jscript/thickbox/thickbox.js
- A PF.Base/theme/frontend/default/style/default/image/logo.png
- M PF.Base/theme/install/default/template/configuration.html.php
- M PF.Site/Apps/core/phrase.json
