- M PF.Base/include/init.inc.php
- M PF.Base/include/library/phpfox/database/export.class.php
- M PF.Base/include/library/phpfox/image/helper.class.php
- M PF.Base/include/library/phpfox/locale/locale.class.php
- M PF.Base/include/library/phpfox/mail/mail.class.php
- M PF.Base/include/library/phpfox/module/module.class.php
- M PF.Base/include/library/phpfox/pages/category.class.php
- M PF.Base/include/library/phpfox/phpfox/phpfox.class.php
- M PF.Base/include/library/phpfox/template/cache.class.php
- M PF.Base/include/library/phpfox/template/template.class.php
- M PF.Base/include/library/phpfox/validator/validator.class.php
- M PF.Base/install/include/app.default.php
- M PF.Base/install/include/installer.class.php
- M PF.Base/install/include/version.php
- M PF.Base/install/include/version/3.0.0beta1.php
- M PF.Base/install/include/version/4.5.3.php
- M PF.Base/install/include/version/4.7.1.php
- A PF.Base/install/include/version/4.7.2.php
- M PF.Base/less/base/blocks.less
- M PF.Base/less/base/box.less
- M PF.Base/less/base/breadcrumb.less
- M PF.Base/less/base/layout.less
- M PF.Base/less/bootstrap/code.less
- M PF.Base/less/bootstrap/forms.less
- M PF.Base/less/customize.less
- M PF.Base/less/modules/browse.less
- M PF.Base/less/modules/feed.less
- M PF.Base/module/admincp/include/component/controller/app/add.class.php
- M PF.Base/module/admincp/include/component/controller/apps/ajax.class.php
- M PF.Base/module/admincp/include/component/controller/block/add.class.php
- M PF.Base/module/admincp/include/component/controller/block/setting.class.php
- M PF.Base/module/admincp/include/component/controller/setting/edit.class.php
- M PF.Base/module/admincp/include/service/maintain/deletefiles.class.php
- M PF.Base/module/admincp/include/service/menu/process.class.php
- D PF.Base/module/admincp/static/jscript/seo.js
- M PF.Base/module/admincp/template/default/controller/apps/ajax.html.php
- M PF.Base/module/admincp/template/default/controller/apps/index.html.php
- M PF.Base/module/admincp/template/default/controller/setting/edit.html.php
- M PF.Base/module/api/include/service/gateway/gateway.class.php
- M PF.Base/module/attachment/include/component/block/upload.class.php
- M PF.Base/module/attachment/include/service/callback.class.php
- M PF.Base/module/core/include/component/ajax/ajax.class.php
- D PF.Base/module/core/include/component/block/dashboard.class.php
- M PF.Base/module/core/include/component/controller/admincp/country/index.class.php
- M PF.Base/module/core/include/component/controller/index-member.class.php
- M PF.Base/module/core/include/service/core.class.php
- M PF.Base/module/core/include/service/country/country.class.php
- M PF.Base/module/core/include/service/country/process.class.php
- M PF.Base/module/core/install/phpfox.xml.php
- D PF.Base/module/core/template/default/block/dashboard.html.php
- M PF.Base/module/core/template/default/controller/admincp/country/index.html.php
- M PF.Base/module/custom/include/service/callback.class.php
- M PF.Base/module/custom/include/service/custom.class.php
- M PF.Base/module/custom/include/service/group/process.class.php
- M PF.Base/module/custom/include/service/process.class.php
- M PF.Base/module/custom/template/default/controller/admincp/add.html.php
- M PF.Base/module/feed/include/component/ajax/ajax.class.php
- M PF.Base/module/feed/include/component/block/checknew.class.php
- M PF.Base/module/feed/include/component/block/display.class.php
- M PF.Base/module/feed/include/service/callback.class.php
- M PF.Base/module/feed/include/service/feed.class.php
- M PF.Base/module/friend/include/component/ajax/ajax.class.php
- M PF.Base/module/friend/include/component/block/request.class.php
- M PF.Base/module/friend/include/component/block/search-small.class.php
- M PF.Base/module/friend/include/service/friend.class.php
- M PF.Base/module/friend/include/service/process.class.php
- M PF.Base/module/friend/include/service/request/process.class.php
- M PF.Base/module/friend/static/jscript/search.js
- M PF.Base/module/friend/template/default/block/search-small.html.php
- M PF.Base/module/like/include/service/like.class.php
- M PF.Base/module/like/include/service/process.class.php
- M PF.Base/module/link/include/component/ajax/ajax.class.php
- M PF.Base/module/link/include/service/callback.class.php
- M PF.Base/module/link/include/service/link.class.php
- M PF.Base/module/link/include/service/process.class.php
- M PF.Base/module/profile/include/component/controller/index.class.php
- M PF.Base/module/profile/include/service/callback.class.php
- M PF.Base/module/report/include/component/block/profile.class.php
- M PF.Base/module/search/template/default/controller/index.html.php
- M PF.Base/module/theme/include/component/ajax/ajax.class.php
- M PF.Base/module/theme/include/component/controller/admincp/index.class.php
- M PF.Base/module/theme/include/phpfox.class.php
- M PF.Base/module/theme/include/plugin/bundle__start.php
- D PF.Base/module/theme/include/service/callback.class.php
- D PF.Base/module/theme/include/service/process.class.php
- D PF.Base/module/theme/include/service/style/process.class.php
- D PF.Base/module/theme/include/service/style/style.class.php
- D PF.Base/module/theme/include/service/template/process.class.php
- D PF.Base/module/theme/include/service/template/template.class.php
- D PF.Base/module/theme/include/service/theme.class.php
- M PF.Base/module/theme/install/phpfox.xml.php
- D PF.Base/module/theme/install/version/3.5.0.xml.php
- D PF.Base/module/theme/static/jscript/cancel.js
- D PF.Base/module/theme/static/jscript/design.js
- D PF.Base/module/theme/static/jscript/designdnd.js
- D PF.Base/module/theme/static/jscript/select.js
- D PF.Base/module/theme/static/jscript/sort.js
- M PF.Base/module/user/include/component/ajax/ajax.class.php
- M PF.Base/module/user/include/component/block/admincp/exportusers.class.php
- A PF.Base/module/user/include/component/block/admincp/importlog.class.php
- A PF.Base/module/user/include/component/block/admincp/importusers.class.php
- M PF.Base/module/user/include/component/block/friendship.class.php
- M PF.Base/module/user/include/component/block/new.class.php
- M PF.Base/module/user/include/component/block/search.class.php
- M PF.Base/module/user/include/component/controller/admincp/browse.class.php
- A PF.Base/module/user/include/component/controller/admincp/downloadtemplatefile.class.php
- M PF.Base/module/user/include/component/controller/admincp/exportusers.class.php
- A PF.Base/module/user/include/component/controller/admincp/importhistory.class.php
- A PF.Base/module/user/include/component/controller/admincp/importlog.class.php
- A PF.Base/module/user/include/component/controller/admincp/importusers.class.php
- M PF.Base/module/user/include/component/controller/browse.class.php
- M PF.Base/module/user/include/component/controller/photo.class.php
- M PF.Base/module/user/include/component/controller/register.class.php
- M PF.Base/module/user/include/component/controller/remove.class.php
- A PF.Base/module/user/include/job/importuser.class.php
- M PF.Base/module/user/include/plugin/job_queue_init.php
- M PF.Base/module/user/include/service/callback.class.php
- M PF.Base/module/user/include/service/cancellations/process.class.php
- M PF.Base/module/user/include/service/featured/featured.class.php
- A PF.Base/module/user/include/service/import.class.php
- M PF.Base/module/user/include/service/process.class.php
- M PF.Base/module/user/install/phpfox.xml.php
- M PF.Base/module/user/static/css/default/default/main.less
- A PF.Base/module/user/static/file/template.csv
- M PF.Base/module/user/static/jscript/browse.js
- M PF.Base/module/user/static/jscript/register.js
- M PF.Base/module/user/template/default/block/admincp/exportusers.html.php
- A PF.Base/module/user/template/default/block/admincp/importlog.html.php
- A PF.Base/module/user/template/default/block/admincp/importusers.html.php
- M PF.Base/module/user/template/default/block/friendship.html.php
- M PF.Base/module/user/template/default/block/new.html.php
- M PF.Base/module/user/template/default/block/search.html.php
- M PF.Base/module/user/template/default/block/user_filter_admin.html.php
- M PF.Base/module/user/template/default/controller/admincp/exportusers.html.php
- A PF.Base/module/user/template/default/controller/admincp/importhistory.html.php
- A PF.Base/module/user/template/default/controller/admincp/importusers.html.php
- M PF.Base/module/user/template/default/controller/profile.html.php
- M PF.Base/module/user/template/default/controller/remove.html.php
- M PF.Base/start.php
- D PF.Base/static/admin.js
- M PF.Base/static/jscript/admin.js
- M PF.Base/theme/adminpanel/default/style/default/css/layout.css
- M PF.Base/theme/adminpanel/default/style/default/css/layout.less
- M PF.Base/theme/adminpanel/default/template/template.html.php
- M PF.Base/theme/default/flavor/default.css
- M PF.Site/Apps/core-flavors/start.php
- M PF.Site/Apps/core-flavors/views/manage.html
- M PF.Site/Apps/core/phrase.json
- M PF.Src/Core/App.php
- M PF.Src/Core/Flavor/Flavor.php
- M PF.Src/Core/Installation/Manager.php
- M PF.Src/Core/Phrase.php
- M PF.Src/Core/Theme/JS.php
- M PF.Src/Core/View/Functions.php
- M index.php
