- M PF.Base/include/library/phpfox/database/driver/mysql.class.php
- M PF.Base/include/library/phpfox/file/file.class.php
- M PF.Base/include/library/phpfox/locale/locale.class.php
- M PF.Base/include/library/phpfox/module/module.class.php
- M PF.Base/include/library/phpfox/pages/browse.class.php
- M PF.Base/include/library/phpfox/pages/pages.class.php
- M PF.Base/include/library/phpfox/parse/input.class.php
- M PF.Base/include/library/phpfox/parse/output.class.php
- M PF.Base/include/library/phpfox/phpfox/phpfox.class.php
- M PF.Base/include/library/phpfox/search/browse.class.php
- M PF.Base/include/library/phpfox/search/search.class.php
- M PF.Base/include/library/phpfox/template/cache.class.php
- M PF.Base/include/library/phpfox/template/template.class.php
- M PF.Base/include/library/phpfox/url/url.class.php
- M PF.Base/include/library/phpfox/validator/validator.class.php
- M PF.Base/install/include/version.php
- M PF.Base/install/include/version/4.5.2.php
- A PF.Base/install/include/version/4.8.10.php
- M PF.Base/less/base/body.less
- M PF.Base/less/base/feed-schedule.less
- M PF.Base/less/base/layout.less
- M PF.Base/less/base/mixins.less
- M PF.Base/less/customize.less
- M PF.Base/less/modules/feed.less
- M PF.Base/less/modules/friend.less
- M PF.Base/less/modules/profile.less
- M PF.Base/module/admincp/include/service/module/process.class.php
- M PF.Base/module/admincp/template/default/block/menu/entry.html.php
- M PF.Base/module/admincp/template/default/block/module/form.html.php
- M PF.Base/module/admincp/template/default/block/product/form.html.php
- M PF.Base/module/ban/include/component/controller/admincp/default.class.php
- M PF.Base/module/ban/include/component/controller/admincp/email.class.php
- M PF.Base/module/ban/include/component/controller/admincp/ip.class.php
- M PF.Base/module/ban/include/service/ban.class.php
- M PF.Base/module/ban/include/service/process.class.php
- M PF.Base/module/ban/template/default/block/form.html.php
- M PF.Base/module/ban/template/default/controller/admincp/default.html.php
- M PF.Base/module/core/include/component/ajax/ajax.class.php
- M PF.Base/module/core/include/component/block/edit-schedule.class.php
- M PF.Base/module/core/include/component/block/template-menufooter.class.php
- M PF.Base/module/core/include/component/controller/admincp/country/import.class.php
- M PF.Base/module/core/include/plugin/validator.admincp_settings_group_general.php
- M PF.Base/module/core/include/service/core.class.php
- M PF.Base/module/core/include/service/currency/currency.class.php
- M PF.Base/module/core/include/service/currency/process.class.php
- M PF.Base/module/core/include/service/schedule.class.php
- M PF.Base/module/core/include/service/stat/stat.class.php
- M PF.Base/module/core/static/jscript/gmap.js
- M PF.Base/module/core/static/jscript/schedule-form.js
- M PF.Base/module/core/template/default/block/schedule-item.html.php
- M PF.Base/module/core/template/default/block/schedule-items.html.php
- M PF.Base/module/core/template/default/block/template-menu-list.html.php
- M PF.Base/module/core/template/default/block/template-menu.html.php
- M PF.Base/module/core/template/default/block/template-menufooter.html.php
- M PF.Base/module/core/template/default/block/template-notification-sm.html.php
- M PF.Base/module/core/template/default/block/template-notification-xs.html.php
- M PF.Base/module/core/template/default/block/template-notification.html.php
- M PF.Base/module/core/template/default/controller/admincp/country/add.html.php
- M PF.Base/module/core/template/default/controller/admincp/country/child/index.html.php
- M PF.Base/module/core/template/default/controller/admincp/currency/add.html.php
- M PF.Base/module/core/template/default/controller/admincp/currency/index.html.php
- M PF.Base/module/core/template/default/controller/admincp/ip.html.php
- M PF.Base/module/custom/include/component/ajax/ajax.class.php
- M PF.Base/module/custom/include/component/controller/admincp/group/add.class.php
- M PF.Base/module/custom/include/service/custom.class.php
- M PF.Base/module/custom/include/service/group/process.class.php
- M PF.Base/module/custom/include/service/process.class.php
- M PF.Base/module/custom/static/jscript/admin.js
- M PF.Base/module/custom/template/default/block/group-form.html.php
- M PF.Base/module/custom/template/default/controller/admincp/add.html.php
- M PF.Base/module/custom/template/default/controller/admincp/group/add.html.php
- M PF.Base/module/feed/include/component/block/display.class.php
- M PF.Base/module/feed/include/component/block/form.class.php
- M PF.Base/module/feed/include/plugin/validator.admincp_settings_feed.php
- M PF.Base/module/feed/include/service/feed.class.php
- M PF.Base/module/feed/static/jscript/feed.js
- M PF.Base/module/feed/static/jscript/places.js
- M PF.Base/module/feed/static/jscript/tag-friends.js
- M PF.Base/module/feed/template/default/block/focus-tagged.html.php
- M PF.Base/module/feed/template/default/block/form2.html.php
- M PF.Base/module/friend/include/component/controller/index.class.php
- M PF.Base/module/friend/include/service/friend.class.php
- M PF.Base/module/friend/include/service/list/list.class.php
- M PF.Base/module/invite/include/component/controller/index.class.php
- M PF.Base/module/invite/include/service/invite.class.php
- M PF.Base/module/invite/include/service/process.class.php
- M PF.Base/module/invite/template/default/controller/index.html.php
- M PF.Base/module/invite/template/default/controller/invitations.html.php
- M PF.Base/module/like/include/component/ajax/ajax.class.php
- M PF.Base/module/like/include/service/process.class.php
- M PF.Base/module/log/include/service/process.class.php
- M PF.Base/module/log/include/service/session.class.php
- M PF.Base/module/log/install/phpfox.xml.php
- M PF.Base/module/page/include/service/process.class.php
- M PF.Base/module/page/template/default/block/view.html.php
- M PF.Base/module/page/template/default/controller/admincp/index.html.php
- M PF.Base/module/page/template/default/controller/view.html.php
- M PF.Base/module/profile/template/default/block/pic.html.php
- M PF.Base/module/report/include/component/ajax/ajax.class.php
- M PF.Base/module/report/include/service/process.class.php
- M PF.Base/module/user/include/component/ajax/ajax.class.php
- M PF.Base/module/user/include/component/block/search.class.php
- M PF.Base/module/user/include/component/controller/admincp/importhistory.class.php
- M PF.Base/module/user/include/component/controller/admincp/inactivereminder.class.php
- M PF.Base/module/user/include/component/controller/browse.class.php
- M PF.Base/module/user/include/component/controller/register.class.php
- M PF.Base/module/user/include/service/auth.class.php
- M PF.Base/module/user/include/service/browse.class.php
- M PF.Base/module/user/include/service/callback.class.php
- M PF.Base/module/user/include/service/import.class.php
- M PF.Base/module/user/include/service/password.class.php
- M PF.Base/module/user/include/service/process.class.php
- M PF.Base/module/user/include/service/user.class.php
- M PF.Base/module/user/include/service/validate.class.php
- M PF.Base/module/user/install/phpfox.xml.php
- M PF.Base/module/user/static/jscript/gender.js
- M PF.Base/module/user/template/default/block/user_filter_admin.html.php
- M PF.Base/module/user/template/default/controller/admincp/add.html.php
- M PF.Base/module/user/template/default/controller/admincp/importhistory.html.php
- M PF.Base/module/user/template/default/controller/browse.html.php
- M PF.Base/module/user/template/default/controller/register.html.php
- M PF.Base/module/user/template/default/controller/setting.html.php
- M PF.Base/static/jscript/main.js
- M PF.Base/theme/frontend/default/style/default/css/selectize.css
- M PF.Site/Apps/core-flavors/assets/autoload.css
- M PF.Site/Apps/core-flavors/assets/autoload.js
- M PF.Site/Apps/core-flavors/start.php
- M PF.Site/Apps/core-flavors/views/homepage.html
- M PF.Site/Apps/core/Installation/Database/SessionData.php
- M PF.Site/Apps/core/phrase.json
- M PF.Src/Core/Flavor/Flavor.php
- M PF.Src/Core/Session/DatabaseAdapter.php
- M PF.Src/Core/Session/MongoDbAdapter.php
- M PF.Src/Core/Storage/AwsS3V3Adapter.php
