- M PF.Base/composer.json
- M PF.Base/composer.lock
- M PF.Base/include/library/phpfox/database/driver/mysql.class.php
- M PF.Base/include/library/phpfox/file/file.class.php
- M PF.Base/include/library/phpfox/image/abstract.class.php
- M PF.Base/include/library/phpfox/image/library/gd.class.php
- M PF.Base/include/library/phpfox/module/module.class.php
- M PF.Base/include/library/phpfox/parse/linkify.class.php
- M PF.Base/include/library/phpfox/parse/output.class.php
- M PF.Base/include/library/phpfox/phone/phone.class.php
- M PF.Base/include/library/phpfox/phpfox/phpfox.class.php
- M PF.Base/include/library/phpfox/template/cache.class.php
- M PF.Base/include/library/phpfox/template/template.class.php
- M PF.Base/include/library/phpfox/url/url.class.php
- M PF.Base/include/library/phpfox/validator/validator.class.php
- M PF.Base/include/setting/environment.sett.php
- M PF.Base/install/include/installer.class.php
- M PF.Base/install/include/version.php
- M PF.Base/install/include/version/4.8.4.php
- A PF.Base/install/include/version/4.8.7.php
- M PF.Base/less/base.less
- M PF.Base/less/base/body.less
- A PF.Base/less/base/feed-schedule.less
- M PF.Base/less/base/layout.less
- M PF.Base/less/base/mixins.less
- M PF.Base/less/bootstrap/navbar.less
- M PF.Base/less/bootstrap/phones.less
- M PF.Base/less/customize.less
- M PF.Base/less/modules/feed.less
- M PF.Base/less/modules/profile.less
- M PF.Base/module/admincp/include/component/controller/menu/add.class.php
- M PF.Base/module/admincp/include/component/controller/menu/index.class.php
- M PF.Base/module/admincp/include/component/controller/setting/edit.class.php
- A PF.Base/module/admincp/include/component/controller/setting/manage.class.php
- M PF.Base/module/admincp/include/component/controller/setting/queue/redis.class.php
- M PF.Base/module/admincp/include/service/block/process.class.php
- M PF.Base/module/admincp/include/service/menu/menu.class.php
- M PF.Base/module/admincp/include/service/menu/process.class.php
- M PF.Base/module/admincp/include/service/product/process.class.php
- M PF.Base/module/admincp/include/service/setting/process.class.php
- M PF.Base/module/admincp/include/service/setting/setting.class.php
- M PF.Base/module/admincp/include/service/sidebar.class.php
- M PF.Base/module/admincp/template/default/block/menu/entry.html.php
- M PF.Base/module/admincp/template/default/controller/menu/add.html.php
- M PF.Base/module/admincp/template/default/controller/menu/index.html.php
- A PF.Base/module/admincp/template/default/controller/setting/manage.html.php
- M PF.Base/module/admincp/template/default/controller/setting/queue/redis.html.php
- M PF.Base/module/attachment/include/component/controller/profile.class.php
- M PF.Base/module/contact/include/component/controller/index.class.php
- M PF.Base/module/contact/include/service/contact.class.php
- M PF.Base/module/contact/template/default/controller/admincp/index.html.php
- M PF.Base/module/core/include/component/ajax/ajax.class.php
- A PF.Base/module/core/include/component/block/edit-schedule.class.php
- M PF.Base/module/core/include/component/block/moderation.class.php
- A PF.Base/module/core/include/component/block/schedule-items.class.php
- M PF.Base/module/core/include/component/block/upload-form.class.php
- M PF.Base/module/core/include/component/controller/index-visitor.class.php
- A PF.Base/module/core/include/job/schedulequeue.class.php
- M PF.Base/module/core/include/plugin/job_queue_init.php
- A PF.Base/module/core/include/plugin/route_start.php
- A PF.Base/module/core/include/plugin/validator.admincp_settings_group_general.php
- A PF.Base/module/core/include/service/api.class.php
- A PF.Base/module/core/include/service/schedule.class.php
- M PF.Base/module/core/install/phpfox.xml.php
- A PF.Base/module/core/install/version/4.8.7.xml.php
- A PF.Base/module/core/static/jscript/schedule-form.js
- A PF.Base/module/core/template/default/block/edit-schedule.html.php
- M PF.Base/module/core/template/default/block/moderation.html.php
- A PF.Base/module/core/template/default/block/schedule-item.html.php
- A PF.Base/module/core/template/default/block/schedule-items.html.php
- M PF.Base/module/core/template/default/block/template-breadcrumbmenu.html.php
- M PF.Base/module/core/template/default/block/template-menu-list.html.php
- M PF.Base/module/core/template/default/block/template-menu.html.php
- M PF.Base/module/core/template/default/block/template-notification-sm.html.php
- M PF.Base/module/core/template/default/block/template-notification-xs.html.php
- M PF.Base/module/core/template/default/block/template-notification.html.php
- M PF.Base/module/custom/include/service/process.class.php
- M PF.Base/module/custom/include/service/relation/process.class.php
- M PF.Base/module/custom/install/phpfox.xml.php
- M PF.Base/module/feed/include/component/ajax/ajax.class.php
- M PF.Base/module/feed/include/component/block/display.class.php
- M PF.Base/module/feed/include/component/block/edit-user-status.class.php
- M PF.Base/module/feed/include/component/block/form.class.php
- M PF.Base/module/feed/include/service/process.class.php
- M PF.Base/module/feed/include/service/tag.class.php
- M PF.Base/module/feed/install/phpfox.xml.php
- M PF.Base/module/feed/static/jscript/feed.js
- M PF.Base/module/feed/static/jscript/places.js
- M PF.Base/module/feed/static/jscript/tag-friends.js
- M PF.Base/module/feed/template/default/block/display.html.php
- A PF.Base/module/feed/template/default/block/feed-schedule.html.php
- M PF.Base/module/feed/template/default/block/form.html.php
- M PF.Base/module/feed/template/default/block/link.html.php
- M PF.Base/module/feed/template/default/block/share.html.php
- M PF.Base/module/feed/template/default/block/with-friend.html.php
- A PF.Base/module/feed/template/default/block/with-schedule.html.php
- M PF.Base/module/friend/include/component/ajax/ajax.class.php
- M PF.Base/module/friend/include/service/friend.class.php
- M PF.Base/module/friend/include/service/suggestion.class.php
- M PF.Base/module/friend/install/phpfox.xml.php
- M PF.Base/module/friend/template/default/controller/index.html.php
- M PF.Base/module/invite/include/component/controller/index.class.php
- M PF.Base/module/invite/include/service/invite.class.php
- A PF.Base/module/invite/static/jscript/invite.js
- M PF.Base/module/language/include/component/block/admincp/multiple.class.php
- M PF.Base/module/language/include/component/controller/admincp/import.class.php
- M PF.Base/module/language/include/component/controller/admincp/index.class.php
- M PF.Base/module/language/include/component/controller/admincp/phrase/phrase.class.php
- M PF.Base/module/language/include/service/phrase/process.class.php
- M PF.Base/module/language/include/service/process.class.php
- M PF.Base/module/language/template/default/block/admincp/multiple.html.php
- A PF.Base/module/language/template/default/block/admincp/upload.html.php
- M PF.Base/module/language/template/default/controller/admincp/import.html.php
- M PF.Base/module/like/include/component/ajax/ajax.class.php
- M PF.Base/module/link/include/component/ajax/ajax.class.php
- M PF.Base/module/link/include/service/callback.class.php
- M PF.Base/module/link/include/service/link.class.php
- M PF.Base/module/link/include/service/process.class.php
- M PF.Base/module/link/install/phpfox.xml.php
- A PF.Base/module/link/install/version/4.8.7.xml.php
- M PF.Base/module/profile/include/component/block/pic.class.php
- M PF.Base/module/profile/template/default/block/pic.html.php
- M PF.Base/module/report/include/service/data/process.class.php
- M PF.Base/module/report/install/phpfox.xml.php
- M PF.Base/module/search/include/component/controller/index.class.php
- M PF.Base/module/search/include/service/search.class.php
- M PF.Base/module/search/template/default/controller/index.html.php
- M PF.Base/module/user/include/component/ajax/ajax.class.php
- A PF.Base/module/user/include/component/block/phone-number-country-codes.class.php
- M PF.Base/module/user/include/component/block/register.class.php
- M PF.Base/module/user/include/component/block/users-you-may-know.class.php
- M PF.Base/module/user/include/component/controller/admincp/inactivereminder.class.php
- M PF.Base/module/user/include/component/controller/admincp/spams/add.class.php
- M PF.Base/module/user/include/component/controller/browse.class.php
- M PF.Base/module/user/include/component/controller/login.class.php
- M PF.Base/module/user/include/component/controller/photo.class.php
- M PF.Base/module/user/include/component/controller/register.class.php
- M PF.Base/module/user/include/component/controller/setting.class.php
- M PF.Base/module/user/include/component/controller/sms/send.class.php
- M PF.Base/module/user/include/component/controller/verify.class.php
- M PF.Base/module/user/include/service/auth.class.php
- M PF.Base/module/user/include/service/callback.class.php
- M PF.Base/module/user/include/service/featured/featured.class.php
- M PF.Base/module/user/include/service/file.class.php
- M PF.Base/module/user/include/service/import.class.php
- M PF.Base/module/user/include/service/password.class.php
- M PF.Base/module/user/include/service/process.class.php
- M PF.Base/module/user/include/service/register.class.php
- M PF.Base/module/user/include/service/user.class.php
- M PF.Base/module/user/include/service/verify/process.class.php
- M PF.Base/module/user/include/service/verify/verify.class.php
- M PF.Base/module/user/install/phpfox.xml.php
- A PF.Base/module/user/template/default/block/phone-number-country-codes.html.php
- M PF.Base/module/user/template/default/block/profile-photo.html.php
- M PF.Base/module/user/template/default/block/register/step1.html.php
- M PF.Base/module/user/template/default/block/search.html.php
- M PF.Base/module/user/template/default/block/user_filter_admin.html.php
- M PF.Base/module/user/template/default/controller/admincp/spams/add.html.php
- M PF.Base/module/user/template/default/controller/browse.html.php
- M PF.Base/module/user/template/default/controller/setting.html.php
- M PF.Base/module/user/template/default/controller/sms/send.html.php
- M PF.Base/start.php
- M PF.Base/static/jscript/admin.js
- M PF.Base/static/jscript/jquery/plugin/imgnotes/jquery.tag.js
- M PF.Base/static/jscript/jquery/plugin/intlTelInput.js
- M PF.Base/static/jscript/jquery/plugin/jquery.datepicker.js
- M PF.Base/static/jscript/main.js
- M PF.Base/static/jscript/thickbox/thickbox.js
- M PF.Base/theme/adminpanel/default/style/default/css/layout.css
- M PF.Base/theme/adminpanel/default/style/default/css/layout.less
- M PF.Base/theme/bootstrap/flavor/default.css
- M PF.Base/theme/default/flavor/default.css
- M PF.Base/theme/frontend/default/style/default/image/misc/flags.png
- M PF.Base/theme/frontend/default/style/default/image/misc/flags@2x.png
- M PF.Base/tools/upgrade.php
- M PF.Base/vendor/composer/InstalledVersions.php
- M PF.Base/vendor/composer/autoload_classmap.php
- M PF.Base/vendor/composer/autoload_files.php
- M PF.Base/vendor/composer/autoload_psr4.php
- M PF.Base/vendor/composer/autoload_static.php
- M PF.Base/vendor/composer/installed.json
- M PF.Base/vendor/composer/installed.php
- A PF.Base/vendor/facebook/graph-sdk/CODE_OF_CONDUCT.md
- A PF.Base/vendor/facebook/graph-sdk/LICENSE
- A PF.Base/vendor/facebook/graph-sdk/composer.json
- A PF.Base/vendor/facebook/graph-sdk/phpcs.xml.dist
- A PF.Base/vendor/facebook/graph-sdk/src/Facebook/Authentication/AccessToken.php
- A PF.Base/vendor/facebook/graph-sdk/src/Facebook/Authentication/AccessTokenMetadata.php
- A PF.Base/vendor/facebook/graph-sdk/src/Facebook/Authentication/OAuth2Client.php
- A PF.Base/vendor/facebook/graph-sdk/src/Facebook/Exceptions/FacebookAuthenticationException.php
- A PF.Base/vendor/facebook/graph-sdk/src/Facebook/Exceptions/FacebookAuthorizationException.php
- A PF.Base/vendor/facebook/graph-sdk/src/Facebook/Exceptions/FacebookClientException.php
- A PF.Base/vendor/facebook/graph-sdk/src/Facebook/Exceptions/FacebookOtherException.php
- A PF.Base/vendor/facebook/graph-sdk/src/Facebook/Exceptions/FacebookResponseException.php
- A PF.Base/vendor/facebook/graph-sdk/src/Facebook/Exceptions/FacebookResumableUploadException.php
- A PF.Base/vendor/facebook/graph-sdk/src/Facebook/Exceptions/FacebookSDKException.php
- A PF.Base/vendor/facebook/graph-sdk/src/Facebook/Exceptions/FacebookServerException.php
- A PF.Base/vendor/facebook/graph-sdk/src/Facebook/Exceptions/FacebookThrottleException.php
- A PF.Base/vendor/facebook/graph-sdk/src/Facebook/Facebook.php
- A PF.Base/vendor/facebook/graph-sdk/src/Facebook/FacebookApp.php
- A PF.Base/vendor/facebook/graph-sdk/src/Facebook/FacebookBatchRequest.php
- A PF.Base/vendor/facebook/graph-sdk/src/Facebook/FacebookBatchResponse.php
- A PF.Base/vendor/facebook/graph-sdk/src/Facebook/FacebookClient.php
- A PF.Base/vendor/facebook/graph-sdk/src/Facebook/FacebookRequest.php
- A PF.Base/vendor/facebook/graph-sdk/src/Facebook/FacebookResponse.php
- A PF.Base/vendor/facebook/graph-sdk/src/Facebook/FileUpload/FacebookFile.php
- A PF.Base/vendor/facebook/graph-sdk/src/Facebook/FileUpload/FacebookResumableUploader.php
- A PF.Base/vendor/facebook/graph-sdk/src/Facebook/FileUpload/FacebookTransferChunk.php
- A PF.Base/vendor/facebook/graph-sdk/src/Facebook/FileUpload/FacebookVideo.php
- A PF.Base/vendor/facebook/graph-sdk/src/Facebook/FileUpload/Mimetypes.php
- A PF.Base/vendor/facebook/graph-sdk/src/Facebook/GraphNodes/Birthday.php
- A PF.Base/vendor/facebook/graph-sdk/src/Facebook/GraphNodes/Collection.php
- A PF.Base/vendor/facebook/graph-sdk/src/Facebook/GraphNodes/GraphAchievement.php
- A PF.Base/vendor/facebook/graph-sdk/src/Facebook/GraphNodes/GraphAlbum.php
- A PF.Base/vendor/facebook/graph-sdk/src/Facebook/GraphNodes/GraphApplication.php
- A PF.Base/vendor/facebook/graph-sdk/src/Facebook/GraphNodes/GraphCoverPhoto.php
- A PF.Base/vendor/facebook/graph-sdk/src/Facebook/GraphNodes/GraphEdge.php
- A PF.Base/vendor/facebook/graph-sdk/src/Facebook/GraphNodes/GraphEvent.php
- A PF.Base/vendor/facebook/graph-sdk/src/Facebook/GraphNodes/GraphGroup.php
- A PF.Base/vendor/facebook/graph-sdk/src/Facebook/GraphNodes/GraphList.php
- A PF.Base/vendor/facebook/graph-sdk/src/Facebook/GraphNodes/GraphLocation.php
- A PF.Base/vendor/facebook/graph-sdk/src/Facebook/GraphNodes/GraphNode.php
- A PF.Base/vendor/facebook/graph-sdk/src/Facebook/GraphNodes/GraphNodeFactory.php
- A PF.Base/vendor/facebook/graph-sdk/src/Facebook/GraphNodes/GraphObject.php
- A PF.Base/vendor/facebook/graph-sdk/src/Facebook/GraphNodes/GraphObjectFactory.php
- A PF.Base/vendor/facebook/graph-sdk/src/Facebook/GraphNodes/GraphPage.php
- A PF.Base/vendor/facebook/graph-sdk/src/Facebook/GraphNodes/GraphPicture.php
- A PF.Base/vendor/facebook/graph-sdk/src/Facebook/GraphNodes/GraphSessionInfo.php
- A PF.Base/vendor/facebook/graph-sdk/src/Facebook/GraphNodes/GraphUser.php
- A PF.Base/vendor/facebook/graph-sdk/src/Facebook/Helpers/FacebookCanvasHelper.php
- A PF.Base/vendor/facebook/graph-sdk/src/Facebook/Helpers/FacebookJavaScriptHelper.php
- A PF.Base/vendor/facebook/graph-sdk/src/Facebook/Helpers/FacebookPageTabHelper.php
- A PF.Base/vendor/facebook/graph-sdk/src/Facebook/Helpers/FacebookRedirectLoginHelper.php
- A PF.Base/vendor/facebook/graph-sdk/src/Facebook/Helpers/FacebookSignedRequestFromInputHelper.php
- A PF.Base/vendor/facebook/graph-sdk/src/Facebook/Http/GraphRawResponse.php
- A PF.Base/vendor/facebook/graph-sdk/src/Facebook/Http/RequestBodyInterface.php
- A PF.Base/vendor/facebook/graph-sdk/src/Facebook/Http/RequestBodyMultipart.php
- A PF.Base/vendor/facebook/graph-sdk/src/Facebook/Http/RequestBodyUrlEncoded.php
- A PF.Base/vendor/facebook/graph-sdk/src/Facebook/HttpClients/FacebookCurl.php
- A PF.Base/vendor/facebook/graph-sdk/src/Facebook/HttpClients/FacebookCurlHttpClient.php
- A PF.Base/vendor/facebook/graph-sdk/src/Facebook/HttpClients/FacebookGuzzleHttpClient.php
- A PF.Base/vendor/facebook/graph-sdk/src/Facebook/HttpClients/FacebookHttpClientInterface.php
- A PF.Base/vendor/facebook/graph-sdk/src/Facebook/HttpClients/FacebookStream.php
- A PF.Base/vendor/facebook/graph-sdk/src/Facebook/HttpClients/FacebookStreamHttpClient.php
- A PF.Base/vendor/facebook/graph-sdk/src/Facebook/HttpClients/HttpClientsFactory.php
- A PF.Base/vendor/facebook/graph-sdk/src/Facebook/HttpClients/certs/DigiCertHighAssuranceEVRootCA.pem
- A PF.Base/vendor/facebook/graph-sdk/src/Facebook/PersistentData/FacebookMemoryPersistentDataHandler.php
- A PF.Base/vendor/facebook/graph-sdk/src/Facebook/PersistentData/FacebookSessionPersistentDataHandler.php
- A PF.Base/vendor/facebook/graph-sdk/src/Facebook/PersistentData/PersistentDataFactory.php
- A PF.Base/vendor/facebook/graph-sdk/src/Facebook/PersistentData/PersistentDataInterface.php
- A PF.Base/vendor/facebook/graph-sdk/src/Facebook/PseudoRandomString/McryptPseudoRandomStringGenerator.php
- A PF.Base/vendor/facebook/graph-sdk/src/Facebook/PseudoRandomString/OpenSslPseudoRandomStringGenerator.php
- A PF.Base/vendor/facebook/graph-sdk/src/Facebook/PseudoRandomString/PseudoRandomStringGeneratorFactory.php
- A PF.Base/vendor/facebook/graph-sdk/src/Facebook/PseudoRandomString/PseudoRandomStringGeneratorInterface.php
- A PF.Base/vendor/facebook/graph-sdk/src/Facebook/PseudoRandomString/PseudoRandomStringGeneratorTrait.php
- A PF.Base/vendor/facebook/graph-sdk/src/Facebook/PseudoRandomString/RandomBytesPseudoRandomStringGenerator.php
- A PF.Base/vendor/facebook/graph-sdk/src/Facebook/PseudoRandomString/UrandomPseudoRandomStringGenerator.php
- A PF.Base/vendor/facebook/graph-sdk/src/Facebook/SignedRequest.php
- A PF.Base/vendor/facebook/graph-sdk/src/Facebook/Url/FacebookUrlDetectionHandler.php
- A PF.Base/vendor/facebook/graph-sdk/src/Facebook/Url/FacebookUrlManipulator.php
- A PF.Base/vendor/facebook/graph-sdk/src/Facebook/Url/UrlDetectionInterface.php
- A PF.Base/vendor/facebook/graph-sdk/src/Facebook/autoload.php
- A PF.Base/vendor/facebook/graph-sdk/src/Facebook/polyfills.php
- M PF.Base/vendor/guzzlehttp/promises/src/functions.php
- A PF.Base/vendor/vimeo/vimeo-api/.gitattributes
- A PF.Base/vendor/vimeo/vimeo-api/.gitignore
- A PF.Base/vendor/vimeo/vimeo-api/.styleci.yml
- A PF.Base/vendor/vimeo/vimeo-api/.travis.yml
- A PF.Base/vendor/vimeo/vimeo-api/CHANGELOG.md
- A PF.Base/vendor/vimeo/vimeo-api/CONTRIBUTING.md
- A PF.Base/vendor/vimeo/vimeo-api/LICENSE
- A PF.Base/vendor/vimeo/vimeo-api/README.md
- A PF.Base/vendor/vimeo/vimeo-api/autoload.php
- A PF.Base/vendor/vimeo/vimeo-api/certificates/vimeo-api.pem
- A PF.Base/vendor/vimeo/vimeo-api/composer.json
- A PF.Base/vendor/vimeo/vimeo-api/phpunit.xml
- A PF.Base/vendor/vimeo/vimeo-api/src/Vimeo/Exceptions/ExceptionInterface.php
- A PF.Base/vendor/vimeo/vimeo-api/src/Vimeo/Exceptions/VimeoRequestException.php
- A PF.Base/vendor/vimeo/vimeo-api/src/Vimeo/Exceptions/VimeoUploadException.php
- A PF.Base/vendor/vimeo/vimeo-api/src/Vimeo/Vimeo.php
- A PF.Base/vendor/vimeo/vimeo-api/tests/Vimeo/VimeoTest.php
- M PF.Site/Apps/core-flavors/assets/autoload.js
- M PF.Site/Apps/core-flavors/flavors/bootstrap.json
- M PF.Site/Apps/core-flavors/start.php
- M PF.Site/Apps/core/Install.php
- A PF.Site/Apps/core/Installation/Database/Schedule.php
- M PF.Site/Apps/core/phrase.json
- M PF.Src/Core/App/App.php
- M PF.Src/Core/Flavor/Flavor.php
