- M PF.Base/composer.json
- M PF.Base/include/init.inc.php
- M PF.Base/include/library/phpfox/cdn/cdn.class.php
- M PF.Base/include/library/phpfox/database/driver/mysql.class.php
- M PF.Base/include/library/phpfox/file/minimize.class.php
- M PF.Base/include/library/phpfox/image/helper.class.php
- M PF.Base/include/library/phpfox/mail/mail.class.php
- M PF.Base/include/library/phpfox/module/module.class.php
- M PF.Base/include/library/phpfox/parse/bbcode.class.php
- M PF.Base/include/library/phpfox/parse/input.class.php
- M PF.Base/include/library/phpfox/parse/output.class.php
- M PF.Base/include/library/phpfox/phpfox/phpfox.class.php
- M PF.Base/include/library/phpfox/phpfox/support.php
- M PF.Base/include/library/phpfox/queue/queue.class.php
- M PF.Base/include/library/phpfox/session/handler/memcache.class.php
- M PF.Base/include/library/phpfox/session/storage/session.class.php
- M PF.Base/include/library/phpfox/setting/setting.class.php
- M PF.Base/include/library/phpfox/template/cache.class.php
- M PF.Base/include/library/phpfox/template/template.class.php
- M PF.Base/include/library/phpfox/url/url.class.php
- M PF.Base/include/package.config.php
- A PF.Base/include/setting/enviroment.sett.php
- A PF.Base/include/setting/example-www.conf
- A PF.Base/include/setting/server.sett.dist.php.new
- M PF.Base/install/include/installer.class.php
- M PF.Base/install/include/version.php
- A PF.Base/install/include/version/4.8.0.php
- M PF.Base/install/index.php
- M PF.Base/less/base/common.less
- M PF.Base/less/base/rtl2.less
- M PF.Base/less/customize.less
- M PF.Base/less/modules/feed.less
- M PF.Base/less/modules/pages.less
- A PF.Base/module/admincp/include/component/ajax/setting/ajax.class.php
- M PF.Base/module/admincp/include/component/controller/app/add.class.php
- M PF.Base/module/admincp/include/component/controller/apps/ajax.class.php
- A PF.Base/module/admincp/include/component/controller/apps/uploaded.class.php
- M PF.Base/module/admincp/include/component/controller/block/setting.class.php
- A PF.Base/module/admincp/include/component/controller/environment.class.php
- M PF.Base/module/admincp/include/component/controller/index.class.php
- A PF.Base/module/admincp/include/component/controller/maintain/bundle.class.php
- A PF.Base/module/admincp/include/component/controller/setting/assets/manage.class.php
- A PF.Base/module/admincp/include/component/controller/setting/assets/transfer.class.php
- M PF.Base/module/admincp/include/component/controller/setting/edit.class.php
- M PF.Base/module/admincp/include/component/controller/setting/license.class.php
- A PF.Base/module/admincp/include/component/controller/setting/logger/database.class.php
- A PF.Base/module/admincp/include/component/controller/setting/logger/local.class.php
- A PF.Base/module/admincp/include/component/controller/setting/logger/manage.class.php
- A PF.Base/module/admincp/include/component/controller/setting/logger/mongodb.class.php
- A PF.Base/module/admincp/include/component/controller/setting/logger/view.class.php
- A PF.Base/module/admincp/include/component/controller/setting/queue/beanstalk.class.php
- A PF.Base/module/admincp/include/component/controller/setting/queue/database.class.php
- A PF.Base/module/admincp/include/component/controller/setting/queue/manage.class.php
- A PF.Base/module/admincp/include/component/controller/setting/queue/mongodb.class.php
- A PF.Base/module/admincp/include/component/controller/setting/queue/redis.class.php
- A PF.Base/module/admincp/include/component/controller/setting/queue/sqs.class.php
- A PF.Base/module/admincp/include/component/controller/setting/queue/transfer.class.php
- A PF.Base/module/admincp/include/component/controller/setting/session/database.class.php
- A PF.Base/module/admincp/include/component/controller/setting/session/local.class.php
- A PF.Base/module/admincp/include/component/controller/setting/session/manage.class.php
- A PF.Base/module/admincp/include/component/controller/setting/session/memcached.class.php
- A PF.Base/module/admincp/include/component/controller/setting/session/mongodb.class.php
- A PF.Base/module/admincp/include/component/controller/setting/session/redis.class.php
- A PF.Base/module/admincp/include/component/controller/setting/sms/manage.class.php
- A PF.Base/module/admincp/include/component/controller/setting/storage/add.class.php
- A PF.Base/module/admincp/include/component/controller/setting/storage/dospace.class.php
- A PF.Base/module/admincp/include/component/controller/setting/storage/ftp.class.php
- A PF.Base/module/admincp/include/component/controller/setting/storage/local.class.php
- A PF.Base/module/admincp/include/component/controller/setting/storage/manage.class.php
- A PF.Base/module/admincp/include/component/controller/setting/storage/s3.class.php
- A PF.Base/module/admincp/include/component/controller/setting/storage/s3compatible.class.php
- A PF.Base/module/admincp/include/component/controller/setting/storage/sftp.class.php
- A PF.Base/module/admincp/include/component/controller/setting/storage/transfer.class.php
- M PF.Base/module/admincp/include/component/controller/setting/url.class.php
- M PF.Base/module/admincp/include/component/controller/stat/index.class.php
- M PF.Base/module/admincp/include/service/admincp.class.php
- M PF.Base/module/admincp/include/service/setting/process.class.php
- M PF.Base/module/admincp/include/service/sidebar.class.php
- M PF.Base/module/admincp/install/phpfox.xml.php
- A PF.Base/module/admincp/static/jscript/asset.js
- A PF.Base/module/admincp/static/jscript/logger.js
- A PF.Base/module/admincp/static/jscript/storage.js
- A PF.Base/module/admincp/template/default/block/log-enable.html.php
- A PF.Base/module/admincp/template/default/block/log-level-choices.html.php
- A PF.Base/module/admincp/template/default/block/message-queue-default.html.php
- M PF.Base/module/admincp/template/default/block/product/form.html.php
- A PF.Base/module/admincp/template/default/block/session-default.html.php
- A PF.Base/module/admincp/template/default/block/storage-default.html.php
- A PF.Base/module/admincp/template/default/block/storage-enable.html.php
- A PF.Base/module/admincp/template/default/block/transfer-file-configuration-notice.html.php
- A PF.Base/module/admincp/template/default/controller/apps/uploaded.html.php
- M PF.Base/module/admincp/template/default/controller/component/add.html.php
- A PF.Base/module/admincp/template/default/controller/environment.html.php
- A PF.Base/module/admincp/template/default/controller/maintain/bundle.html.php
- M PF.Base/module/admincp/template/default/controller/menu/add.html.php
- M PF.Base/module/admincp/template/default/controller/plugin/hook/add.html.php
- M PF.Base/module/admincp/template/default/controller/product/file.html.php
- M PF.Base/module/admincp/template/default/controller/setting/add.html.php
- A PF.Base/module/admincp/template/default/controller/setting/assets/manage.html.php
- A PF.Base/module/admincp/template/default/controller/setting/assets/transfer.html.php
- M PF.Base/module/admincp/template/default/controller/setting/file.html.php
- M PF.Base/module/admincp/template/default/controller/setting/group/add.html.php
- M PF.Base/module/admincp/template/default/controller/setting/license.html.php
- A PF.Base/module/admincp/template/default/controller/setting/logger/database.html.php
- A PF.Base/module/admincp/template/default/controller/setting/logger/local.html.php
- A PF.Base/module/admincp/template/default/controller/setting/logger/manage.html.php
- A PF.Base/module/admincp/template/default/controller/setting/logger/mongodb.html.php
- A PF.Base/module/admincp/template/default/controller/setting/logger/view.html.php
- A PF.Base/module/admincp/template/default/controller/setting/queue/beanstalk.html.php
- A PF.Base/module/admincp/template/default/controller/setting/queue/database.html.php
- A PF.Base/module/admincp/template/default/controller/setting/queue/manage.html.php
- A PF.Base/module/admincp/template/default/controller/setting/queue/mongodb.html.php
- A PF.Base/module/admincp/template/default/controller/setting/queue/redis.html.php
- A PF.Base/module/admincp/template/default/controller/setting/queue/sqs.html.php
- A PF.Base/module/admincp/template/default/controller/setting/queue/transfer.html.php
- A PF.Base/module/admincp/template/default/controller/setting/session/database.html.php
- A PF.Base/module/admincp/template/default/controller/setting/session/local.html.php
- A PF.Base/module/admincp/template/default/controller/setting/session/manage.html.php
- A PF.Base/module/admincp/template/default/controller/setting/session/memcached.html.php
- A PF.Base/module/admincp/template/default/controller/setting/session/mongodb.html.php
- A PF.Base/module/admincp/template/default/controller/setting/session/redis.html.php
- A PF.Base/module/admincp/template/default/controller/setting/storage/add.html.php
- A PF.Base/module/admincp/template/default/controller/setting/storage/dospace.html.php
- A PF.Base/module/admincp/template/default/controller/setting/storage/ftp.html.php
- A PF.Base/module/admincp/template/default/controller/setting/storage/local.html.php
- A PF.Base/module/admincp/template/default/controller/setting/storage/manage.html.php
- A PF.Base/module/admincp/template/default/controller/setting/storage/s3.html.php
- A PF.Base/module/admincp/template/default/controller/setting/storage/s3compatible.html.php
- A PF.Base/module/admincp/template/default/controller/setting/storage/sftp.html.php
- A PF.Base/module/admincp/template/default/controller/setting/storage/transfer.html.php
- A PF.Base/module/admincp/template/default/controller/storage/index.html.php
- M PF.Base/module/ban/include/service/process.class.php
- M PF.Base/module/core/include/component/ajax/ajax.class.php
- M PF.Base/module/core/include/component/block/fe-site-stat.class.php
- M PF.Base/module/core/include/component/block/gmap-block.class.php
- M PF.Base/module/core/include/component/block/template-notification.class.php
- M PF.Base/module/core/include/component/controller/index-visitor.class.php
- M PF.Base/module/core/include/component/controller/site-stat.class.php
- M PF.Base/module/core/include/service/admincp/admincp.class.php
- M PF.Base/module/core/include/service/core.class.php
- M PF.Base/module/core/include/service/country/process.class.php
- M PF.Base/module/core/include/service/stat/stat.class.php
- M PF.Base/module/custom/include/service/custom.class.php
- M PF.Base/module/custom/include/service/relation/process.class.php
- M PF.Base/module/custom/static/jscript/admin.js
- M PF.Base/module/feed/include/component/ajax/ajax.class.php
- M PF.Base/module/feed/include/component/block/display.class.php
- M PF.Base/module/feed/include/component/block/edit-user-status.class.php
- M PF.Base/module/feed/include/service/feed.class.php
- M PF.Base/module/feed/include/service/process.class.php
- M PF.Base/module/feed/static/jscript/feed.js
- M PF.Base/module/feed/static/jscript/places.js
- M PF.Base/module/feed/template/default/block/checkin.html.php
- M PF.Base/module/feed/template/default/block/edit-user-status.html.php
- M PF.Base/module/feed/template/default/block/entry.html.php
- M PF.Base/module/feed/template/default/block/form.html.php
- M PF.Base/module/feed/template/default/block/share.html.php
- M PF.Base/module/friend/include/service/friend.class.php
- M PF.Base/module/friend/include/service/process.class.php
- M PF.Base/module/language/include/service/language.class.php
- M PF.Base/module/language/template/default/controller/admincp/file.html.php
- M PF.Base/module/language/template/default/controller/admincp/phrase/add.html.php
- M PF.Base/module/like/include/service/process.class.php
- M PF.Base/module/link/include/service/callback.class.php
- M PF.Base/module/link/include/service/link.class.php
- M PF.Base/module/link/include/service/process.class.php
- M PF.Base/module/link/install/phpfox.xml.php
- M PF.Base/module/log/include/service/session.class.php
- M PF.Base/module/notification/include/service/notification.class.php
- M PF.Base/module/profile/include/component/block/pic.class.php
- M PF.Base/module/profile/include/component/controller/index.class.php
- M PF.Base/module/profile/template/default/block/pic.html.php
- M PF.Base/module/profile/template/default/controller/index.html.php
- M PF.Base/module/report/include/service/report.class.php
- M PF.Base/module/share/include/component/block/addthis.class.php
- M PF.Base/module/user/include/component/ajax/ajax.class.php
- M PF.Base/module/user/include/component/block/tooltip.class.php
- M PF.Base/module/user/include/component/controller/admincp/inactivereminder.class.php
- M PF.Base/module/user/include/service/auth.class.php
- M PF.Base/module/user/include/service/block/process.class.php
- M PF.Base/module/user/include/service/callback.class.php
- M PF.Base/module/user/include/service/process.class.php
- M PF.Base/module/user/include/service/user.class.php
- M PF.Base/module/user/include/service/verify/process.class.php
- M PF.Base/module/user/template/default/block/tooltip.html.php
- M PF.Base/module/user/template/default/controller/admincp/group/setting.html.php
- M PF.Base/module/user/template/default/controller/admincp/inactivereminder.html.php
- M PF.Base/start.php
- A PF.Base/static/image/misc/en.png
- M PF.Base/static/jscript/dropzone.js
- M PF.Base/static/jscript/main.js
- M PF.Base/theme/adminpanel/default/style/default/css/layout.css
- M PF.Base/theme/adminpanel/default/style/default/css/layout.less
- M PF.Base/theme/adminpanel/default/template/template.html.php
- M PF.Base/theme/bootstrap/flavor/default.css
- M PF.Base/theme/default/flavor/default.css
- M PF.Base/theme/frontend/default/style/default/css/layout.css
- M PF.Base/theme/frontend/default/style/default/css/layout.less
- M PF.Base/theme/frontend/default/style/default/image/favicon.ico
- M PF.Base/tools/ping.php
- M PF.Base/vendor/*
- M PF.Site/Apps/core-flavors/assets/autoload.js
- M PF.Site/Apps/core-flavors/hooks/template_getfooter_end.php
- M PF.Site/Apps/core-flavors/hooks/template_getheader_end.php
- M PF.Site/Apps/core-flavors/hooks/theme.component_controller_admincp_index.php
- M PF.Site/Apps/core-flavors/start.php
- M PF.Site/Apps/core-flavors/views/delete.html
- M PF.Site/Apps/core-flavors/views/homepage.html
- M PF.Site/Apps/core-flavors/views/manage.html
- M PF.Site/Apps/core-flavors/views/revert.html
- A PF.Site/Apps/core-flavors/views/revert_pre_version.html
- M PF.Site/Apps/core/Install.php
- A PF.Site/Apps/core/Installation/Database/LogData.php
- A PF.Site/Apps/core/Installation/Database/LogService.php
- A PF.Site/Apps/core/Installation/Database/SessionData.php
- A PF.Site/Apps/core/Installation/Database/SessionService.php
- A PF.Site/Apps/core/Installation/Database/SqsQueue.php
- A PF.Site/Apps/core/Installation/Database/SqsService.php
- A PF.Site/Apps/core/Installation/Database/Storage.php
- A PF.Site/Apps/core/Installation/Database/StorageService.php
- A PF.Site/Apps/core/Installation/Version/v480.php
- A PF.Site/Apps/core/Job/TransferAssetFiles.php
- A PF.Site/Apps/core/Job/TransferStorageFiles.php
- A PF.Site/Apps/core/Job/TransferStorageFilesRemoveLocal.php
- A PF.Site/Apps/core/Job/TransferStorageFilesUpdateDB.php
- A PF.Site/Apps/core/Job/TransferStorageFilesUpdateDBExecute.php
- M PF.Site/Apps/core/hooks/job_queue_init.php
- A PF.Site/Apps/core/installer.php
- M PF.Site/Apps/core/phrase.json
- M PF.Src/Core/App.php
- A PF.Src/Core/Assets/Manager.php
- M PF.Src/Core/Engine.php
- M PF.Src/Core/Flavor/Flavor.php
- M PF.Src/Core/Installation/FileHelper.php
- M PF.Src/Core/Installation/Manager.php
- A PF.Src/Core/Log/Admincp.php
- A PF.Src/Core/Log/DatabaseAdapter.php
- D PF.Src/Core/Log/LogManager.php
- A PF.Src/Core/Log/Manager.php
- A PF.Src/Core/Log/MongoDbHandler.php
- M PF.Src/Core/Log/NullLogger.php
- A PF.Src/Core/Log/SlackHandler.php
- M PF.Src/Core/Log/StreamLogger.php
- A PF.Src/Core/Queue/Admincp.php
- A PF.Src/Core/Queue/AwsSQSAdapter.php
- M PF.Src/Core/Queue/JobAbstract.php
- M PF.Src/Core/Queue/JobRepositoryDatabase.php
- M PF.Src/Core/Queue/JobRepositoryInterface.php
- M PF.Src/Core/Queue/Manager.php
- A PF.Src/Core/Queue/MongoDbAdapter.php
- A PF.Src/Core/Queue/PheanstalkAdapter.php
- A PF.Src/Core/Queue/RedisAdapter.php
- A PF.Src/Core/SMS/Admincp.php
- A PF.Src/Core/SMS/ClickatellSmsSender.php
- A PF.Src/Core/SMS/NexmoSmsSender.php
- A PF.Src/Core/SMS/SmsManager.php
- A PF.Src/Core/SMS/SmsSenderInterface.php
- A PF.Src/Core/SMS/TwilioSmsSender.php
- A PF.Src/Core/Session/Admincp.php
- A PF.Src/Core/Session/BuiltInAdapter.php
- A PF.Src/Core/Session/DatabaseAdapter.php
- A PF.Src/Core/Session/MemcachedAdapter.php
- A PF.Src/Core/Session/MongoDbAdapter.php
- A PF.Src/Core/Session/NullAdapter.php
- A PF.Src/Core/Session/RedisAdapter.php
- A PF.Src/Core/Session/SaveHandlerInterface.php
- A PF.Src/Core/Session/SessionManager.php
- M PF.Src/Core/Setting.php
- A PF.Src/Core/Storage/Admincp.php
- A PF.Src/Core/Storage/AwsS3V3Adapter.php
- A PF.Src/Core/Storage/AzureBlobStorageAdapter.php
- A PF.Src/Core/Storage/DigitalOceanSpaceAdapter.php
- A PF.Src/Core/Storage/FTPAdapter.php
- A PF.Src/Core/Storage/Filesystem.php
- A PF.Src/Core/Storage/FilesystemInterface.php
- A PF.Src/Core/Storage/GoogleStorageAdapter.php
- A PF.Src/Core/Storage/LocalAdapter.php
- A PF.Src/Core/Storage/RackspaceAdapter.php
- A PF.Src/Core/Storage/S3CompatibleAdapter.php
- A PF.Src/Core/Storage/SFTPAdapter.php
- A PF.Src/Core/Storage/StorageAdapterInterface.php
- A PF.Src/Core/Storage/StorageManager.php
- M PF.Src/Core/Theme/CSS.php
- A README.md
- M cron.php
