- M PF.Base/include/library/phpfox/ajax/ajax.class.php
- M PF.Base/include/library/phpfox/cache/storage/driver.class.php
- M PF.Base/include/library/phpfox/cron/cron.class.php
- M PF.Base/include/library/phpfox/database/dba.class.php
- M PF.Base/include/library/phpfox/database/driver/mysql.class.php
- M PF.Base/include/library/phpfox/database/driver/postgres.class.php
- M PF.Base/include/library/phpfox/file/file.class.php
- M PF.Base/include/library/phpfox/ftp/ftp.class.php
- M PF.Base/include/library/phpfox/gateway/api/paypal.class.php
- M PF.Base/include/library/phpfox/image/helper.class.php
- M PF.Base/include/library/phpfox/locale/locale.class.php
- M PF.Base/include/library/phpfox/location/gmap.class.php
- M PF.Base/include/library/phpfox/mail/driver/phpmailer/mail.class.php
- M PF.Base/include/library/phpfox/mail/driver/phpmailer/smtp.class.php
- M PF.Base/include/library/phpfox/mail/mail.class.php
- M PF.Base/include/library/phpfox/pager/pager.class.php
- M PF.Base/include/library/phpfox/pages/pages.class.php
- M PF.Base/include/library/phpfox/parse/css.class.php
- M PF.Base/include/library/phpfox/parse/input.class.php
- M PF.Base/include/library/phpfox/parse/output.class.php
- M PF.Base/include/library/phpfox/phone/phone.class.php
- M PF.Base/include/library/phpfox/phpfox/phpfox.class.php
- M PF.Base/include/library/phpfox/phpfox/support.php
- M PF.Base/include/library/phpfox/request/request.class.php
- M PF.Base/include/library/phpfox/search/browse.class.php
- M PF.Base/include/library/phpfox/search/search.class.php
- M PF.Base/include/library/phpfox/session/handler/file.class.php
- M PF.Base/include/library/phpfox/session/storage/cookie.class.php
- M PF.Base/include/library/phpfox/session/storage/session.class.php
- M PF.Base/include/library/phpfox/setting/setting.class.php
- M PF.Base/include/library/phpfox/spam/hash.class.php
- M PF.Base/include/library/phpfox/spam/spam.class.php
- M PF.Base/include/library/phpfox/template/cache.class.php
- M PF.Base/include/library/phpfox/template/template.class.php
- M PF.Base/include/library/phpfox/validator/validator.class.php
- M PF.Base/include/library/phpfox/xml/builder.class.php
- M PF.Base/include/library/phpfox/xml/parser.class.php
- M PF.Base/include/setting/constant.sett.php
- M PF.Base/include/setting/techie.sett.php
- M PF.Base/include/setting/validator.sett.php
- M PF.Base/install/include/installer.class.php
- M PF.Base/install/include/version.php
- A PF.Base/install/include/version/4.8.6.php
- M PF.Base/less/base/browse.less
- M PF.Base/less/base/common.less
- M PF.Base/less/base/editor.less
- M PF.Base/less/base/noimage.less
- M PF.Base/less/modules/feed.less
- M PF.Base/module/.gitignore
- M PF.Base/module/admincp/include/component/controller/app/index.class.php
- M PF.Base/module/admincp/include/component/controller/apps/ajax.class.php
- M PF.Base/module/admincp/include/component/controller/apps/index.class.php
- M PF.Base/module/admincp/include/component/controller/apps/uploaded.class.php
- M PF.Base/module/admincp/include/component/controller/index.class.php
- M PF.Base/module/admincp/include/component/controller/seo/meta.class.php
- M PF.Base/module/admincp/include/component/controller/seo/nofollow.class.php
- M PF.Base/module/admincp/include/component/controller/seo/rewrite.class.php
- M PF.Base/module/admincp/include/component/controller/setting/add.class.php
- M PF.Base/module/admincp/include/component/controller/setting/edit.class.php
- M PF.Base/module/admincp/include/service/admincp.class.php
- M PF.Base/module/admincp/include/service/apps/apps.class.php
- M PF.Base/module/admincp/include/service/callback.class.php
- M PF.Base/module/admincp/include/service/maintain/deletefiles.class.php
- M PF.Base/module/admincp/include/service/module/module.class.php
- M PF.Base/module/admincp/include/service/module/process.class.php
- M PF.Base/module/admincp/include/service/product/product.class.php
- M PF.Base/module/admincp/include/service/setting/setting.class.php
- M PF.Base/module/admincp/include/service/sidebar.class.php
- M PF.Base/module/admincp/template/default/block/module/form.html.php
- M PF.Base/module/admincp/template/default/block/product/form.html.php
- M PF.Base/module/admincp/template/default/controller/app/groupsettings.html.php
- M PF.Base/module/admincp/template/default/controller/app/index.html.php
- M PF.Base/module/admincp/template/default/controller/app/settings.html.php
- M PF.Base/module/admincp/template/default/controller/menu/add.html.php
- D PF.Base/module/api/include/service/api.class.php
- M PF.Base/module/attachment/include/component/block/current.class.php
- M PF.Base/module/attachment/include/component/controller/admincp/manage.class.php
- M PF.Base/module/attachment/include/component/controller/frame.class.php
- M PF.Base/module/attachment/include/component/controller/profile.class.php
- A PF.Base/module/attachment/include/plugin/validator.admincp_settings_attachment.php
- M PF.Base/module/attachment/include/service/attachment.class.php
- M PF.Base/module/attachment/include/service/process.class.php
- M PF.Base/module/attachment/include/service/type.class.php
- M PF.Base/module/attachment/install/phpfox.xml.php
- A PF.Base/module/attachment/install/version/4.8.6.xml.php
- M PF.Base/module/attachment/static/jscript/share.js
- M PF.Base/module/attachment/template/default/controller/admincp/manage.html.php
- M PF.Base/module/core/include/component/ajax/ajax.class.php
- A PF.Base/module/core/include/component/block/iconfont-input.class.php
- M PF.Base/module/core/include/plugin/validator.admincp_settings_core.php
- M PF.Base/module/core/include/service/core.class.php
- M PF.Base/module/core/include/service/country/country.class.php
- M PF.Base/module/core/include/service/mobile/detect.class.php
- M PF.Base/module/core/include/service/upload/upload.class.php
- M PF.Base/module/core/install/phpfox.xml.php
- A PF.Base/module/core/install/version/4.8.6.xml.php
- M PF.Base/module/core/template/default/block/fe-site-stat.html.php
- A PF.Base/module/core/template/default/block/iconfont-input.html.php
- M PF.Base/module/core/template/default/block/template-menu.html.php
- M PF.Base/module/core/template/default/controller/admincp/currency/index.html.php
- M PF.Base/module/custom/include/component/block/static.class.php
- M PF.Base/module/custom/include/service/callback.class.php
- M PF.Base/module/custom/include/service/custom.class.php
- M PF.Base/module/custom/include/service/group/process.class.php
- M PF.Base/module/custom/include/service/process.class.php
- M PF.Base/module/custom/include/service/relation/process.class.php
- M PF.Base/module/feed/include/component/ajax/ajax.class.php
- M PF.Base/module/feed/include/component/block/display.class.php
- M PF.Base/module/feed/include/component/block/edit-user-status.class.php
- A PF.Base/module/feed/include/component/block/inline-privacy-edit.class.php
- M PF.Base/module/feed/include/component/block/mini.class.php
- M PF.Base/module/feed/include/plugin/feed.template_block_entry_2.php
- M PF.Base/module/feed/include/service/callback.class.php
- M PF.Base/module/feed/include/service/feed.class.php
- M PF.Base/module/feed/include/service/process.class.php
- M PF.Base/module/feed/static/jscript/feed.js
- M PF.Base/module/feed/static/jscript/places.js
- M PF.Base/module/feed/template/default/block/comment.html.php
- M PF.Base/module/feed/template/default/block/display.html.php
- A PF.Base/module/feed/template/default/block/inline-privacy-edit.html.php
- M PF.Base/module/feed/template/default/block/link.html.php
- M PF.Base/module/friend/include/component/block/browse-online.class.php
- M PF.Base/module/friend/include/component/block/mini.class.php
- M PF.Base/module/friend/include/component/block/search.class.php
- M PF.Base/module/friend/include/service/friend.class.php
- M PF.Base/module/invite/include/component/controller/index.class.php
- M PF.Base/module/invite/include/service/invite.class.php
- M PF.Base/module/invite/include/service/process.class.php
- M PF.Base/module/invite/template/default/controller/index.html.php
- M PF.Base/module/language/include/component/ajax/ajax.class.php
- M PF.Base/module/language/include/component/controller/admincp/index.class.php
- M PF.Base/module/language/include/service/language.class.php
- M PF.Base/module/language/include/service/phrase/process.class.php
- M PF.Base/module/language/include/service/process.class.php
- M PF.Base/module/language/install/phpfox.xml.php
- M PF.Base/module/language/template/default/controller/admincp/index.html.php
- M PF.Base/module/link/include/service/callback.class.php
- M PF.Base/module/link/include/service/link.class.php
- M PF.Base/module/link/include/service/process.class.php
- M PF.Base/module/log/include/service/session.class.php
- M PF.Base/module/privacy/include/component/block/form.class.php
- M PF.Base/module/privacy/include/service/privacy.class.php
- M PF.Base/module/privacy/template/default/block/form.html.php
- M PF.Base/module/profile/include/component/controller/index.class.php
- M PF.Base/module/profile/include/service/callback.class.php
- M PF.Base/module/profile/include/service/process.class.php
- M PF.Base/module/search/include/component/controller/admincp/searchwords.class.php
- M PF.Base/module/search/template/default/controller/admincp/searchwords.html.php
- M PF.Base/module/tag/include/service/tag.class.php
- M PF.Base/module/track/include/service/process.class.php
- M PF.Base/module/track/install/phpfox.xml.php
- A PF.Base/module/track/install/version/4.8.6.xml.php
- M PF.Base/module/user/include/component/ajax/ajax.class.php
- M PF.Base/module/user/include/component/block/images.class.php
- M PF.Base/module/user/include/component/block/tooltip.class.php
- M PF.Base/module/user/include/component/controller/admincp/exportusers.class.php
- M PF.Base/module/user/include/component/controller/export.class.php
- M PF.Base/module/user/include/component/controller/photo.class.php
- M PF.Base/module/user/include/component/controller/register.class.php
- M PF.Base/module/user/include/component/controller/setting.class.php
- M PF.Base/module/user/include/plugin/validator.admincp_settings_user.php
- M PF.Base/module/user/include/service/api.class.php
- M PF.Base/module/user/include/service/browse.class.php
- M PF.Base/module/user/include/service/callback.class.php
- M PF.Base/module/user/include/service/cancellations/process.class.php
- M PF.Base/module/user/include/service/featured/process.class.php
- M PF.Base/module/user/include/service/field/process.class.php
- M PF.Base/module/user/include/service/group/group.class.php
- M PF.Base/module/user/include/service/group/setting/setting.class.php
- M PF.Base/module/user/include/service/process.class.php
- M PF.Base/module/user/include/service/register.class.php
- M PF.Base/module/user/include/service/user.class.php
- M PF.Base/module/user/include/service/validate.class.php
- M PF.Base/module/user/include/service/verify/process.class.php
- M PF.Base/module/user/install/phpfox.xml.php
- A PF.Base/module/user/install/version/4.8.6.xml.php
- M PF.Base/module/user/template/default/block/profile-photo.html.php
- M PF.Base/module/user/template/default/block/tooltip.html.php
- M PF.Base/module/user/template/default/controller/register.html.php
- M PF.Base/start.php
- M PF.Base/static/jscript/admin.js
- M PF.Base/static/jscript/ajax.js
- M PF.Base/static/jscript/main.js
- M PF.Base/static/jscript/thickbox/thickbox.js
- M PF.Base/theme/adminpanel/default/style/default/css/layout.css
- M PF.Base/theme/adminpanel/default/style/default/css/layout.less
- M PF.Base/theme/bootstrap/flavor/default.css
- M PF.Base/theme/default/flavor/default.css
- M PF.Base/vendor/oyejorge/less.php/lib/Less/Parser.php
- M PF.Base/vendor/oyejorge/less.php/lib/Less/Visitor/toCSS.php
- M PF.Site/Apps/core-flavors/assets/autoload.js
- M PF.Site/Apps/core-flavors/flavors/bootstrap.json
- M PF.Site/Apps/core-flavors/start.php
- M PF.Site/Apps/core-flavors/views/manage.html
- A PF.Site/Apps/core-flavors/views/merge_material.html
- M PF.Site/Apps/core-flavors/views/revert_pre_version.html
- M PF.Site/Apps/core/phrase.json
- M PF.Src/Core/App.php
- M PF.Src/Core/App/App.php
- M PF.Src/Core/Flavor/Flavor.php
- M PF.Src/Core/Installation/Ftp.php
- M PF.Src/Core/Installation/Key.php
- M PF.Src/Core/Installation/Sftp.php
- M PF.Src/Core/Lib.php
- M PF.Src/Core/Phrase.php
- M PF.Src/Core/Route/Controller.php
- M PF.Src/Core/Route/RouteUrl.php
- M PF.Src/Core/Session/DatabaseAdapter.php
- M PF.Src/Core/Storage.php
- M PF.Src/Core/Storage/AwsS3V3Adapter.php
- M PF.Src/Core/Storage/Filesystem.php
- M PF.Src/Core/Validator/Rules.php
- M PF.Src/Core/View.php
- M PF.Src/Core/View/Environment.php
- M PF.Src/Core/View/Functions.php
- M PF.Src/Core/jQuery.php
