- M PF.Base/include/init.inc.php
- M PF.Base/include/library/phpfox/database/driver/mysql.class.php
- M PF.Base/include/library/phpfox/image/library/gd.class.php
- M PF.Base/include/library/phpfox/module/module.class.php
- M PF.Base/include/library/phpfox/pages/type.class.php
- M PF.Base/include/library/phpfox/parse/bbcode.class.php
- M PF.Base/include/library/phpfox/parse/output.class.php
- M PF.Base/include/library/phpfox/phpfox/phpfox.class.php
- M PF.Base/include/library/phpfox/request/request.class.php
- M PF.Base/include/library/phpfox/template/cache.class.php
- M PF.Base/include/library/phpfox/template/template.class.php
- RN PF.Base/include/setting/enviroment.sett.php => PF.Base/include/setting/environment.sett.php
- M PF.Base/less/base/rtl2.less
- M PF.Base/less/customize.less
- M PF.Base/less/modules/feed.less
- M PF.Base/module/admincp/include/component/controller/block/add.class.php
- M PF.Base/module/admincp/include/component/controller/setting/storage/s3compatible.class.php
- M PF.Base/module/admincp/include/service/block/process.class.php
- M PF.Base/module/admincp/static/jscript/asset.js
- M PF.Base/module/admincp/template/default/controller/block/add.html.php
- M PF.Base/module/admincp/template/default/controller/setting/assets/transfer.html.php
- M PF.Base/module/admincp/template/default/controller/setting/storage/s3compatible.html.php
- M PF.Base/module/ban/include/service/word.class.php
- M PF.Base/module/core/include/service/temp-file.class.php
- M PF.Base/module/core/static/jscript/gmap.js
- M PF.Base/module/core/template/default/block/gmap-card-views.html.php
- M PF.Base/module/custom/static/jscript/admin.js
- M PF.Base/module/feed/include/component/ajax/ajax.class.php
- M PF.Base/module/feed/include/component/block/edit-user-status.class.php
- M PF.Base/module/feed/include/component/block/friends-tagged.class.php
- M PF.Base/module/feed/include/plugin/feed.template_block_entry_2.php
- M PF.Base/module/feed/include/service/callback.class.php
- M PF.Base/module/feed/include/service/feed.class.php
- M PF.Base/module/feed/include/service/process.class.php
- A PF.Base/module/feed/include/service/tag.class.php
- M PF.Base/module/feed/static/jscript/feed.js
- M PF.Base/module/feed/static/jscript/places.js
- M PF.Base/module/feed/static/jscript/tag-friends.js
- M PF.Base/module/feed/template/default/block/edit-user-status.html.php
- M PF.Base/module/feed/template/default/block/form.html.php
- M PF.Base/module/feed/template/default/block/share.html.php
- M PF.Base/module/friend/include/service/friend.class.php
- M PF.Base/module/like/include/service/process.class.php
- M PF.Base/module/link/include/component/ajax/ajax.class.php
- M PF.Base/module/link/include/service/callback.class.php
- M PF.Base/module/link/include/service/process.class.php
- M PF.Base/module/profile/include/component/block/pic.class.php
- M PF.Base/module/profile/include/component/controller/index.class.php
- M PF.Base/module/profile/include/service/process.class.php
- M PF.Base/module/user/include/component/ajax/ajax.class.php
- M PF.Base/module/user/include/component/controller/admincp/cancellations/feedback.class.php
- M PF.Base/module/user/include/component/controller/admincp/inactivereminder.class.php
- M PF.Base/module/user/include/component/controller/photo.class.php
- M PF.Base/module/user/include/component/controller/register.class.php
- M PF.Base/module/user/include/service/callback.class.php
- M PF.Base/module/user/include/service/cancellations/cancellations.class.php
- M PF.Base/module/user/include/service/process.class.php
- M PF.Base/module/user/include/service/user.class.php
- M PF.Base/module/user/static/jscript/inactivereminder.js
- M PF.Base/module/user/template/default/block/user_filter_admin.html.php
- M PF.Base/module/user/template/default/controller/admincp/cancellations/feedback.html.php
- M PF.Base/module/user/template/default/controller/admincp/inactivereminder.html.php
- M PF.Base/static/jscript/admin.js
- M PF.Base/static/jscript/main.js
- M PF.Base/theme/frontend/bootstrap/template/search.html.php
- M PF.Site/Apps/core/Install.php
- A PF.Site/Apps/core/Installation/Database/Feed_Tag_Remove.php
- A PF.Site/Apps/core/Installation/Version/v481.php
- M PF.Site/Apps/core/installer.php
- M PF.Site/Apps/core/phrase.json
- M PF.Src/Core/Assets/Manager.php
- M PF.Src/Core/Flavor/Flavor.php
- M PF.Src/Core/Log/Admincp.php
- M PF.Src/Core/Phrase.php
- M PF.Src/Core/Storage/Admincp.php
- M PF.Src/Core/Storage/AwsS3V3Adapter.php
- M PF.Src/Core/Storage/FTPAdapter.php
- M PF.Src/Core/Storage/Filesystem.php
- M PF.Src/Core/Storage/S3CompatibleAdapter.php
- M PF.Src/Core/Storage/SFTPAdapter.php
