- M PF.Base/.gitignore
- M PF.Base/composer.json
- A PF.Base/composer.lock
- M PF.Base/include/init.inc.php
- M PF.Base/include/library/phpfox/cdn/cdn.class.php
- M PF.Base/include/library/phpfox/file/file.class.php
- M PF.Base/include/library/phpfox/image/library/gd.class.php
- M PF.Base/include/library/phpfox/mail/driver/phpmailer/mail.class.php
- M PF.Base/include/library/phpfox/mail/driver/phpmailer/smtp.class.php
- M PF.Base/include/library/phpfox/mail/mail.class.php
- M PF.Base/include/library/phpfox/module/module.class.php
- M PF.Base/include/library/phpfox/pages/process.class.php
- M PF.Base/include/library/phpfox/parse/bbcode.class.php
- M PF.Base/include/library/phpfox/parse/output.class.php
- M PF.Base/include/library/phpfox/phpfox/phpfox.class.php
- M PF.Base/include/library/phpfox/search/browse.class.php
- M PF.Base/include/library/phpfox/search/search.class.php
- M PF.Base/include/library/phpfox/spam/hash.class.php
- M PF.Base/include/library/phpfox/spam/spam.class.php
- M PF.Base/include/library/phpfox/template/cache.class.php
- M PF.Base/include/library/phpfox/template/template.class.php
- M PF.Base/include/library/phpfox/url/url.class.php
- M PF.Base/install/include/installer.class.php
- M PF.Base/install/include/version.php
- A PF.Base/install/include/version/4.8.4.php
- M PF.Base/less/base/blocks.less
- M PF.Base/less/base/forms.less
- M PF.Base/less/base/layout.less
- M PF.Base/less/base/mixins.less
- M PF.Base/less/customize.less
- M PF.Base/less/layout/header.less
- M PF.Base/less/modules/core.less
- M PF.Base/less/modules/friend.less
- M PF.Base/less/modules/profile.less
- M PF.Base/module/admincp/include/component/ajax/ajax.class.php
- M PF.Base/module/admincp/include/component/ajax/setting/ajax.class.php
- M PF.Base/module/admincp/include/component/controller/apps/uploaded.class.php
- M PF.Base/module/admincp/include/component/controller/block/add.class.php
- M PF.Base/module/admincp/include/component/controller/setting/storage/dospace.class.php
- M PF.Base/module/admincp/include/component/controller/setting/storage/s3.class.php
- M PF.Base/module/admincp/include/service/apps/apps.class.php
- M PF.Base/module/admincp/include/service/component/component.class.php
- M PF.Base/module/admincp/include/service/component/process.class.php
- M PF.Base/module/admincp/include/service/module/process.class.php
- M PF.Base/module/admincp/include/service/process.class.php
- M PF.Base/module/admincp/include/service/setting/process.class.php
- M PF.Base/module/admincp/include/service/sidebar.class.php
- A PF.Base/module/admincp/template/default/block/block/component-options.html.php
- A PF.Base/module/admincp/template/default/block/storage-metadata.html.php
- M PF.Base/module/admincp/template/default/controller/block/add.html.php
- M PF.Base/module/admincp/template/default/controller/setting/edit.html.php
- M PF.Base/module/admincp/template/default/controller/setting/logger/view.html.php
- M PF.Base/module/admincp/template/default/controller/setting/storage/dospace.html.php
- M PF.Base/module/admincp/template/default/controller/setting/storage/s3.html.php
- M PF.Base/module/api/install/phpfox.xml.php
- M PF.Base/module/attachment/include/component/block/list.class.php
- M PF.Base/module/attachment/include/component/block/share.class.php
- M PF.Base/module/attachment/include/component/controller/frame.class.php
- M PF.Base/module/attachment/include/service/process.class.php
- M PF.Base/module/attachment/install/phpfox.xml.php
- M PF.Base/module/attachment/static/jscript/share.js
- M PF.Base/module/attachment/template/default/block/share.html.php
- M PF.Base/module/contact/include/service/contact.class.php
- M PF.Base/module/contact/template/default/controller/index.html.php
- M PF.Base/module/core/include/component/block/news.class.php
- M PF.Base/module/core/include/component/block/template-menufooter.class.php
- M PF.Base/module/core/include/component/block/upload-form.class.php
- M PF.Base/module/core/include/service/admincp/admincp.class.php
- M PF.Base/module/core/include/service/temp-file.class.php
- M PF.Base/module/core/install/phpfox.xml.php
- A PF.Base/module/core/install/version/4.8.4.xml.php
- M PF.Base/module/core/template/default/block/active-admin.html.php
- M PF.Base/module/core/template/default/block/gmap-card-item.html.php
- M PF.Base/module/core/template/default/block/latest-admin-login.html.php
- M PF.Base/module/core/template/default/block/template-menu.html.php
- M PF.Base/module/core/template/default/block/template-notification-sm.html.php
- M PF.Base/module/core/template/default/block/template-notification.html.php
- M PF.Base/module/core/template/default/block/upload-form.html.php
- M PF.Base/module/custom/include/component/ajax/ajax.class.php
- M PF.Base/module/custom/include/component/block/block.class.php
- M PF.Base/module/custom/include/service/callback.class.php
- M PF.Base/module/custom/include/service/custom.class.php
- M PF.Base/module/custom/include/service/process.class.php
- M PF.Base/module/custom/include/service/relation/process.class.php
- M PF.Base/module/custom/template/default/block/foreachcustom.html.php
- M PF.Base/module/custom/template/default/block/form.html.php
- M PF.Base/module/custom/template/default/controller/admincp/add.html.php
- M PF.Base/module/feed/include/component/block/mini.class.php
- M PF.Base/module/feed/include/service/callback.class.php
- M PF.Base/module/feed/include/service/feed.class.php
- M PF.Base/module/feed/include/service/process.class.php
- M PF.Base/module/feed/include/service/tag.class.php
- M PF.Base/module/feed/static/jscript/feed.js
- M PF.Base/module/feed/static/jscript/places.js
- M PF.Base/module/feed/template/default/block/comment.html.php
- M PF.Base/module/feed/template/default/block/entry.html.php
- M PF.Base/module/feed/template/default/block/focus.html.php
- M PF.Base/module/feed/template/default/block/form2.html.php
- M PF.Base/module/feed/template/default/block/manage-hidden.html.php
- M PF.Base/module/friend/include/component/ajax/ajax.class.php
- M PF.Base/module/friend/include/service/process.class.php
- M PF.Base/module/friend/include/service/request/request.class.php
- M PF.Base/module/friend/include/service/suggestion.class.php
- M PF.Base/module/friend/template/default/block/accept.html.php
- M PF.Base/module/friend/template/default/block/birthday.html.php
- M PF.Base/module/friend/template/default/block/mini.html.php
- M PF.Base/module/friend/template/default/block/request.html.php
- M PF.Base/module/friend/template/default/block/search.html.php
- M PF.Base/module/friend/template/default/block/suggestion.html.php
- M PF.Base/module/friend/template/default/controller/panel.html.php
- M PF.Base/module/invite/include/component/ajax/ajax.class.php
- M PF.Base/module/invite/include/component/controller/index.class.php
- M PF.Base/module/invite/include/component/controller/invitations.class.php
- M PF.Base/module/invite/include/service/invite.class.php
- M PF.Base/module/invite/install/phpfox.xml.php
- M PF.Base/module/invite/template/default/block/find.html.php
- M PF.Base/module/invite/template/default/controller/invitations.html.php
- A PF.Base/module/language/include/component/controller/admincp/confirm.class.php
- M PF.Base/module/language/include/component/controller/admincp/import.class.php
- M PF.Base/module/language/include/service/phrase/process.class.php
- M PF.Base/module/language/include/service/process.class.php
- A PF.Base/module/language/template/default/controller/admincp/confirm.html.php
- M PF.Base/module/language/template/default/controller/admincp/phrase/phrase.html.php
- M PF.Base/module/link/include/service/link.class.php
- M PF.Base/module/link/include/service/process.class.php
- M PF.Base/module/log/install/phpfox.xml.php
- M PF.Base/module/log/template/default/block/login.html.php
- M PF.Base/module/notification/template/default/block/entry.html.php
- M PF.Base/module/notification/template/default/block/link.html.php
- M PF.Base/module/notification/template/default/controller/index.html.php
- M PF.Base/module/notification/template/default/controller/panel.html.php
- M PF.Base/module/profile/include/component/block/pic.class.php
- M PF.Base/module/profile/template/default/block/pic.html.php
- A PF.Base/module/profile/template/default/block/upload-cover-form.html.php
- M PF.Base/module/profile/template/default/controller/index.html.php
- M PF.Base/module/report/include/component/block/profile.class.php
- M PF.Base/module/report/install/phpfox.xml.php
- A PF.Base/module/search/include/component/controller/admincp/searchwords.class.php
- M PF.Base/module/search/include/component/controller/index.class.php
- M PF.Base/module/search/include/service/process.class.php
- M PF.Base/module/search/include/service/search.class.php
- A PF.Base/module/search/template/default/controller/admincp/searchwords.html.php
- M PF.Base/module/search/template/default/controller/index.html.php
- M PF.Base/module/tag/include/service/process.class.php
- M PF.Base/module/track/install/phpfox.xml.php
- M PF.Base/module/track/template/default/block/recent-views.html.php
- M PF.Base/module/user/include/component/ajax/ajax.class.php
- M PF.Base/module/user/include/component/block/friendship.class.php
- A PF.Base/module/user/include/component/block/google-login-button.class.php
- M PF.Base/module/user/include/component/block/profile-photo.class.php
- A PF.Base/module/user/include/component/block/recently-active.class.php
- A PF.Base/module/user/include/component/block/search-user-block.class.php
- M PF.Base/module/user/include/component/block/search.class.php
- M PF.Base/module/user/include/component/block/tooltip.class.php
- A PF.Base/module/user/include/component/block/users-you-may-know.class.php
- M PF.Base/module/user/include/component/controller/boot.class.php
- M PF.Base/module/user/include/component/controller/browse.class.php
- M PF.Base/module/user/include/component/controller/login.class.php
- M PF.Base/module/user/include/component/controller/logout.class.php
- M PF.Base/module/user/include/component/controller/photo.class.php
- M PF.Base/module/user/include/component/controller/privacy.class.php
- M PF.Base/module/user/include/component/controller/profile.class.php
- M PF.Base/module/user/include/component/controller/setting.class.php
- M PF.Base/module/user/include/component/controller/sms/send.class.php
- A PF.Base/module/user/include/plugin/user.template.login_header_set_var.php
- A PF.Base/module/user/include/plugin/user.template.register_header_set_var.php
- A PF.Base/module/user/include/plugin/user.template_controller_login_block__end.php
- A PF.Base/module/user/include/plugin/user.template_controller_register_block__end.php
- M PF.Base/module/user/include/service/auth.class.php
- M PF.Base/module/user/include/service/callback.class.php
- M PF.Base/module/user/include/service/featured/featured.class.php
- M PF.Base/module/user/include/service/file.class.php
- M PF.Base/module/user/include/service/privacy/privacy.class.php
- M PF.Base/module/user/include/service/process.class.php
- M PF.Base/module/user/include/service/user.class.php
- M PF.Base/module/user/include/service/verify/process.class.php
- M PF.Base/module/user/include/service/verify/verify.class.php
- M PF.Base/module/user/install/phpfox.xml.php
- M PF.Base/module/user/install/version/3.0.0beta1.xml.php
- M PF.Base/module/user/static/css/default/default/main.less
- M PF.Base/module/user/static/jscript/browse.js
- A PF.Base/module/user/static/jscript/search-user-block.js
- M PF.Base/module/user/template/default/block/featured.html.php
- M PF.Base/module/user/template/default/block/friend-action.html.php
- A PF.Base/module/user/template/default/block/google-login-button.html.php
- M PF.Base/module/user/template/default/block/images.html.php
- M PF.Base/module/user/template/default/block/listing-item.html.php
- M PF.Base/module/user/template/default/block/new.html.php
- M PF.Base/module/user/template/default/block/profile-photo.html.php
- A PF.Base/module/user/template/default/block/recently-active.html.php
- M PF.Base/module/user/template/default/block/register/step2.html.php
- A PF.Base/module/user/template/default/block/search-user-block.html.php
- M PF.Base/module/user/template/default/block/search.html.php
- M PF.Base/module/user/template/default/block/tooltip.html.php
- M PF.Base/module/user/template/default/block/user_entry_admin.html.php
- A PF.Base/module/user/template/default/block/users-you-may-know.html.php
- M PF.Base/module/user/template/default/controller/admincp/inactivereminder.html.php
- M PF.Base/module/user/template/default/controller/privacy.html.php
- M PF.Base/module/user/template/default/controller/profile.html.php
- M PF.Base/module/user/template/default/controller/setting.html.php
- M PF.Base/module/user/template/default/controller/sms/send.html.php
- M PF.Base/start.php
- M PF.Base/static/jscript/admin.js
- M PF.Base/static/jscript/dropzone.js
- M PF.Base/static/jscript/main.js
- M PF.Base/theme/adminpanel/default/style/default/css/layout.css
- M PF.Base/theme/adminpanel/default/style/default/css/layout.less
- M PF.Base/theme/adminpanel/default/template/template.html.php
- M PF.Base/theme/bootstrap/flavor/default.css
- M PF.Base/theme/default/flavor/default.css
- M PF.Base/theme/frontend/default/style/default/css/asBreadcrumbs.min.css
- A PF.Base/theme/frontend/default/style/default/image/misc/google.png
- A PF.Base/tools/upgrade.php
- A PF.Base/vendor/aws/aws-sdk-php/CODE_OF_CONDUCT.md
- M PF.Base/vendor/aws/aws-sdk-php/composer.json
- M PF.Base/vendor/aws/aws-sdk-php/src/ACMPCA/ACMPCAClient.php
- M PF.Base/vendor/aws/aws-sdk-php/src/AccessAnalyzer/AccessAnalyzerClient.php
- M PF.Base/vendor/aws/aws-sdk-php/src/Acm/AcmClient.php
- A PF.Base/vendor/aws/aws-sdk-php/src/AmplifyBackend/AmplifyBackendClient.php
- A PF.Base/vendor/aws/aws-sdk-php/src/AmplifyBackend/Exception/AmplifyBackendException.php
- M PF.Base/vendor/aws/aws-sdk-php/src/Api/DateTimeResult.php
- M PF.Base/vendor/aws/aws-sdk-php/src/Api/Parser/AbstractRestParser.php
- M PF.Base/vendor/aws/aws-sdk-php/src/Api/Parser/JsonParser.php
- M PF.Base/vendor/aws/aws-sdk-php/src/Api/Parser/MetadataParserTrait.php
- M PF.Base/vendor/aws/aws-sdk-php/src/Api/Parser/XmlParser.php
- M PF.Base/vendor/aws/aws-sdk-php/src/ApiGatewayV2/ApiGatewayV2Client.php
- A PF.Base/vendor/aws/aws-sdk-php/src/AppIntegrationsService/AppIntegrationsServiceClient.php
- A PF.Base/vendor/aws/aws-sdk-php/src/AppIntegrationsService/Exception/AppIntegrationsServiceException.php
- M PF.Base/vendor/aws/aws-sdk-php/src/AppMesh/AppMeshClient.php
- A PF.Base/vendor/aws/aws-sdk-php/src/AppRegistry/AppRegistryClient.php
- A PF.Base/vendor/aws/aws-sdk-php/src/AppRegistry/Exception/AppRegistryException.php
- A PF.Base/vendor/aws/aws-sdk-php/src/Appflow/AppflowClient.php
- A PF.Base/vendor/aws/aws-sdk-php/src/Appflow/Exception/AppflowException.php
- M PF.Base/vendor/aws/aws-sdk-php/src/Arn/AccessPointArn.php
- A PF.Base/vendor/aws/aws-sdk-php/src/Arn/AccessPointArnInterface.php
- M PF.Base/vendor/aws/aws-sdk-php/src/Arn/Arn.php
- M PF.Base/vendor/aws/aws-sdk-php/src/Arn/ArnParser.php
- M PF.Base/vendor/aws/aws-sdk-php/src/Arn/ResourceTypeAndIdTrait.php
- M PF.Base/vendor/aws/aws-sdk-php/src/Arn/S3/AccessPointArn.php
- A PF.Base/vendor/aws/aws-sdk-php/src/Arn/S3/BucketArnInterface.php
- A PF.Base/vendor/aws/aws-sdk-php/src/Arn/S3/OutpostsAccessPointArn.php
- A PF.Base/vendor/aws/aws-sdk-php/src/Arn/S3/OutpostsArnInterface.php
- A PF.Base/vendor/aws/aws-sdk-php/src/Arn/S3/OutpostsBucketArn.php
- M PF.Base/vendor/aws/aws-sdk-php/src/Athena/AthenaClient.php
- A PF.Base/vendor/aws/aws-sdk-php/src/AuditManager/AuditManagerClient.php
- A PF.Base/vendor/aws/aws-sdk-php/src/AuditManager/Exception/AuditManagerException.php
- M PF.Base/vendor/aws/aws-sdk-php/src/AwsClient.php
- M PF.Base/vendor/aws/aws-sdk-php/src/Backup/BackupClient.php
- M PF.Base/vendor/aws/aws-sdk-php/src/Batch/BatchClient.php
- A PF.Base/vendor/aws/aws-sdk-php/src/Braket/BraketClient.php
- A PF.Base/vendor/aws/aws-sdk-php/src/Braket/Exception/BraketException.php
- M PF.Base/vendor/aws/aws-sdk-php/src/Budgets/BudgetsClient.php
- M PF.Base/vendor/aws/aws-sdk-php/src/Chime/ChimeClient.php
- M PF.Base/vendor/aws/aws-sdk-php/src/ClientResolver.php
- M PF.Base/vendor/aws/aws-sdk-php/src/ClientSideMonitoring/ConfigurationProvider.php
- M PF.Base/vendor/aws/aws-sdk-php/src/CloudFront/CloudFrontClient.php
- M PF.Base/vendor/aws/aws-sdk-php/src/CloudFront/Signer.php
- M PF.Base/vendor/aws/aws-sdk-php/src/CloudHSMV2/CloudHSMV2Client.php
- M PF.Base/vendor/aws/aws-sdk-php/src/CloudWatchEvents/CloudWatchEventsClient.php
- M PF.Base/vendor/aws/aws-sdk-php/src/CodeArtifact/CodeArtifactClient.php
- M PF.Base/vendor/aws/aws-sdk-php/src/CodeBuild/CodeBuildClient.php
- M PF.Base/vendor/aws/aws-sdk-php/src/CodeCommit/CodeCommitClient.php
- M PF.Base/vendor/aws/aws-sdk-php/src/CodeGuruProfiler/CodeGuruProfilerClient.php
- M PF.Base/vendor/aws/aws-sdk-php/src/CodeGuruReviewer/CodeGuruReviewerClient.php
- M PF.Base/vendor/aws/aws-sdk-php/src/CodePipeline/CodePipelineClient.php
- M PF.Base/vendor/aws/aws-sdk-php/src/CodeStarconnections/CodeStarconnectionsClient.php
- M PF.Base/vendor/aws/aws-sdk-php/src/CognitoIdentity/CognitoIdentityClient.php
- M PF.Base/vendor/aws/aws-sdk-php/src/Comprehend/ComprehendClient.php
- M PF.Base/vendor/aws/aws-sdk-php/src/ComputeOptimizer/ComputeOptimizerClient.php
- M PF.Base/vendor/aws/aws-sdk-php/src/ConfigService/ConfigServiceClient.php
- M PF.Base/vendor/aws/aws-sdk-php/src/Connect/ConnectClient.php
- A PF.Base/vendor/aws/aws-sdk-php/src/ConnectContactLens/ConnectContactLensClient.php
- A PF.Base/vendor/aws/aws-sdk-php/src/ConnectContactLens/Exception/ConnectContactLensException.php
- M PF.Base/vendor/aws/aws-sdk-php/src/ConnectParticipant/ConnectParticipantClient.php
- M PF.Base/vendor/aws/aws-sdk-php/src/CostExplorer/CostExplorerClient.php
- M PF.Base/vendor/aws/aws-sdk-php/src/Credentials/AssumeRoleWithWebIdentityCredentialProvider.php
- M PF.Base/vendor/aws/aws-sdk-php/src/Credentials/CredentialProvider.php
- M PF.Base/vendor/aws/aws-sdk-php/src/Credentials/EcsCredentialProvider.php
- M PF.Base/vendor/aws/aws-sdk-php/src/Credentials/InstanceProfileProvider.php
- M PF.Base/vendor/aws/aws-sdk-php/src/Crypto/AbstractCryptoClient.php
- A PF.Base/vendor/aws/aws-sdk-php/src/Crypto/AbstractCryptoClientV2.php
- M PF.Base/vendor/aws/aws-sdk-php/src/Crypto/AesGcmDecryptingStream.php
- M PF.Base/vendor/aws/aws-sdk-php/src/Crypto/AesGcmEncryptingStream.php
- A PF.Base/vendor/aws/aws-sdk-php/src/Crypto/AesStreamInterfaceV2.php
- M PF.Base/vendor/aws/aws-sdk-php/src/Crypto/Cipher/Cbc.php
- M PF.Base/vendor/aws/aws-sdk-php/src/Crypto/Cipher/CipherBuilderTrait.php
- M PF.Base/vendor/aws/aws-sdk-php/src/Crypto/DecryptionTrait.php
- A PF.Base/vendor/aws/aws-sdk-php/src/Crypto/DecryptionTraitV2.php
- M PF.Base/vendor/aws/aws-sdk-php/src/Crypto/EncryptionTrait.php
- A PF.Base/vendor/aws/aws-sdk-php/src/Crypto/EncryptionTraitV2.php
- M PF.Base/vendor/aws/aws-sdk-php/src/Crypto/KmsMaterialsProvider.php
- A PF.Base/vendor/aws/aws-sdk-php/src/Crypto/KmsMaterialsProviderV2.php
- M PF.Base/vendor/aws/aws-sdk-php/src/Crypto/MaterialsProvider.php
- A PF.Base/vendor/aws/aws-sdk-php/src/Crypto/MaterialsProviderInterface.php
- A PF.Base/vendor/aws/aws-sdk-php/src/Crypto/MaterialsProviderInterfaceV2.php
- A PF.Base/vendor/aws/aws-sdk-php/src/Crypto/MaterialsProviderV2.php
- M PF.Base/vendor/aws/aws-sdk-php/src/Crypto/MetadataEnvelope.php
- A PF.Base/vendor/aws/aws-sdk-php/src/CustomerProfiles/CustomerProfilesClient.php
- A PF.Base/vendor/aws/aws-sdk-php/src/CustomerProfiles/Exception/CustomerProfilesException.php
- M PF.Base/vendor/aws/aws-sdk-php/src/DataSync/DataSyncClient.php
- M PF.Base/vendor/aws/aws-sdk-php/src/DatabaseMigrationService/DatabaseMigrationServiceClient.php
- A PF.Base/vendor/aws/aws-sdk-php/src/DevOpsGuru/DevOpsGuruClient.php
- A PF.Base/vendor/aws/aws-sdk-php/src/DevOpsGuru/Exception/DevOpsGuruException.php
- M PF.Base/vendor/aws/aws-sdk-php/src/DirectoryService/DirectoryServiceClient.php
- M PF.Base/vendor/aws/aws-sdk-php/src/DocDB/DocDBClient.php
- M PF.Base/vendor/aws/aws-sdk-php/src/DynamoDb/DynamoDbClient.php
- M PF.Base/vendor/aws/aws-sdk-php/src/EBS/EBSClient.php
- A PF.Base/vendor/aws/aws-sdk-php/src/ECRPublic/ECRPublicClient.php
- A PF.Base/vendor/aws/aws-sdk-php/src/ECRPublic/Exception/ECRPublicException.php
- M PF.Base/vendor/aws/aws-sdk-php/src/EKS/EKSClient.php
- A PF.Base/vendor/aws/aws-sdk-php/src/EMRContainers/EMRContainersClient.php
- A PF.Base/vendor/aws/aws-sdk-php/src/EMRContainers/Exception/EMRContainersException.php
- M PF.Base/vendor/aws/aws-sdk-php/src/Ec2/Ec2Client.php
- M PF.Base/vendor/aws/aws-sdk-php/src/Ecr/EcrClient.php
- M PF.Base/vendor/aws/aws-sdk-php/src/Ecs/EcsClient.php
- M PF.Base/vendor/aws/aws-sdk-php/src/Efs/EfsClient.php
- M PF.Base/vendor/aws/aws-sdk-php/src/ElastiCache/ElastiCacheClient.php
- M PF.Base/vendor/aws/aws-sdk-php/src/ElasticsearchService/ElasticsearchServiceClient.php
- M PF.Base/vendor/aws/aws-sdk-php/src/Emr/EmrClient.php
- M PF.Base/vendor/aws/aws-sdk-php/src/EndpointDiscovery/ConfigurationProvider.php
- M PF.Base/vendor/aws/aws-sdk-php/src/EventBridge/EventBridgeClient.php
- A PF.Base/vendor/aws/aws-sdk-php/src/Exception/CryptoException.php
- A PF.Base/vendor/aws/aws-sdk-php/src/FIS/Exception/FISException.php
- A PF.Base/vendor/aws/aws-sdk-php/src/FIS/FISClient.php
- M PF.Base/vendor/aws/aws-sdk-php/src/FMS/FMSClient.php
- M PF.Base/vendor/aws/aws-sdk-php/src/FSx/FSxClient.php
- M PF.Base/vendor/aws/aws-sdk-php/src/ForecastService/ForecastServiceClient.php
- M PF.Base/vendor/aws/aws-sdk-php/src/FraudDetector/FraudDetectorClient.php
- M PF.Base/vendor/aws/aws-sdk-php/src/GameLift/GameLiftClient.php
- M PF.Base/vendor/aws/aws-sdk-php/src/GlobalAccelerator/GlobalAcceleratorClient.php
- M PF.Base/vendor/aws/aws-sdk-php/src/Glue/GlueClient.php
- A PF.Base/vendor/aws/aws-sdk-php/src/GlueDataBrew/Exception/GlueDataBrewException.php
- A PF.Base/vendor/aws/aws-sdk-php/src/GlueDataBrew/GlueDataBrewClient.php
- M PF.Base/vendor/aws/aws-sdk-php/src/Greengrass/GreengrassClient.php
- A PF.Base/vendor/aws/aws-sdk-php/src/GreengrassV2/Exception/GreengrassV2Exception.php
- A PF.Base/vendor/aws/aws-sdk-php/src/GreengrassV2/GreengrassV2Client.php
- M PF.Base/vendor/aws/aws-sdk-php/src/GuardDuty/GuardDutyClient.php
- M PF.Base/vendor/aws/aws-sdk-php/src/Handler/GuzzleV6/GuzzleHandler.php
- A PF.Base/vendor/aws/aws-sdk-php/src/HealthLake/Exception/HealthLakeException.php
- A PF.Base/vendor/aws/aws-sdk-php/src/HealthLake/HealthLakeClient.php
- A PF.Base/vendor/aws/aws-sdk-php/src/Honeycode/Exception/HoneycodeException.php
- A PF.Base/vendor/aws/aws-sdk-php/src/Honeycode/HoneycodeClient.php
- A PF.Base/vendor/aws/aws-sdk-php/src/IVS/Exception/IVSException.php
- A PF.Base/vendor/aws/aws-sdk-php/src/IVS/IVSClient.php
- M PF.Base/vendor/aws/aws-sdk-php/src/Iam/IamClient.php
- A PF.Base/vendor/aws/aws-sdk-php/src/IdentityStore/Exception/IdentityStoreException.php
- A PF.Base/vendor/aws/aws-sdk-php/src/IdentityStore/IdentityStoreClient.php
- A PF.Base/vendor/aws/aws-sdk-php/src/InputValidationMiddleware.php
- A PF.Base/vendor/aws/aws-sdk-php/src/IoTDeviceAdvisor/Exception/IoTDeviceAdvisorException.php
- A PF.Base/vendor/aws/aws-sdk-php/src/IoTDeviceAdvisor/IoTDeviceAdvisorClient.php
- M PF.Base/vendor/aws/aws-sdk-php/src/IoTEvents/IoTEventsClient.php
- A PF.Base/vendor/aws/aws-sdk-php/src/IoTFleetHub/Exception/IoTFleetHubException.php
- A PF.Base/vendor/aws/aws-sdk-php/src/IoTFleetHub/IoTFleetHubClient.php
- M PF.Base/vendor/aws/aws-sdk-php/src/IoTSiteWise/IoTSiteWiseClient.php
- A PF.Base/vendor/aws/aws-sdk-php/src/IoTWireless/Exception/IoTWirelessException.php
- A PF.Base/vendor/aws/aws-sdk-php/src/IoTWireless/IoTWirelessClient.php
- M PF.Base/vendor/aws/aws-sdk-php/src/Iot/IotClient.php
- M PF.Base/vendor/aws/aws-sdk-php/src/Kafka/KafkaClient.php
- M PF.Base/vendor/aws/aws-sdk-php/src/KinesisAnalyticsV2/KinesisAnalyticsV2Client.php
- M PF.Base/vendor/aws/aws-sdk-php/src/Lambda/LambdaClient.php
- A PF.Base/vendor/aws/aws-sdk-php/src/LexModelsV2/Exception/LexModelsV2Exception.php
- A PF.Base/vendor/aws/aws-sdk-php/src/LexModelsV2/LexModelsV2Client.php
- A PF.Base/vendor/aws/aws-sdk-php/src/LexRuntimeV2/Exception/LexRuntimeV2Exception.php
- A PF.Base/vendor/aws/aws-sdk-php/src/LexRuntimeV2/LexRuntimeV2Client.php
- M PF.Base/vendor/aws/aws-sdk-php/src/LicenseManager/LicenseManagerClient.php
- M PF.Base/vendor/aws/aws-sdk-php/src/Lightsail/LightsailClient.php
- A PF.Base/vendor/aws/aws-sdk-php/src/LocationService/Exception/LocationServiceException.php
- A PF.Base/vendor/aws/aws-sdk-php/src/LocationService/LocationServiceClient.php
- A PF.Base/vendor/aws/aws-sdk-php/src/LookoutforVision/Exception/LookoutforVisionException.php
- A PF.Base/vendor/aws/aws-sdk-php/src/LookoutforVision/LookoutforVisionClient.php
- A PF.Base/vendor/aws/aws-sdk-php/src/MWAA/Exception/MWAAException.php
- A PF.Base/vendor/aws/aws-sdk-php/src/MWAA/MWAAClient.php
- M PF.Base/vendor/aws/aws-sdk-php/src/Macie2/Macie2Client.php
- M PF.Base/vendor/aws/aws-sdk-php/src/ManagedBlockchain/ManagedBlockchainClient.php
- M PF.Base/vendor/aws/aws-sdk-php/src/MediaConnect/MediaConnectClient.php
- M PF.Base/vendor/aws/aws-sdk-php/src/MediaLive/MediaLiveClient.php
- M PF.Base/vendor/aws/aws-sdk-php/src/MediaPackage/MediaPackageClient.php
- M PF.Base/vendor/aws/aws-sdk-php/src/MediaPackageVod/MediaPackageVodClient.php
- M PF.Base/vendor/aws/aws-sdk-php/src/MediaTailor/MediaTailorClient.php
- M PF.Base/vendor/aws/aws-sdk-php/src/MockHandler.php
- M PF.Base/vendor/aws/aws-sdk-php/src/Multipart/AbstractUploader.php
- M PF.Base/vendor/aws/aws-sdk-php/src/Neptune/NeptuneClient.php
- A PF.Base/vendor/aws/aws-sdk-php/src/NetworkFirewall/Exception/NetworkFirewallException.php
- A PF.Base/vendor/aws/aws-sdk-php/src/NetworkFirewall/NetworkFirewallClient.php
- M PF.Base/vendor/aws/aws-sdk-php/src/NetworkManager/NetworkManagerClient.php
- M PF.Base/vendor/aws/aws-sdk-php/src/Outposts/OutpostsClient.php
- M PF.Base/vendor/aws/aws-sdk-php/src/PersonalizeEvents/PersonalizeEventsClient.php
- M PF.Base/vendor/aws/aws-sdk-php/src/PresignUrlMiddleware.php
- A PF.Base/vendor/aws/aws-sdk-php/src/PrometheusService/Exception/PrometheusServiceException.php
- A PF.Base/vendor/aws/aws-sdk-php/src/PrometheusService/PrometheusServiceClient.php
- M PF.Base/vendor/aws/aws-sdk-php/src/QuickSight/QuickSightClient.php
- M PF.Base/vendor/aws/aws-sdk-php/src/Rds/AuthTokenGenerator.php
- M PF.Base/vendor/aws/aws-sdk-php/src/Rds/RdsClient.php
- A PF.Base/vendor/aws/aws-sdk-php/src/RedshiftDataAPIService/Exception/RedshiftDataAPIServiceException.php
- A PF.Base/vendor/aws/aws-sdk-php/src/RedshiftDataAPIService/RedshiftDataAPIServiceClient.php
- M PF.Base/vendor/aws/aws-sdk-php/src/Rekognition/RekognitionClient.php
- M PF.Base/vendor/aws/aws-sdk-php/src/ResourceGroups/ResourceGroupsClient.php
- M PF.Base/vendor/aws/aws-sdk-php/src/Retry/ConfigurationProvider.php
- M PF.Base/vendor/aws/aws-sdk-php/src/Retry/RetryHelperTrait.php
- M PF.Base/vendor/aws/aws-sdk-php/src/RoboMaker/RoboMakerClient.php
- M PF.Base/vendor/aws/aws-sdk-php/src/Route53/Route53Client.php
- M PF.Base/vendor/aws/aws-sdk-php/src/Route53Resolver/Route53ResolverClient.php
- M PF.Base/vendor/aws/aws-sdk-php/src/S3/BucketEndpointArnMiddleware.php
- A PF.Base/vendor/aws/aws-sdk-php/src/S3/Crypto/CryptoParamsTraitV2.php
- M PF.Base/vendor/aws/aws-sdk-php/src/S3/Crypto/HeadersMetadataStrategy.php
- M PF.Base/vendor/aws/aws-sdk-php/src/S3/Crypto/S3EncryptionClient.php
- A PF.Base/vendor/aws/aws-sdk-php/src/S3/Crypto/S3EncryptionClientV2.php
- M PF.Base/vendor/aws/aws-sdk-php/src/S3/Crypto/S3EncryptionMultipartUploader.php
- A PF.Base/vendor/aws/aws-sdk-php/src/S3/Crypto/S3EncryptionMultipartUploaderV2.php
- A PF.Base/vendor/aws/aws-sdk-php/src/S3/Crypto/UserAgentTrait.php
- A PF.Base/vendor/aws/aws-sdk-php/src/S3/EndpointRegionHelperTrait.php
- M PF.Base/vendor/aws/aws-sdk-php/src/S3/MultipartCopy.php
- M PF.Base/vendor/aws/aws-sdk-php/src/S3/PostObjectV4.php
- M PF.Base/vendor/aws/aws-sdk-php/src/S3/RegionalEndpoint/ConfigurationProvider.php
- M PF.Base/vendor/aws/aws-sdk-php/src/S3/S3Client.php
- M PF.Base/vendor/aws/aws-sdk-php/src/S3/S3EndpointMiddleware.php
- M PF.Base/vendor/aws/aws-sdk-php/src/S3/S3MultiRegionClient.php
- M PF.Base/vendor/aws/aws-sdk-php/src/S3/StreamWrapper.php
- M PF.Base/vendor/aws/aws-sdk-php/src/S3/Transfer.php
- M PF.Base/vendor/aws/aws-sdk-php/src/S3/UseArnRegion/ConfigurationProvider.php
- A PF.Base/vendor/aws/aws-sdk-php/src/S3Control/EndpointArnMiddleware.php
- M PF.Base/vendor/aws/aws-sdk-php/src/S3Control/S3ControlClient.php
- M PF.Base/vendor/aws/aws-sdk-php/src/S3Control/S3ControlEndpointMiddleware.php
- A PF.Base/vendor/aws/aws-sdk-php/src/S3Outposts/Exception/S3OutpostsException.php
- A PF.Base/vendor/aws/aws-sdk-php/src/S3Outposts/S3OutpostsClient.php
- A PF.Base/vendor/aws/aws-sdk-php/src/SSOAdmin/Exception/SSOAdminException.php
- A PF.Base/vendor/aws/aws-sdk-php/src/SSOAdmin/SSOAdminClient.php
- M PF.Base/vendor/aws/aws-sdk-php/src/SageMaker/SageMakerClient.php
- A PF.Base/vendor/aws/aws-sdk-php/src/SageMakerFeatureStoreRuntime/Exception/SageMakerFeatureStoreRuntimeException.php
- A PF.Base/vendor/aws/aws-sdk-php/src/SageMakerFeatureStoreRuntime/SageMakerFeatureStoreRuntimeClient.php
- A PF.Base/vendor/aws/aws-sdk-php/src/SagemakerEdgeManager/Exception/SagemakerEdgeManagerException.php
- A PF.Base/vendor/aws/aws-sdk-php/src/SagemakerEdgeManager/SagemakerEdgeManagerClient.php
- M PF.Base/vendor/aws/aws-sdk-php/src/SavingsPlans/SavingsPlansClient.php
- M PF.Base/vendor/aws/aws-sdk-php/src/Schemas/SchemasClient.php
- M PF.Base/vendor/aws/aws-sdk-php/src/Sdk.php
- M PF.Base/vendor/aws/aws-sdk-php/src/SecretsManager/SecretsManagerClient.php
- M PF.Base/vendor/aws/aws-sdk-php/src/SecurityHub/SecurityHubClient.php
- M PF.Base/vendor/aws/aws-sdk-php/src/ServiceCatalog/ServiceCatalogClient.php
- M PF.Base/vendor/aws/aws-sdk-php/src/ServiceQuotas/ServiceQuotasClient.php
- M PF.Base/vendor/aws/aws-sdk-php/src/SesV2/SesV2Client.php
- M PF.Base/vendor/aws/aws-sdk-php/src/Sfn/SfnClient.php
- M PF.Base/vendor/aws/aws-sdk-php/src/Shield/ShieldClient.php
- M PF.Base/vendor/aws/aws-sdk-php/src/Signature/AnonymousSignature.php
- M PF.Base/vendor/aws/aws-sdk-php/src/Signature/S3SignatureV4.php
- M PF.Base/vendor/aws/aws-sdk-php/src/Signature/SignatureInterface.php
- M PF.Base/vendor/aws/aws-sdk-php/src/Signature/SignatureV4.php
- M PF.Base/vendor/aws/aws-sdk-php/src/Sms/SmsClient.php
- M PF.Base/vendor/aws/aws-sdk-php/src/SnowBall/SnowBallClient.php
- M PF.Base/vendor/aws/aws-sdk-php/src/Ssm/SsmClient.php
- M PF.Base/vendor/aws/aws-sdk-php/src/StorageGateway/StorageGatewayClient.php
- M PF.Base/vendor/aws/aws-sdk-php/src/Sts/RegionalEndpoints/ConfigurationProvider.php
- M PF.Base/vendor/aws/aws-sdk-php/src/Sts/StsClient.php
- A PF.Base/vendor/aws/aws-sdk-php/src/TimestreamQuery/Exception/TimestreamQueryException.php
- A PF.Base/vendor/aws/aws-sdk-php/src/TimestreamQuery/TimestreamQueryClient.php
- A PF.Base/vendor/aws/aws-sdk-php/src/TimestreamWrite/Exception/TimestreamWriteException.php
- A PF.Base/vendor/aws/aws-sdk-php/src/TimestreamWrite/TimestreamWriteClient.php
- M PF.Base/vendor/aws/aws-sdk-php/src/TraceMiddleware.php
- M PF.Base/vendor/aws/aws-sdk-php/src/TranscribeService/TranscribeServiceClient.php
- M PF.Base/vendor/aws/aws-sdk-php/src/Transfer/TransferClient.php
- M PF.Base/vendor/aws/aws-sdk-php/src/Translate/TranslateClient.php
- A PF.Base/vendor/aws/aws-sdk-php/src/WellArchitected/Exception/WellArchitectedException.php
- A PF.Base/vendor/aws/aws-sdk-php/src/WellArchitected/WellArchitectedClient.php
- M PF.Base/vendor/aws/aws-sdk-php/src/WorkMail/WorkMailClient.php
- M PF.Base/vendor/aws/aws-sdk-php/src/WorkMailMessageFlow/WorkMailMessageFlowClient.php
- M PF.Base/vendor/aws/aws-sdk-php/src/WorkSpaces/WorkSpacesClient.php
- M PF.Base/vendor/aws/aws-sdk-php/src/XRay/XRayClient.php
- M PF.Base/vendor/aws/aws-sdk-php/src/data/accessanalyzer/2019-11-01/api-2.json.php
- M PF.Base/vendor/aws/aws-sdk-php/src/data/accessanalyzer/2019-11-01/paginators-1.json.php
- M PF.Base/vendor/aws/aws-sdk-php/src/data/acm-pca/2017-08-22/api-2.json.php
- M PF.Base/vendor/aws/aws-sdk-php/src/data/acm/2015-12-08/api-2.json.php
- M PF.Base/vendor/aws/aws-sdk-php/src/data/alexaforbusiness/2017-11-09/api-2.json.php
- A PF.Base/vendor/aws/aws-sdk-php/src/data/amp/2020-08-01/api-2.json.php
- A PF.Base/vendor/aws/aws-sdk-php/src/data/amp/2020-08-01/paginators-1.json.php
- M PF.Base/vendor/aws/aws-sdk-php/src/data/amplify/2017-07-25/api-2.json.php
- A PF.Base/vendor/aws/aws-sdk-php/src/data/amplifybackend/2020-08-11/api-2.json.php
- A PF.Base/vendor/aws/aws-sdk-php/src/data/amplifybackend/2020-08-11/paginators-1.json.php
- M PF.Base/vendor/aws/aws-sdk-php/src/data/apigateway/2015-07-09/api-2.json.php
- M PF.Base/vendor/aws/aws-sdk-php/src/data/apigatewayv2/2018-11-29/api-2.json.php
- A PF.Base/vendor/aws/aws-sdk-php/src/data/appflow/2020-08-23/api-2.json.php
- A PF.Base/vendor/aws/aws-sdk-php/src/data/appflow/2020-08-23/paginators-1.json.php
- A PF.Base/vendor/aws/aws-sdk-php/src/data/appintegrations/2020-07-29/api-2.json.php
- A PF.Base/vendor/aws/aws-sdk-php/src/data/appintegrations/2020-07-29/paginators-1.json.php
- M PF.Base/vendor/aws/aws-sdk-php/src/data/application-autoscaling/2016-02-06/api-2.json.php
- M PF.Base/vendor/aws/aws-sdk-php/src/data/application-insights/2018-11-25/api-2.json.php
- M PF.Base/vendor/aws/aws-sdk-php/src/data/appmesh/2019-01-25/api-2.json.php
- M PF.Base/vendor/aws/aws-sdk-php/src/data/appmesh/2019-01-25/paginators-1.json.php
- M PF.Base/vendor/aws/aws-sdk-php/src/data/appstream/2016-12-01/api-2.json.php
- M PF.Base/vendor/aws/aws-sdk-php/src/data/appsync/2017-07-25/api-2.json.php
- M PF.Base/vendor/aws/aws-sdk-php/src/data/athena/2017-05-18/api-2.json.php
- M PF.Base/vendor/aws/aws-sdk-php/src/data/athena/2017-05-18/paginators-1.json.php
- A PF.Base/vendor/aws/aws-sdk-php/src/data/auditmanager/2017-07-25/api-2.json.php
- A PF.Base/vendor/aws/aws-sdk-php/src/data/auditmanager/2017-07-25/paginators-1.json.php
- M PF.Base/vendor/aws/aws-sdk-php/src/data/autoscaling/2011-01-01/api-2.json.php
- M PF.Base/vendor/aws/aws-sdk-php/src/data/backup/2018-11-15/api-2.json.php
- M PF.Base/vendor/aws/aws-sdk-php/src/data/batch/2016-08-10/api-2.json.php
- A PF.Base/vendor/aws/aws-sdk-php/src/data/braket/2019-09-01/api-2.json.php
- A PF.Base/vendor/aws/aws-sdk-php/src/data/braket/2019-09-01/paginators-1.json.php
- M PF.Base/vendor/aws/aws-sdk-php/src/data/budgets/2016-10-20/api-2.json.php
- M PF.Base/vendor/aws/aws-sdk-php/src/data/budgets/2016-10-20/paginators-1.json.php
- M PF.Base/vendor/aws/aws-sdk-php/src/data/ce/2017-10-25/api-2.json.php
- M PF.Base/vendor/aws/aws-sdk-php/src/data/chime/2018-05-01/api-2.json.php
- M PF.Base/vendor/aws/aws-sdk-php/src/data/chime/2018-05-01/paginators-1.json.php
- M PF.Base/vendor/aws/aws-sdk-php/src/data/cloud9/2017-09-23/api-2.json.php
- M PF.Base/vendor/aws/aws-sdk-php/src/data/cloudformation/2010-05-15/api-2.json.php
- M PF.Base/vendor/aws/aws-sdk-php/src/data/cloudfront/2019-03-26/api-2.json.php
- A PF.Base/vendor/aws/aws-sdk-php/src/data/cloudfront/2020-05-31/api-2.json.php
- A PF.Base/vendor/aws/aws-sdk-php/src/data/cloudfront/2020-05-31/paginators-1.json.php
- A PF.Base/vendor/aws/aws-sdk-php/src/data/cloudfront/2020-05-31/smoke.json.php
- A PF.Base/vendor/aws/aws-sdk-php/src/data/cloudfront/2020-05-31/waiters-1.json.php
- A PF.Base/vendor/aws/aws-sdk-php/src/data/cloudfront/2020-05-31/waiters-2.json.php
- M PF.Base/vendor/aws/aws-sdk-php/src/data/cloudhsmv2/2017-04-28/api-2.json.php
- M PF.Base/vendor/aws/aws-sdk-php/src/data/cloudsearch/2013-01-01/api-2.json.php
- M PF.Base/vendor/aws/aws-sdk-php/src/data/cloudtrail/2013-11-01/api-2.json.php
- M PF.Base/vendor/aws/aws-sdk-php/src/data/codeartifact/2018-09-22/api-2.json.php
- M PF.Base/vendor/aws/aws-sdk-php/src/data/codebuild/2016-10-06/api-2.json.php
- M PF.Base/vendor/aws/aws-sdk-php/src/data/codebuild/2016-10-06/paginators-1.json.php
- M PF.Base/vendor/aws/aws-sdk-php/src/data/codecommit/2015-04-13/api-2.json.php
- M PF.Base/vendor/aws/aws-sdk-php/src/data/codecommit/2015-04-13/paginators-1.json.php
- M PF.Base/vendor/aws/aws-sdk-php/src/data/codedeploy/2014-10-06/api-2.json.php
- M PF.Base/vendor/aws/aws-sdk-php/src/data/codeguru-reviewer/2019-09-19/api-2.json.php
- M PF.Base/vendor/aws/aws-sdk-php/src/data/codeguruprofiler/2019-07-18/api-2.json.php
- M PF.Base/vendor/aws/aws-sdk-php/src/data/codeguruprofiler/2019-07-18/paginators-1.json.php
- M PF.Base/vendor/aws/aws-sdk-php/src/data/codepipeline/2015-07-09/api-2.json.php
- M PF.Base/vendor/aws/aws-sdk-php/src/data/codepipeline/2015-07-09/paginators-1.json.php
- M PF.Base/vendor/aws/aws-sdk-php/src/data/codestar-connections/2019-12-01/api-2.json.php
- M PF.Base/vendor/aws/aws-sdk-php/src/data/codestar-connections/2019-12-01/paginators-1.json.php
- M PF.Base/vendor/aws/aws-sdk-php/src/data/cognito-identity/2014-06-30/api-2.json.php
- M PF.Base/vendor/aws/aws-sdk-php/src/data/cognito-identity/2014-06-30/paginators-1.json.php
- A PF.Base/vendor/aws/aws-sdk-php/src/data/cognito-identity/2014-06-30/smoke.json.php
- M PF.Base/vendor/aws/aws-sdk-php/src/data/cognito-idp/2016-04-18/api-2.json.php
- M PF.Base/vendor/aws/aws-sdk-php/src/data/comprehend/2017-11-27/api-2.json.php
- M PF.Base/vendor/aws/aws-sdk-php/src/data/comprehend/2017-11-27/paginators-1.json.php
- M PF.Base/vendor/aws/aws-sdk-php/src/data/comprehendmedical/2018-10-30/api-2.json.php
- M PF.Base/vendor/aws/aws-sdk-php/src/data/compute-optimizer/2019-11-01/api-2.json.php
- M PF.Base/vendor/aws/aws-sdk-php/src/data/config/2014-11-12/api-2.json.php
- M PF.Base/vendor/aws/aws-sdk-php/src/data/config/2014-11-12/paginators-1.json.php
- A PF.Base/vendor/aws/aws-sdk-php/src/data/connect-contact-lens/2020-08-21/api-2.json.php
- A PF.Base/vendor/aws/aws-sdk-php/src/data/connect-contact-lens/2020-08-21/paginators-1.json.php
- M PF.Base/vendor/aws/aws-sdk-php/src/data/connect/2017-08-08/api-2.json.php
- M PF.Base/vendor/aws/aws-sdk-php/src/data/connect/2017-08-08/paginators-1.json.php
- M PF.Base/vendor/aws/aws-sdk-php/src/data/connectparticipant/2018-09-07/api-2.json.php
- M PF.Base/vendor/aws/aws-sdk-php/src/data/cur/2017-01-06/api-2.json.php
- A PF.Base/vendor/aws/aws-sdk-php/src/data/customer-profiles/2020-08-15/api-2.json.php
- A PF.Base/vendor/aws/aws-sdk-php/src/data/customer-profiles/2020-08-15/paginators-1.json.php
- A PF.Base/vendor/aws/aws-sdk-php/src/data/databrew/2017-07-25/api-2.json.php
- A PF.Base/vendor/aws/aws-sdk-php/src/data/databrew/2017-07-25/paginators-1.json.php
- M PF.Base/vendor/aws/aws-sdk-php/src/data/dataexchange/2017-07-25/api-2.json.php
- M PF.Base/vendor/aws/aws-sdk-php/src/data/datasync/2018-11-09/api-2.json.php
- M PF.Base/vendor/aws/aws-sdk-php/src/data/detective/2018-10-26/api-2.json.php
- A PF.Base/vendor/aws/aws-sdk-php/src/data/devops-guru/2020-12-01/api-2.json.php
- A PF.Base/vendor/aws/aws-sdk-php/src/data/devops-guru/2020-12-01/paginators-1.json.php
- M PF.Base/vendor/aws/aws-sdk-php/src/data/dlm/2018-01-12/api-2.json.php
- M PF.Base/vendor/aws/aws-sdk-php/src/data/dms/2016-01-01/api-2.json.php
- M PF.Base/vendor/aws/aws-sdk-php/src/data/dms/2016-01-01/paginators-1.json.php
- M PF.Base/vendor/aws/aws-sdk-php/src/data/docdb/2014-10-31/api-2.json.php
- M PF.Base/vendor/aws/aws-sdk-php/src/data/docdb/2014-10-31/paginators-1.json.php
- M PF.Base/vendor/aws/aws-sdk-php/src/data/ds/2015-04-16/api-2.json.php
- M PF.Base/vendor/aws/aws-sdk-php/src/data/dynamodb/2012-08-10/api-2.json.php
- M PF.Base/vendor/aws/aws-sdk-php/src/data/dynamodb/2012-08-10/paginators-1.json.php
- M PF.Base/vendor/aws/aws-sdk-php/src/data/ebs/2019-11-02/api-2.json.php
- M PF.Base/vendor/aws/aws-sdk-php/src/data/ec2/2016-11-15/api-2.json.php
- M PF.Base/vendor/aws/aws-sdk-php/src/data/ec2/2016-11-15/paginators-1.json.php
- A PF.Base/vendor/aws/aws-sdk-php/src/data/ecr-public/2020-10-30/api-2.json.php
- A PF.Base/vendor/aws/aws-sdk-php/src/data/ecr-public/2020-10-30/paginators-1.json.php
- M PF.Base/vendor/aws/aws-sdk-php/src/data/ecr/2015-09-21/api-2.json.php
- M PF.Base/vendor/aws/aws-sdk-php/src/data/ecs/2014-11-13/api-2.json.php
- M PF.Base/vendor/aws/aws-sdk-php/src/data/eks/2017-11-01/api-2.json.php
- M PF.Base/vendor/aws/aws-sdk-php/src/data/eks/2017-11-01/paginators-1.json.php
- M PF.Base/vendor/aws/aws-sdk-php/src/data/eks/2017-11-01/waiters-2.json.php
- M PF.Base/vendor/aws/aws-sdk-php/src/data/elasticache/2015-02-02/api-2.json.php
- M PF.Base/vendor/aws/aws-sdk-php/src/data/elasticache/2015-02-02/paginators-1.json.php
- M PF.Base/vendor/aws/aws-sdk-php/src/data/elasticbeanstalk/2010-12-01/api-2.json.php
- M PF.Base/vendor/aws/aws-sdk-php/src/data/elasticbeanstalk/2010-12-01/paginators-1.json.php
- A PF.Base/vendor/aws/aws-sdk-php/src/data/elasticbeanstalk/2010-12-01/waiters-2.json.php
- M PF.Base/vendor/aws/aws-sdk-php/src/data/elasticfilesystem/2015-02-01/api-2.json.php
- M PF.Base/vendor/aws/aws-sdk-php/src/data/elasticloadbalancingv2/2015-12-01/api-2.json.php
- M PF.Base/vendor/aws/aws-sdk-php/src/data/elasticmapreduce/2009-03-31/api-2.json.php
- M PF.Base/vendor/aws/aws-sdk-php/src/data/elasticmapreduce/2009-03-31/paginators-1.json.php
- A PF.Base/vendor/aws/aws-sdk-php/src/data/emr-containers/2020-10-01/api-2.json.php
- A PF.Base/vendor/aws/aws-sdk-php/src/data/emr-containers/2020-10-01/paginators-1.json.php
- M PF.Base/vendor/aws/aws-sdk-php/src/data/endpoints.json.php
- M PF.Base/vendor/aws/aws-sdk-php/src/data/es/2015-01-01/api-2.json.php
- M PF.Base/vendor/aws/aws-sdk-php/src/data/es/2015-01-01/paginators-1.json.php
- M PF.Base/vendor/aws/aws-sdk-php/src/data/eventbridge/2015-10-07/api-2.json.php
- M PF.Base/vendor/aws/aws-sdk-php/src/data/events/2015-10-07/api-2.json.php
- M PF.Base/vendor/aws/aws-sdk-php/src/data/firehose/2015-08-04/api-2.json.php
- A PF.Base/vendor/aws/aws-sdk-php/src/data/fis/2020-12-01/api-2.json.php
- A PF.Base/vendor/aws/aws-sdk-php/src/data/fis/2020-12-01/paginators-1.json.php
- M PF.Base/vendor/aws/aws-sdk-php/src/data/fms/2018-01-01/api-2.json.php
- M PF.Base/vendor/aws/aws-sdk-php/src/data/forecast/2018-06-26/api-2.json.php
- M PF.Base/vendor/aws/aws-sdk-php/src/data/forecast/2018-06-26/paginators-1.json.php
- M PF.Base/vendor/aws/aws-sdk-php/src/data/frauddetector/2019-11-15/api-2.json.php
- M PF.Base/vendor/aws/aws-sdk-php/src/data/frauddetector/2019-11-15/paginators-1.json.php
- M PF.Base/vendor/aws/aws-sdk-php/src/data/fsx/2018-03-01/api-2.json.php
- M PF.Base/vendor/aws/aws-sdk-php/src/data/fsx/2018-03-01/paginators-1.json.php
- M PF.Base/vendor/aws/aws-sdk-php/src/data/gamelift/2015-10-01/api-2.json.php
- M PF.Base/vendor/aws/aws-sdk-php/src/data/gamelift/2015-10-01/paginators-1.json.php
- M PF.Base/vendor/aws/aws-sdk-php/src/data/globalaccelerator/2018-08-08/api-2.json.php
- M PF.Base/vendor/aws/aws-sdk-php/src/data/globalaccelerator/2018-08-08/paginators-1.json.php
- M PF.Base/vendor/aws/aws-sdk-php/src/data/glue/2017-03-31/api-2.json.php
- M PF.Base/vendor/aws/aws-sdk-php/src/data/glue/2017-03-31/paginators-1.json.php
- M PF.Base/vendor/aws/aws-sdk-php/src/data/greengrass/2017-06-07/api-2.json.php
- A PF.Base/vendor/aws/aws-sdk-php/src/data/greengrassv2/2020-11-30/api-2.json.php
- A PF.Base/vendor/aws/aws-sdk-php/src/data/greengrassv2/2020-11-30/paginators-1.json.php
- M PF.Base/vendor/aws/aws-sdk-php/src/data/groundstation/2019-05-23/api-2.json.php
- M PF.Base/vendor/aws/aws-sdk-php/src/data/guardduty/2017-11-28/api-2.json.php
- M PF.Base/vendor/aws/aws-sdk-php/src/data/guardduty/2017-11-28/paginators-1.json.php
- A PF.Base/vendor/aws/aws-sdk-php/src/data/healthlake/2017-07-01/api-2.json.php
- A PF.Base/vendor/aws/aws-sdk-php/src/data/healthlake/2017-07-01/paginators-1.json.php
- A PF.Base/vendor/aws/aws-sdk-php/src/data/honeycode/2020-03-01/api-2.json.php
- A PF.Base/vendor/aws/aws-sdk-php/src/data/honeycode/2020-03-01/paginators-1.json.php
- M PF.Base/vendor/aws/aws-sdk-php/src/data/iam/2010-05-08/api-2.json.php
- A PF.Base/vendor/aws/aws-sdk-php/src/data/identitystore/2020-06-15/api-2.json.php
- A PF.Base/vendor/aws/aws-sdk-php/src/data/identitystore/2020-06-15/paginators-1.json.php
- M PF.Base/vendor/aws/aws-sdk-php/src/data/imagebuilder/2019-12-02/api-2.json.php
- M PF.Base/vendor/aws/aws-sdk-php/src/data/imagebuilder/2019-12-02/paginators-1.json.php
- M PF.Base/vendor/aws/aws-sdk-php/src/data/iot/2015-05-28/api-2.json.php
- M PF.Base/vendor/aws/aws-sdk-php/src/data/iot/2015-05-28/paginators-1.json.php
- M PF.Base/vendor/aws/aws-sdk-php/src/data/iotanalytics/2017-11-27/api-2.json.php
- A PF.Base/vendor/aws/aws-sdk-php/src/data/iotdeviceadvisor/2020-09-18/api-2.json.php
- A PF.Base/vendor/aws/aws-sdk-php/src/data/iotdeviceadvisor/2020-09-18/paginators-1.json.php
- M PF.Base/vendor/aws/aws-sdk-php/src/data/iotevents/2018-07-27/api-2.json.php
- A PF.Base/vendor/aws/aws-sdk-php/src/data/iotfleethub/2020-11-03/api-2.json.php
- A PF.Base/vendor/aws/aws-sdk-php/src/data/iotfleethub/2020-11-03/paginators-1.json.php
- M PF.Base/vendor/aws/aws-sdk-php/src/data/iotsecuretunneling/2018-10-05/api-2.json.php
- M PF.Base/vendor/aws/aws-sdk-php/src/data/iotsitewise/2019-12-02/api-2.json.php
- M PF.Base/vendor/aws/aws-sdk-php/src/data/iotsitewise/2019-12-02/paginators-1.json.php
- A PF.Base/vendor/aws/aws-sdk-php/src/data/iotwireless/2020-11-22/api-2.json.php
- A PF.Base/vendor/aws/aws-sdk-php/src/data/iotwireless/2020-11-22/paginators-1.json.php
- A PF.Base/vendor/aws/aws-sdk-php/src/data/ivs/2020-07-14/api-2.json.php
- A PF.Base/vendor/aws/aws-sdk-php/src/data/ivs/2020-07-14/paginators-1.json.php
- M PF.Base/vendor/aws/aws-sdk-php/src/data/kafka/2018-11-14/api-2.json.php
- M PF.Base/vendor/aws/aws-sdk-php/src/data/kafka/2018-11-14/paginators-1.json.php
- M PF.Base/vendor/aws/aws-sdk-php/src/data/kendra/2019-02-03/api-2.json.php
- M PF.Base/vendor/aws/aws-sdk-php/src/data/kinesis-video-archived-media/2017-09-30/api-2.json.php
- M PF.Base/vendor/aws/aws-sdk-php/src/data/kinesisanalyticsv2/2018-05-23/api-2.json.php
- M PF.Base/vendor/aws/aws-sdk-php/src/data/kms/2014-11-01/api-2.json.php
- M PF.Base/vendor/aws/aws-sdk-php/src/data/lakeformation/2017-03-31/api-2.json.php
- M PF.Base/vendor/aws/aws-sdk-php/src/data/lambda/2015-03-31/api-2.json.php
- M PF.Base/vendor/aws/aws-sdk-php/src/data/lambda/2015-03-31/paginators-1.json.php
- M PF.Base/vendor/aws/aws-sdk-php/src/data/lex-models/2017-04-19/api-2.json.php
- M PF.Base/vendor/aws/aws-sdk-php/src/data/license-manager/2018-08-01/api-2.json.php
- M PF.Base/vendor/aws/aws-sdk-php/src/data/lightsail/2016-11-28/api-2.json.php
- A PF.Base/vendor/aws/aws-sdk-php/src/data/location/2020-11-19/api-2.json.php
- A PF.Base/vendor/aws/aws-sdk-php/src/data/location/2020-11-19/paginators-1.json.php
- A PF.Base/vendor/aws/aws-sdk-php/src/data/lookoutvision/2020-11-20/api-2.json.php
- A PF.Base/vendor/aws/aws-sdk-php/src/data/lookoutvision/2020-11-20/paginators-1.json.php
- M PF.Base/vendor/aws/aws-sdk-php/src/data/macie2/2020-01-01/api-2.json.php
- M PF.Base/vendor/aws/aws-sdk-php/src/data/macie2/2020-01-01/paginators-1.json.php
- M PF.Base/vendor/aws/aws-sdk-php/src/data/managedblockchain/2018-09-24/api-2.json.php
- M PF.Base/vendor/aws/aws-sdk-php/src/data/manifest.json.php
- M PF.Base/vendor/aws/aws-sdk-php/src/data/marketplace-catalog/2018-09-17/api-2.json.php
- M PF.Base/vendor/aws/aws-sdk-php/src/data/mediaconnect/2018-11-14/api-2.json.php
- M PF.Base/vendor/aws/aws-sdk-php/src/data/mediaconnect/2018-11-14/paginators-1.json.php
- M PF.Base/vendor/aws/aws-sdk-php/src/data/mediaconvert/2017-08-29/api-2.json.php
- M PF.Base/vendor/aws/aws-sdk-php/src/data/medialive/2017-10-14/api-2.json.php
- M PF.Base/vendor/aws/aws-sdk-php/src/data/medialive/2017-10-14/paginators-1.json.php
- M PF.Base/vendor/aws/aws-sdk-php/src/data/mediapackage-vod/2018-11-07/api-2.json.php
- M PF.Base/vendor/aws/aws-sdk-php/src/data/mediapackage/2017-10-12/api-2.json.php
- M PF.Base/vendor/aws/aws-sdk-php/src/data/mediatailor/2018-04-23/api-2.json.php
- M PF.Base/vendor/aws/aws-sdk-php/src/data/mediatailor/2018-04-23/paginators-1.json.php
- M PF.Base/vendor/aws/aws-sdk-php/src/data/metering.marketplace/2016-01-14/api-2.json.php
- A PF.Base/vendor/aws/aws-sdk-php/src/data/models.lex.v2/2020-08-07/api-2.json.php
- A PF.Base/vendor/aws/aws-sdk-php/src/data/models.lex.v2/2020-08-07/paginators-1.json.php
- M PF.Base/vendor/aws/aws-sdk-php/src/data/monitoring/2010-08-01/api-2.json.php
- M PF.Base/vendor/aws/aws-sdk-php/src/data/mq/2017-11-27/api-2.json.php
- M PF.Base/vendor/aws/aws-sdk-php/src/data/mq/2017-11-27/paginators-1.json.php
- A PF.Base/vendor/aws/aws-sdk-php/src/data/mwaa/2020-07-01/api-2.json.php
- A PF.Base/vendor/aws/aws-sdk-php/src/data/mwaa/2020-07-01/paginators-1.json.php
- M PF.Base/vendor/aws/aws-sdk-php/src/data/neptune/2014-10-31/api-2.json.php
- M PF.Base/vendor/aws/aws-sdk-php/src/data/neptune/2014-10-31/paginators-1.json.php
- A PF.Base/vendor/aws/aws-sdk-php/src/data/network-firewall/2020-11-12/api-2.json.php
- A PF.Base/vendor/aws/aws-sdk-php/src/data/network-firewall/2020-11-12/paginators-1.json.php
- M PF.Base/vendor/aws/aws-sdk-php/src/data/networkmanager/2019-07-05/api-2.json.php
- M PF.Base/vendor/aws/aws-sdk-php/src/data/networkmanager/2019-07-05/paginators-1.json.php
- M PF.Base/vendor/aws/aws-sdk-php/src/data/organizations/2016-11-28/api-2.json.php
- M PF.Base/vendor/aws/aws-sdk-php/src/data/outposts/2019-12-03/api-2.json.php
- M PF.Base/vendor/aws/aws-sdk-php/src/data/personalize-events/2018-03-22/api-2.json.php
- M PF.Base/vendor/aws/aws-sdk-php/src/data/personalize-runtime/2018-05-22/api-2.json.php
- M PF.Base/vendor/aws/aws-sdk-php/src/data/personalize/2018-05-22/api-2.json.php
- M PF.Base/vendor/aws/aws-sdk-php/src/data/pinpoint/2016-12-01/api-2.json.php
- M PF.Base/vendor/aws/aws-sdk-php/src/data/polly/2016-06-10/api-2.json.php
- M PF.Base/vendor/aws/aws-sdk-php/src/data/qldb-session/2019-07-11/api-2.json.php
- M PF.Base/vendor/aws/aws-sdk-php/src/data/quicksight/2018-04-01/api-2.json.php
- M PF.Base/vendor/aws/aws-sdk-php/src/data/quicksight/2018-04-01/paginators-1.json.php
- M PF.Base/vendor/aws/aws-sdk-php/src/data/rds-data/2018-08-01/api-2.json.php
- M PF.Base/vendor/aws/aws-sdk-php/src/data/rds/2014-10-31/api-2.json.php
- M PF.Base/vendor/aws/aws-sdk-php/src/data/rds/2014-10-31/paginators-1.json.php
- A PF.Base/vendor/aws/aws-sdk-php/src/data/redshift-data/2019-12-20/api-2.json.php
- A PF.Base/vendor/aws/aws-sdk-php/src/data/redshift-data/2019-12-20/paginators-1.json.php
- M PF.Base/vendor/aws/aws-sdk-php/src/data/redshift/2012-12-01/api-2.json.php
- M PF.Base/vendor/aws/aws-sdk-php/src/data/redshift/2012-12-01/paginators-1.json.php
- M PF.Base/vendor/aws/aws-sdk-php/src/data/rekognition/2016-06-27/api-2.json.php
- M PF.Base/vendor/aws/aws-sdk-php/src/data/resource-groups/2017-11-27/api-2.json.php
- M PF.Base/vendor/aws/aws-sdk-php/src/data/resource-groups/2017-11-27/paginators-1.json.php
- M PF.Base/vendor/aws/aws-sdk-php/src/data/resourcegroupstaggingapi/2017-01-26/api-2.json.php
- M PF.Base/vendor/aws/aws-sdk-php/src/data/robomaker/2018-06-29/api-2.json.php
- M PF.Base/vendor/aws/aws-sdk-php/src/data/robomaker/2018-06-29/paginators-1.json.php
- M PF.Base/vendor/aws/aws-sdk-php/src/data/route53/2013-04-01/api-2.json.php
- M PF.Base/vendor/aws/aws-sdk-php/src/data/route53resolver/2018-04-01/api-2.json.php
- M PF.Base/vendor/aws/aws-sdk-php/src/data/route53resolver/2018-04-01/paginators-1.json.php
- A PF.Base/vendor/aws/aws-sdk-php/src/data/runtime.lex.v2/2020-08-07/api-2.json.php
- A PF.Base/vendor/aws/aws-sdk-php/src/data/runtime.lex.v2/2020-08-07/paginators-1.json.php
- M PF.Base/vendor/aws/aws-sdk-php/src/data/runtime.lex/2016-11-28/api-2.json.php
- M PF.Base/vendor/aws/aws-sdk-php/src/data/runtime.sagemaker/2017-05-13/api-2.json.php
- M PF.Base/vendor/aws/aws-sdk-php/src/data/s3/2006-03-01/api-2.json.php
- M PF.Base/vendor/aws/aws-sdk-php/src/data/s3control/2018-08-20/api-2.json.php
- M PF.Base/vendor/aws/aws-sdk-php/src/data/s3control/2018-08-20/paginators-1.json.php
- A PF.Base/vendor/aws/aws-sdk-php/src/data/s3outposts/2017-07-25/api-2.json.php
- A PF.Base/vendor/aws/aws-sdk-php/src/data/s3outposts/2017-07-25/paginators-1.json.php
- A PF.Base/vendor/aws/aws-sdk-php/src/data/sagemaker-edge/2020-09-23/api-2.json.php
- A PF.Base/vendor/aws/aws-sdk-php/src/data/sagemaker-edge/2020-09-23/paginators-1.json.php
- A PF.Base/vendor/aws/aws-sdk-php/src/data/sagemaker-featurestore-runtime/2020-07-01/api-2.json.php
- A PF.Base/vendor/aws/aws-sdk-php/src/data/sagemaker-featurestore-runtime/2020-07-01/paginators-1.json.php
- M PF.Base/vendor/aws/aws-sdk-php/src/data/sagemaker/2017-07-24/api-2.json.php
- M PF.Base/vendor/aws/aws-sdk-php/src/data/sagemaker/2017-07-24/paginators-1.json.php
- M PF.Base/vendor/aws/aws-sdk-php/src/data/savingsplans/2019-06-28/api-2.json.php
- M PF.Base/vendor/aws/aws-sdk-php/src/data/schemas/2019-12-02/api-2.json.php
- M PF.Base/vendor/aws/aws-sdk-php/src/data/secretsmanager/2017-10-17/api-2.json.php
- M PF.Base/vendor/aws/aws-sdk-php/src/data/securityhub/2018-10-26/api-2.json.php
- M PF.Base/vendor/aws/aws-sdk-php/src/data/securityhub/2018-10-26/paginators-1.json.php
- M PF.Base/vendor/aws/aws-sdk-php/src/data/service-quotas/2019-06-24/api-2.json.php
- A PF.Base/vendor/aws/aws-sdk-php/src/data/servicecatalog-appregistry/2020-06-24/api-2.json.php
- A PF.Base/vendor/aws/aws-sdk-php/src/data/servicecatalog-appregistry/2020-06-24/paginators-1.json.php
- M PF.Base/vendor/aws/aws-sdk-php/src/data/servicecatalog/2015-12-10/api-2.json.php
- M PF.Base/vendor/aws/aws-sdk-php/src/data/servicecatalog/2015-12-10/paginators-1.json.php
- M PF.Base/vendor/aws/aws-sdk-php/src/data/servicediscovery/2017-03-14/api-2.json.php
- M PF.Base/vendor/aws/aws-sdk-php/src/data/sesv2/2019-09-27/api-2.json.php
- M PF.Base/vendor/aws/aws-sdk-php/src/data/sesv2/2019-09-27/paginators-1.json.php
- M PF.Base/vendor/aws/aws-sdk-php/src/data/shield/2016-06-02/api-2.json.php
- M PF.Base/vendor/aws/aws-sdk-php/src/data/shield/2016-06-02/paginators-1.json.php
- M PF.Base/vendor/aws/aws-sdk-php/src/data/signer/2017-08-25/api-2.json.php
- M PF.Base/vendor/aws/aws-sdk-php/src/data/sms/2016-10-24/api-2.json.php
- M PF.Base/vendor/aws/aws-sdk-php/src/data/snowball/2016-06-30/api-2.json.php
- M PF.Base/vendor/aws/aws-sdk-php/src/data/sns/2010-03-31/api-2.json.php
- M PF.Base/vendor/aws/aws-sdk-php/src/data/sqs/2012-11-05/api-2.json.php
- M PF.Base/vendor/aws/aws-sdk-php/src/data/ssm/2014-11-06/api-2.json.php
- M PF.Base/vendor/aws/aws-sdk-php/src/data/ssm/2014-11-06/paginators-1.json.php
- A PF.Base/vendor/aws/aws-sdk-php/src/data/ssm/2014-11-06/waiters-2.json.php
- A PF.Base/vendor/aws/aws-sdk-php/src/data/sso-admin/2020-07-20/api-2.json.php
- A PF.Base/vendor/aws/aws-sdk-php/src/data/sso-admin/2020-07-20/paginators-1.json.php
- M PF.Base/vendor/aws/aws-sdk-php/src/data/states/2016-11-23/api-2.json.php
- M PF.Base/vendor/aws/aws-sdk-php/src/data/storagegateway/2013-06-30/api-2.json.php
- M PF.Base/vendor/aws/aws-sdk-php/src/data/storagegateway/2013-06-30/paginators-1.json.php
- M PF.Base/vendor/aws/aws-sdk-php/src/data/streams.dynamodb/2012-08-10/api-2.json.php
- M PF.Base/vendor/aws/aws-sdk-php/src/data/sts/2011-06-15/api-2.json.php
- M PF.Base/vendor/aws/aws-sdk-php/src/data/synthetics/2017-10-11/api-2.json.php
- M PF.Base/vendor/aws/aws-sdk-php/src/data/textract/2018-06-27/api-2.json.php
- A PF.Base/vendor/aws/aws-sdk-php/src/data/timestream-query/2018-11-01/api-2.json.php
- A PF.Base/vendor/aws/aws-sdk-php/src/data/timestream-query/2018-11-01/paginators-1.json.php
- A PF.Base/vendor/aws/aws-sdk-php/src/data/timestream-write/2018-11-01/api-2.json.php
- A PF.Base/vendor/aws/aws-sdk-php/src/data/timestream-write/2018-11-01/paginators-1.json.php
- M PF.Base/vendor/aws/aws-sdk-php/src/data/transcribe/2017-10-26/api-2.json.php
- M PF.Base/vendor/aws/aws-sdk-php/src/data/transcribe/2017-10-26/paginators-1.json.php
- M PF.Base/vendor/aws/aws-sdk-php/src/data/transfer/2018-11-05/api-2.json.php
- M PF.Base/vendor/aws/aws-sdk-php/src/data/transfer/2018-11-05/paginators-1.json.php
- M PF.Base/vendor/aws/aws-sdk-php/src/data/translate/2017-07-01/api-2.json.php
- M PF.Base/vendor/aws/aws-sdk-php/src/data/translate/2017-07-01/paginators-1.json.php
- M PF.Base/vendor/aws/aws-sdk-php/src/data/wafv2/2019-07-29/api-2.json.php
- A PF.Base/vendor/aws/aws-sdk-php/src/data/wellarchitected/2020-03-31/api-2.json.php
- A PF.Base/vendor/aws/aws-sdk-php/src/data/wellarchitected/2020-03-31/paginators-1.json.php
- M PF.Base/vendor/aws/aws-sdk-php/src/data/workmail/2017-10-01/api-2.json.php
- M PF.Base/vendor/aws/aws-sdk-php/src/data/workmail/2017-10-01/paginators-1.json.php
- M PF.Base/vendor/aws/aws-sdk-php/src/data/workmailmessageflow/2019-05-01/api-2.json.php
- M PF.Base/vendor/aws/aws-sdk-php/src/data/workspaces/2015-04-08/api-2.json.php
- M PF.Base/vendor/aws/aws-sdk-php/src/data/xray/2016-04-12/api-2.json.php
- M PF.Base/vendor/aws/aws-sdk-php/src/data/xray/2016-04-12/paginators-1.json.php
- M PF.Base/vendor/aws/aws-sdk-php/src/functions.php
- M PF.Base/vendor/aws/aws-sdk-php/src/imagebuilder/imagebuilderClient.php
- M PF.Base/vendor/aws/aws-sdk-php/src/kendra/kendraClient.php
- M PF.Base/vendor/aws/aws-sdk-php/src/signer/signerClient.php
- M PF.Base/vendor/composer/ClassLoader.php
- A PF.Base/vendor/composer/InstalledVersions.php
- M PF.Base/vendor/composer/LICENSE
- M PF.Base/vendor/composer/autoload_classmap.php
- M PF.Base/vendor/composer/autoload_files.php
- M PF.Base/vendor/composer/autoload_namespaces.php
- M PF.Base/vendor/composer/autoload_psr4.php
- M PF.Base/vendor/composer/autoload_real.php
- M PF.Base/vendor/composer/autoload_static.php
- M PF.Base/vendor/composer/installed.json
- A PF.Base/vendor/composer/installed.php
- A PF.Base/vendor/doctrine/instantiator/.doctrine-project.json
- A PF.Base/vendor/doctrine/instantiator/.github/FUNDING.yml
- A PF.Base/vendor/doctrine/instantiator/.github/workflows/coding-standards.yml
- A PF.Base/vendor/doctrine/instantiator/.github/workflows/continuous-integration.yml
- A PF.Base/vendor/doctrine/instantiator/.github/workflows/phpbench.yml
- A PF.Base/vendor/doctrine/instantiator/.github/workflows/release-on-milestone-closed.yml
- A PF.Base/vendor/doctrine/instantiator/.github/workflows/static-analysis.yml
- D PF.Base/vendor/doctrine/instantiator/.scrutinizer.yml
- D PF.Base/vendor/doctrine/instantiator/.travis.install.sh
- D PF.Base/vendor/doctrine/instantiator/.travis.yml
- M PF.Base/vendor/doctrine/instantiator/CONTRIBUTING.md
- M PF.Base/vendor/doctrine/instantiator/README.md
- M PF.Base/vendor/doctrine/instantiator/composer.json
- A PF.Base/vendor/doctrine/instantiator/docs/en/index.rst
- A PF.Base/vendor/doctrine/instantiator/docs/en/sidebar.rst
- A PF.Base/vendor/doctrine/instantiator/phpbench.json
- A PF.Base/vendor/doctrine/instantiator/phpcs.xml.dist
- D PF.Base/vendor/doctrine/instantiator/phpmd.xml.dist
- A PF.Base/vendor/doctrine/instantiator/phpstan.neon.dist
- D PF.Base/vendor/doctrine/instantiator/phpunit.xml.dist
- M PF.Base/vendor/doctrine/instantiator/src/Doctrine/Instantiator/Exception/ExceptionInterface.php
- M PF.Base/vendor/doctrine/instantiator/src/Doctrine/Instantiator/Exception/InvalidArgumentException.php
- M PF.Base/vendor/doctrine/instantiator/src/Doctrine/Instantiator/Exception/UnexpectedValueException.php
- M PF.Base/vendor/doctrine/instantiator/src/Doctrine/Instantiator/Instantiator.php
- M PF.Base/vendor/doctrine/instantiator/src/Doctrine/Instantiator/InstantiatorInterface.php
- D PF.Base/vendor/doctrine/instantiator/tests/DoctrineTest/InstantiatorPerformance/InstantiatorPerformanceEvent.php
- D PF.Base/vendor/doctrine/instantiator/tests/DoctrineTest/InstantiatorTest/Exception/InvalidArgumentExceptionTest.php
- D PF.Base/vendor/doctrine/instantiator/tests/DoctrineTest/InstantiatorTest/Exception/UnexpectedValueExceptionTest.php
- D PF.Base/vendor/doctrine/instantiator/tests/DoctrineTest/InstantiatorTest/InstantiatorTest.php
- D PF.Base/vendor/doctrine/instantiator/tests/DoctrineTest/InstantiatorTestAsset/AbstractClassAsset.php
- D PF.Base/vendor/doctrine/instantiator/tests/DoctrineTest/InstantiatorTestAsset/ArrayObjectAsset.php
- D PF.Base/vendor/doctrine/instantiator/tests/DoctrineTest/InstantiatorTestAsset/ExceptionAsset.php
- D PF.Base/vendor/doctrine/instantiator/tests/DoctrineTest/InstantiatorTestAsset/FinalExceptionAsset.php
- D PF.Base/vendor/doctrine/instantiator/tests/DoctrineTest/InstantiatorTestAsset/PharAsset.php
- D PF.Base/vendor/doctrine/instantiator/tests/DoctrineTest/InstantiatorTestAsset/PharExceptionAsset.php
- D PF.Base/vendor/doctrine/instantiator/tests/DoctrineTest/InstantiatorTestAsset/SerializableArrayObjectAsset.php
- D PF.Base/vendor/doctrine/instantiator/tests/DoctrineTest/InstantiatorTestAsset/SimpleSerializableAsset.php
- D PF.Base/vendor/doctrine/instantiator/tests/DoctrineTest/InstantiatorTestAsset/SimpleTraitAsset.php
- D PF.Base/vendor/doctrine/instantiator/tests/DoctrineTest/InstantiatorTestAsset/UnCloneableAsset.php
- D PF.Base/vendor/doctrine/instantiator/tests/DoctrineTest/InstantiatorTestAsset/UnserializeExceptionArrayObjectAsset.php
- D PF.Base/vendor/doctrine/instantiator/tests/DoctrineTest/InstantiatorTestAsset/WakeUpNoticesAsset.php
- D PF.Base/vendor/doctrine/instantiator/tests/DoctrineTest/InstantiatorTestAsset/XMLReaderAsset.php
- D PF.Base/vendor/facebook/
- A PF.Base/vendor/filp/
- M PF.Base/vendor/firebase/
- M PF.Base/vendor/fzaninotto/faker/src/Faker/Generator.php
- M PF.Base/vendor/giggsey/
- A PF.Base/vendor/google/
- M PF.Base/vendor/guzzlehttp/
- M PF.Base/vendor/league/
- A PF.Base/vendor/matthiasmullie/
- M PF.Base/vendor/microsoft/
- A PF.Base/vendor/mikemccabe/json-patch-php/.gitignore
- A PF.Base/vendor/mongodb/
- D PF.Base/vendor/mtdowling/
- D PF.Base/vendor/myclabs/
- A PF.Base/vendor/phpdocumentor/reflection-common/.github/dependabot.yml
- A PF.Base/vendor/phpdocumentor/reflection-common/.github/workflows/push.yml
- D PF.Base/vendor/phpdocumentor/reflection-common/.travis.yml
- M PF.Base/vendor/phpdocumentor/reflection-common/README.md
- M PF.Base/vendor/phpdocumentor/reflection-common/composer.json
- M PF.Base/vendor/phpdocumentor/reflection-common/src/Element.php
- M PF.Base/vendor/phpdocumentor/reflection-common/src/File.php
- M PF.Base/vendor/phpdocumentor/reflection-common/src/Fqsen.php
- M PF.Base/vendor/phpdocumentor/reflection-common/src/Location.php
- M PF.Base/vendor/phpdocumentor/reflection-common/src/Project.php
- M PF.Base/vendor/phpdocumentor/reflection-common/src/ProjectFactory.php
- M PF.Base/vendor/phpdocumentor/reflection-docblock/README.md
- M PF.Base/vendor/phpdocumentor/reflection-docblock/composer.json
- M PF.Base/vendor/phpdocumentor/reflection-docblock/src/DocBlock.php
- M PF.Base/vendor/phpdocumentor/reflection-docblock/src/DocBlock/Description.php
- M PF.Base/vendor/phpdocumentor/reflection-docblock/src/DocBlock/DescriptionFactory.php
- M PF.Base/vendor/phpdocumentor/reflection-docblock/src/DocBlock/ExampleFinder.php
- M PF.Base/vendor/phpdocumentor/reflection-docblock/src/DocBlock/Serializer.php
- M PF.Base/vendor/phpdocumentor/reflection-docblock/src/DocBlock/StandardTagFactory.php
- M PF.Base/vendor/phpdocumentor/reflection-docblock/src/DocBlock/Tag.php
- M PF.Base/vendor/phpdocumentor/reflection-docblock/src/DocBlock/TagFactory.php
- M PF.Base/vendor/phpdocumentor/reflection-docblock/src/DocBlock/Tags/Author.php
- M PF.Base/vendor/phpdocumentor/reflection-docblock/src/DocBlock/Tags/BaseTag.php
- M PF.Base/vendor/phpdocumentor/reflection-docblock/src/DocBlock/Tags/Covers.php
- M PF.Base/vendor/phpdocumentor/reflection-docblock/src/DocBlock/Tags/Deprecated.php
- M PF.Base/vendor/phpdocumentor/reflection-docblock/src/DocBlock/Tags/Example.php
- M PF.Base/vendor/phpdocumentor/reflection-docblock/src/DocBlock/Tags/Factory/StaticMethod.php
- D PF.Base/vendor/phpdocumentor/reflection-docblock/src/DocBlock/Tags/Factory/Strategy.php
- M PF.Base/vendor/phpdocumentor/reflection-docblock/src/DocBlock/Tags/Formatter.php
- M PF.Base/vendor/phpdocumentor/reflection-docblock/src/DocBlock/Tags/Formatter/AlignFormatter.php
- M PF.Base/vendor/phpdocumentor/reflection-docblock/src/DocBlock/Tags/Formatter/PassthroughFormatter.php
- M PF.Base/vendor/phpdocumentor/reflection-docblock/src/DocBlock/Tags/Generic.php
- A PF.Base/vendor/phpdocumentor/reflection-docblock/src/DocBlock/Tags/InvalidTag.php
- M PF.Base/vendor/phpdocumentor/reflection-docblock/src/DocBlock/Tags/Link.php
- M PF.Base/vendor/phpdocumentor/reflection-docblock/src/DocBlock/Tags/Method.php
- M PF.Base/vendor/phpdocumentor/reflection-docblock/src/DocBlock/Tags/Param.php
- M PF.Base/vendor/phpdocumentor/reflection-docblock/src/DocBlock/Tags/Property.php
- M PF.Base/vendor/phpdocumentor/reflection-docblock/src/DocBlock/Tags/PropertyRead.php
- M PF.Base/vendor/phpdocumentor/reflection-docblock/src/DocBlock/Tags/PropertyWrite.php
- M PF.Base/vendor/phpdocumentor/reflection-docblock/src/DocBlock/Tags/Reference/Fqsen.php
- M PF.Base/vendor/phpdocumentor/reflection-docblock/src/DocBlock/Tags/Reference/Reference.php
- M PF.Base/vendor/phpdocumentor/reflection-docblock/src/DocBlock/Tags/Reference/Url.php
- M PF.Base/vendor/phpdocumentor/reflection-docblock/src/DocBlock/Tags/Return_.php
- M PF.Base/vendor/phpdocumentor/reflection-docblock/src/DocBlock/Tags/See.php
- M PF.Base/vendor/phpdocumentor/reflection-docblock/src/DocBlock/Tags/Since.php
- M PF.Base/vendor/phpdocumentor/reflection-docblock/src/DocBlock/Tags/Source.php
- A PF.Base/vendor/phpdocumentor/reflection-docblock/src/DocBlock/Tags/TagWithType.php
- M PF.Base/vendor/phpdocumentor/reflection-docblock/src/DocBlock/Tags/Throws.php
- M PF.Base/vendor/phpdocumentor/reflection-docblock/src/DocBlock/Tags/Uses.php
- M PF.Base/vendor/phpdocumentor/reflection-docblock/src/DocBlock/Tags/Var_.php
- M PF.Base/vendor/phpdocumentor/reflection-docblock/src/DocBlock/Tags/Version.php
- M PF.Base/vendor/phpdocumentor/reflection-docblock/src/DocBlockFactory.php
- M PF.Base/vendor/phpdocumentor/reflection-docblock/src/DocBlockFactoryInterface.php
- A PF.Base/vendor/phpdocumentor/reflection-docblock/src/Exception/PcreException.php
- A PF.Base/vendor/phpdocumentor/reflection-docblock/src/Utils.php
- M PF.Base/vendor/phpdocumentor/type-resolver/README.md
- M PF.Base/vendor/phpdocumentor/type-resolver/composer.json
- A PF.Base/vendor/phpdocumentor/type-resolver/composer.lock
- A PF.Base/vendor/phpdocumentor/type-resolver/phpbench.json
- M PF.Base/vendor/phpdocumentor/type-resolver/src/FqsenResolver.php
- A PF.Base/vendor/phpdocumentor/type-resolver/src/PseudoType.php
- A PF.Base/vendor/phpdocumentor/type-resolver/src/PseudoTypes/False_.php
- A PF.Base/vendor/phpdocumentor/type-resolver/src/PseudoTypes/True_.php
- M PF.Base/vendor/phpdocumentor/type-resolver/src/Type.php
- M PF.Base/vendor/phpdocumentor/type-resolver/src/TypeResolver.php
- A PF.Base/vendor/phpdocumentor/type-resolver/src/Types/AbstractList.php
- A PF.Base/vendor/phpdocumentor/type-resolver/src/Types/AggregatedType.php
- M PF.Base/vendor/phpdocumentor/type-resolver/src/Types/Array_.php
- M PF.Base/vendor/phpdocumentor/type-resolver/src/Types/Boolean.php
- M PF.Base/vendor/phpdocumentor/type-resolver/src/Types/Callable_.php
- A PF.Base/vendor/phpdocumentor/type-resolver/src/Types/ClassString.php
- A PF.Base/vendor/phpdocumentor/type-resolver/src/Types/Collection.php
- M PF.Base/vendor/phpdocumentor/type-resolver/src/Types/Compound.php
- M PF.Base/vendor/phpdocumentor/type-resolver/src/Types/Context.php
- M PF.Base/vendor/phpdocumentor/type-resolver/src/Types/ContextFactory.php
- A PF.Base/vendor/phpdocumentor/type-resolver/src/Types/Expression.php
- M PF.Base/vendor/phpdocumentor/type-resolver/src/Types/Float_.php
- M PF.Base/vendor/phpdocumentor/type-resolver/src/Types/Integer.php
- A PF.Base/vendor/phpdocumentor/type-resolver/src/Types/Intersection.php
- M PF.Base/vendor/phpdocumentor/type-resolver/src/Types/Iterable_.php
- M PF.Base/vendor/phpdocumentor/type-resolver/src/Types/Mixed_.php
- M PF.Base/vendor/phpdocumentor/type-resolver/src/Types/Null_.php
- M PF.Base/vendor/phpdocumentor/type-resolver/src/Types/Nullable.php
- M PF.Base/vendor/phpdocumentor/type-resolver/src/Types/Object_.php
- M PF.Base/vendor/phpdocumentor/type-resolver/src/Types/Parent_.php
- M PF.Base/vendor/phpdocumentor/type-resolver/src/Types/Resource_.php
- M PF.Base/vendor/phpdocumentor/type-resolver/src/Types/Scalar.php
- M PF.Base/vendor/phpdocumentor/type-resolver/src/Types/Self_.php
- M PF.Base/vendor/phpdocumentor/type-resolver/src/Types/Static_.php
- M PF.Base/vendor/phpdocumentor/type-resolver/src/Types/String_.php
- M PF.Base/vendor/phpdocumentor/type-resolver/src/Types/This.php
- M PF.Base/vendor/phpdocumentor/type-resolver/src/Types/Void_.php
- M PF.Base/vendor/phpfastcache/phpfastcache/CHANGELOG.md
- M PF.Base/vendor/phpfastcache/phpfastcache/README.md
- M PF.Base/vendor/phpfastcache/phpfastcache/src/phpFastCache/Helper/Psr16Adapter.php
- M PF.Base/vendor/phpfastcache/phpfastcache/tests/Psr16Adapter.test.php
- M PF.Base/vendor/phpseclib/phpseclib/README.md
- M PF.Base/vendor/phpseclib/phpseclib/composer.json
- M PF.Base/vendor/phpseclib/phpseclib/phpseclib/Crypt/Base.php
- M PF.Base/vendor/phpseclib/phpseclib/phpseclib/Crypt/Hash.php
- M PF.Base/vendor/phpseclib/phpseclib/phpseclib/Crypt/RSA.php
- M PF.Base/vendor/phpseclib/phpseclib/phpseclib/File/ANSI.php
- M PF.Base/vendor/phpseclib/phpseclib/phpseclib/File/ASN1.php
- M PF.Base/vendor/phpseclib/phpseclib/phpseclib/File/X509.php
- M PF.Base/vendor/phpseclib/phpseclib/phpseclib/Math/BigInteger.php
- M PF.Base/vendor/phpseclib/phpseclib/phpseclib/Net/SFTP.php
- M PF.Base/vendor/phpseclib/phpseclib/phpseclib/Net/SFTP/Stream.php
- M PF.Base/vendor/phpseclib/phpseclib/phpseclib/Net/SSH1.php
- M PF.Base/vendor/phpseclib/phpseclib/phpseclib/Net/SSH2.php
- A PF.Base/vendor/phpunit/php-code-coverage/.gitignore
- A PF.Base/vendor/phpunit/php-file-iterator/.gitignore
- A PF.Base/vendor/phpunit/php-text-template/.gitignore
- A PF.Base/vendor/phpunit/php-timer/.gitignore
- A PF.Base/vendor/phpunit/php-token-stream/.gitignore
- M PF.Base/vendor/phpunit/php-token-stream/.travis.yml
- A PF.Base/vendor/phpunit/php-token-stream/ChangeLog.md
- M PF.Base/vendor/phpunit/php-token-stream/LICENSE
- M PF.Base/vendor/phpunit/php-token-stream/README.md
- M PF.Base/vendor/phpunit/php-token-stream/build.xml
- M PF.Base/vendor/phpunit/php-token-stream/composer.json
- A PF.Base/vendor/phpunit/php-token-stream/phpunit.xml
- M PF.Base/vendor/phpunit/php-token-stream/src/Token.php
- M PF.Base/vendor/phpunit/php-token-stream/src/Token/Stream.php
- M PF.Base/vendor/phpunit/php-token-stream/src/Token/Stream/CachingFactory.php
- M PF.Base/vendor/phpunit/php-token-stream/tests/Token/ClassTest.php
- M PF.Base/vendor/phpunit/php-token-stream/tests/Token/ClosureTest.php
- M PF.Base/vendor/phpunit/php-token-stream/tests/Token/FunctionTest.php
- M PF.Base/vendor/phpunit/php-token-stream/tests/Token/IncludeTest.php
- M PF.Base/vendor/phpunit/php-token-stream/tests/Token/InterfaceTest.php
- M PF.Base/vendor/phpunit/php-token-stream/tests/Token/NamespaceTest.php
- M PF.Base/vendor/phpunit/php-token-stream/tests/TokenTest.php
- A PF.Base/vendor/phpunit/php-token-stream/tests/_fixture/class_with_method_named_empty.php
- A PF.Base/vendor/phpunit/php-token-stream/tests/_fixture/class_with_multiple_anonymous_classes_and_functions.php
- A PF.Base/vendor/phpunit/php-token-stream/tests/_fixture/php-code-coverage-issue-424.php
- M PF.Base/vendor/phpunit/php-token-stream/tests/bootstrap.php
- A PF.Base/vendor/phpunit/phpunit-mock-objects/.gitignore
- A PF.Base/vendor/phpunit/phpunit/.gitignore
- M PF.Base/vendor/predis/predis/CHANGELOG.md
- M PF.Base/vendor/predis/predis/CONTRIBUTING.md
- M PF.Base/vendor/predis/predis/FAQ.md
- M PF.Base/vendor/predis/predis/README.md
- M PF.Base/vendor/predis/predis/VERSION
- M PF.Base/vendor/predis/predis/bin/create-pear
- M PF.Base/vendor/predis/predis/bin/create-phar
- M PF.Base/vendor/predis/predis/composer.json
- M PF.Base/vendor/predis/predis/examples/shared.php
- M PF.Base/vendor/predis/predis/package.ini
- M PF.Base/vendor/predis/predis/src/Client.php
- M PF.Base/vendor/predis/predis/src/ClientContextInterface.php
- M PF.Base/vendor/predis/predis/src/ClientInterface.php
- M PF.Base/vendor/predis/predis/src/Cluster/Distributor/HashRing.php
- M PF.Base/vendor/predis/predis/src/Cluster/Hash/CRC16.php
- M PF.Base/vendor/predis/predis/src/Collection/Iterator/HashKey.php
- M PF.Base/vendor/predis/predis/src/Collection/Iterator/SortedSetKey.php
- M PF.Base/vendor/predis/predis/src/Configuration/OptionsInterface.php
- M PF.Base/vendor/predis/predis/src/Configuration/ReplicationOption.php
- M PF.Base/vendor/predis/predis/src/Connection/Aggregate/SentinelReplication.php
- M PF.Base/vendor/predis/predis/src/Connection/Factory.php
- M PF.Base/vendor/predis/predis/src/Connection/Parameters.php
- M PF.Base/vendor/predis/predis/src/Connection/PhpiredisStreamConnection.php
- M PF.Base/vendor/predis/predis/src/Connection/WebdisConnection.php
- M PF.Base/vendor/predis/predis/src/Replication/ReplicationStrategy.php
- A PF.Base/vendor/predis/
- A PF.Base/vendor/rackspace//Smoke/Resource/.gitignore
- A PF.Base/vendor/rize/uri-template/.gitattributes
- A PF.Base/vendor/rize/uri-template/.github/workflows/ci.yml
- A PF.Base/vendor/rize/uri-template/.gitignore
- D PF.Base/vendor/rize/uri-template/.travis.yml
- M PF.Base/vendor/rize/uri-template/README.md
- M PF.Base/vendor/rize/uri-template/composer.json
- M PF.Base/vendor/rize/uri-template/src/Rize/UriTemplate/UriTemplate.php
- D PF.Base/vendor/rize/uri-template/test/Rize/Uri/Node/ParserTest.php
- D PF.Base/vendor/rize/uri-template/test/Rize/UriTemplateTest.php
- D PF.Base/vendor/rize/uri-template/test/fixtures/README.md
- D PF.Base/vendor/rize/uri-template/test/fixtures/extended-tests.json
- D PF.Base/vendor/rize/uri-template/test/fixtures/json2xml.xslt
- D PF.Base/vendor/rize/uri-template/test/fixtures/negative-tests.json
- D PF.Base/vendor/rize/uri-template/test/fixtures/spec-examples-by-section.json
- D PF.Base/vendor/rize/uri-template/test/fixtures/spec-examples.json
- D PF.Base/vendor/rize/uri-template/test/fixtures/transform-json-tests.xslt
- A PF.Base/vendor/sebastian/code-unit-reverse-lookup/.gitignore
- M PF.Base/vendor/sebastian/code-unit-reverse-lookup/ChangeLog.md
- M PF.Base/vendor/sebastian/code-unit-reverse-lookup/composer.json
- M PF.Base/vendor/sebastian/code-unit-reverse-lookup/tests/WizardTest.php
- A PF.Base/vendor/sebastian/comparator/.gitignore
- A PF.Base/vendor/sebastian/comparator/build/travis-ci.xml
- A PF.Base/vendor/sebastian/diff/.gitignore
- A PF.Base/vendor/sebastian/environment/.gitignore
- A PF.Base/vendor/sebastian/exporter/.gitignore
- A PF.Base/vendor/sebastian/global-state/.gitignore
- A PF.Base/vendor/sebastian/object-enumerator/.gitignore
- A PF.Base/vendor/sebastian/recursion-context/.gitignore
- A PF.Base/vendor/sebastian/resource-operations/.gitignore
- A PF.Base/vendor/sebastian/resource-operations/build/generate.php
- A PF.Base/vendor/sebastian/version/.gitignore
- A PF.Base/vendor/superbalist/flysystem-google-storage/.gitignore
- A PF.Base/vendor/symfony/event-dispatcher/.gitignore
- M PF.Base/vendor/symfony/polyfill-ctype/bootstrap.php
- M PF.Base/vendor/symfony/polyfill-ctype/composer.json
- M PF.Base/vendor/symfony/polyfill-iconv/README.md
- M PF.Base/vendor/symfony/polyfill-iconv/Resources/charset/translit.php
- M PF.Base/vendor/symfony/polyfill-iconv/bootstrap.php
- M PF.Base/vendor/symfony/polyfill-iconv/composer.json
- M PF.Base/vendor/symfony/polyfill-intl-idn/Idn.php
- A PF.Base/vendor/symfony/polyfill-intl-idn/Info.php
- M PF.Base/vendor/symfony/polyfill-intl-idn/LICENSE
- A PF.Base/vendor/symfony/polyfill-intl-idn/Resources/unidata/DisallowedRanges.php
- A PF.Base/vendor/symfony/polyfill-intl-idn/Resources/unidata/Regex.php
- A PF.Base/vendor/symfony/polyfill-intl-idn/Resources/unidata/deviation.php
- A PF.Base/vendor/symfony/polyfill-intl-idn/Resources/unidata/disallowed.php
- A PF.Base/vendor/symfony/polyfill-intl-idn/Resources/unidata/disallowed_STD3_mapped.php
- A PF.Base/vendor/symfony/polyfill-intl-idn/Resources/unidata/disallowed_STD3_valid.php
- A PF.Base/vendor/symfony/polyfill-intl-idn/Resources/unidata/ignored.php
- A PF.Base/vendor/symfony/polyfill-intl-idn/Resources/unidata/mapped.php
- A PF.Base/vendor/symfony/polyfill-intl-idn/Resources/unidata/virama.php
- M PF.Base/vendor/symfony/polyfill-intl-idn/bootstrap.php
- A PF.Base/vendor/symfony/polyfill-intl-idn/bootstrap80.php
- M PF.Base/vendor/symfony/polyfill-intl-idn/composer.json
- M PF.Base/vendor/symfony/polyfill-intl-normalizer/Normalizer.php
- M PF.Base/vendor/symfony/polyfill-intl-normalizer/README.md
- M PF.Base/vendor/symfony/polyfill-intl-normalizer/Resources/stubs/Normalizer.php
- M PF.Base/vendor/symfony/polyfill-intl-normalizer/Resources/unidata/canonicalComposition.php
- M PF.Base/vendor/symfony/polyfill-intl-normalizer/Resources/unidata/canonicalDecomposition.php
- M PF.Base/vendor/symfony/polyfill-intl-normalizer/Resources/unidata/combiningClass.php
- M PF.Base/vendor/symfony/polyfill-intl-normalizer/Resources/unidata/compatibilityDecomposition.php
- M PF.Base/vendor/symfony/polyfill-intl-normalizer/bootstrap.php
- M PF.Base/vendor/symfony/polyfill-intl-normalizer/composer.json
- M PF.Base/vendor/symfony/polyfill-mbstring/Mbstring.php
- M PF.Base/vendor/symfony/polyfill-mbstring/bootstrap.php
- A PF.Base/vendor/symfony/polyfill-mbstring/bootstrap80.php
- M PF.Base/vendor/symfony/polyfill-mbstring/composer.json
- M PF.Base/vendor/symfony/polyfill-php72/Php72.php
- M PF.Base/vendor/symfony/polyfill-php72/bootstrap.php
- M PF.Base/vendor/symfony/polyfill-php72/composer.json
- M PF.Base/vendor/symfony/yaml/CHANGELOG.md
- M PF.Base/vendor/symfony/yaml/Command/LintCommand.php
- M PF.Base/vendor/symfony/yaml/Dumper.php
- M PF.Base/vendor/symfony/yaml/Escaper.php
- M PF.Base/vendor/symfony/yaml/Exception/ExceptionInterface.php
- M PF.Base/vendor/symfony/yaml/Exception/ParseException.php
- M PF.Base/vendor/symfony/yaml/Inline.php
- M PF.Base/vendor/symfony/yaml/LICENSE
- M PF.Base/vendor/symfony/yaml/Parser.php
- M PF.Base/vendor/symfony/yaml/Tag/TaggedValue.php
- D PF.Base/vendor/symfony/yaml/Tests/
- M PF.Base/vendor/symfony/yaml/Unescaper.php
- M PF.Base/vendor/symfony/yaml/Yaml.php
- M PF.Base/vendor/symfony/yaml/composer.json
- D PF.Base/vendor/symfony/yaml/phpunit.xml.dist
- A PF.Base/vendor/webmozart/assert/.github/workflows/ci.yaml
- A PF.Base/vendor/webmozart/assert/.php_cs
- M PF.Base/vendor/webmozart/assert/CHANGELOG.md
- M PF.Base/vendor/webmozart/assert/README.md
- M PF.Base/vendor/webmozart/assert/composer.json
- M PF.Base/vendor/webmozart/assert/src/Assert.php
- A PF.Base/vendor/webmozart/assert/src/InvalidArgumentException.php
- M PF.Base/vendor/webmozart/assert/src/Mixin.php
- M PF.Site/Apps/core-flavors/assets/autoload.js
- M PF.Site/Apps/core-flavors/start.php
- M PF.Site/Apps/core/Install.php
- A PF.Site/Apps/core/Installation/Database/SearchWordLog.php
- M PF.Site/Apps/core/phrase.json
- M PF.Site/Apps/core/start.php
- M PF.Src/Core/Assets/Manager.php
- M PF.Src/Core/Flavor/Flavor.php
- M PF.Src/Core/Installation/Manager.php
- M PF.Src/Core/Log/Admincp.php
- M PF.Src/Core/Storage/AwsS3V3Adapter.php
- M PF.Src/Core/Storage/DigitalOceanSpaceAdapter.php
