- M PF.Base/include/library/phpfox/cache/abstract.class.php
- M PF.Base/include/library/phpfox/cache/cache.class.php
- M PF.Base/include/library/phpfox/date/date.class.php
- M PF.Base/include/library/phpfox/file/file.class.php
- M PF.Base/include/library/phpfox/image/helper.class.php
- M PF.Base/include/library/phpfox/locale/locale.class.php
- M PF.Base/include/library/phpfox/module/module.class.php
- M PF.Base/include/library/phpfox/parse/input.class.php
- M PF.Base/include/library/phpfox/phpfox/phpfox.class.php
- M PF.Base/include/library/phpfox/plugin/plugin.class.php
- M PF.Base/include/library/phpfox/template/template.class.php
- M PF.Base/include/library/phpfox/url/url.class.php
- M PF.Base/include/library/phpfox/validator/validator.class.php
- M PF.Base/install/include/version.php
- A PF.Base/install/include/version/4.8.11.php
- M PF.Base/less/base/layout.less
- M PF.Base/less/bootstrap/navbar.less
- M PF.Base/less/bootstrap/phones.less
- M PF.Base/less/modules/photo.less
- M PF.Base/module/admincp/include/component/controller/apps/ajax.class.php
- M PF.Base/module/admincp/include/service/product/product.class.php
- M PF.Base/module/ban/include/component/controller/admincp/default.class.php
- M PF.Base/module/ban/include/component/controller/admincp/email.class.php
- M PF.Base/module/ban/include/service/word.class.php
- M PF.Base/module/contact/include/component/controller/index.class.php
- M PF.Base/module/contact/template/default/controller/index.html.php
- M PF.Base/module/core/include/component/block/giftpoints.class.php
- M PF.Base/module/core/include/component/controller/admincp/country/add.class.php
- M PF.Base/module/core/include/component/controller/admincp/country/child/add.class.php
- M PF.Base/module/core/include/component/controller/admincp/currency/add.class.php
- M PF.Base/module/core/include/service/core.class.php
- M PF.Base/module/core/include/service/currency/process.class.php
- M PF.Base/module/core/include/service/schedule.class.php
- M PF.Base/module/core/template/default/block/template-menu.html.php
- M PF.Base/module/core/template/default/controller/admincp/currency/add.html.php
- M PF.Base/module/feed/include/component/block/display.class.php
- M PF.Base/module/feed/include/service/feed.class.php
- M PF.Base/module/feed/include/service/process.class.php
- M PF.Base/module/feed/include/service/tag.class.php
- M PF.Base/module/feed/static/jscript/feed.js
- M PF.Base/module/feed/template/default/block/display.html.php
- M PF.Base/module/friend/include/component/ajax/ajax.class.php
- M PF.Base/module/friend/include/component/controller/index.class.php
- M PF.Base/module/friend/include/service/callback.class.php
- M PF.Base/module/friend/include/service/process.class.php
- M PF.Base/module/friend/include/service/suggestion.class.php
- M PF.Base/module/friend/static/jscript/friend.js
- M PF.Base/module/friend/template/default/controller/index.html.php
- M PF.Base/module/language/include/service/language.class.php
- M PF.Base/module/language/include/service/process.class.php
- M PF.Base/module/language/template/default/controller/admincp/phrase/add.html.php
- M PF.Base/module/link/include/service/callback.class.php
- M PF.Base/module/link/include/service/link.class.php
- M PF.Base/module/link/install/phpfox.xml.php
- M PF.Base/module/log/include/service/session.class.php
- M PF.Base/module/page/include/component/controller/admincp/add.class.php
- M PF.Base/module/page/include/component/controller/view.class.php
- M PF.Base/module/page/include/service/page.class.php
- M PF.Base/module/page/include/service/process.class.php
- M PF.Base/module/page/template/default/controller/admincp/add.html.php
- M PF.Base/module/page/template/default/controller/admincp/index.html.php
- M PF.Base/module/privacy/template/default/controller/invalid.html.php
- M PF.Base/module/profile/include/component/block/info.class.php
- M PF.Base/module/profile/include/component/block/pic.class.php
- M PF.Base/module/profile/include/component/controller/index.class.php
- M PF.Base/module/profile/template/default/block/pic.html.php
- M PF.Base/module/report/include/component/block/add.class.php
- M PF.Base/module/report/include/service/data/process.class.php
- M PF.Base/module/report/include/service/report.class.php
- M PF.Base/module/report/template/default/block/add.html.php
- M PF.Base/module/user/include/component/block/recently-active.class.php
- M PF.Base/module/user/include/component/block/users-you-may-know.class.php
- M PF.Base/module/user/include/component/controller/admincp/importhistory.class.php
- M PF.Base/module/user/include/component/controller/password/request.class.php
- M PF.Base/module/user/include/component/controller/photo.class.php
- M PF.Base/module/user/include/service/activity.class.php
- M PF.Base/module/user/include/service/auth.class.php
- M PF.Base/module/user/include/service/callback.class.php
- M PF.Base/module/user/include/service/featured/featured.class.php
- M PF.Base/module/user/include/service/password.class.php
- M PF.Base/module/user/include/service/process.class.php
- M PF.Base/module/user/include/service/promotion/promotion.class.php
- M PF.Base/module/user/include/service/register.class.php
- M PF.Base/module/user/template/default/block/google-login-button.html.php
- M PF.Base/module/user/template/default/block/phone-number-country-codes.html.php
- M PF.Base/module/user/template/default/controller/admincp/inactivereminder.html.php
- M PF.Base/module/user/template/default/controller/photo.html.php
- M PF.Base/module/user/template/default/controller/privacy.html.php
- M PF.Base/module/user/template/default/controller/promotion.html.php
- M PF.Base/module/user/template/default/controller/register.html.php
- M PF.Base/static/jscript/admin.js
- M PF.Base/static/jscript/main.js
- M PF.Base/theme/adminpanel/default/style/default/css/layout.css
- M PF.Base/theme/bootstrap/flavor/default.css
- M PF.Base/theme/default/flavor/default.css
- M PF.Base/vendor/google/apiclient/src/Collection.php
- M PF.Base/vendor/google/apiclient/src/Model.php
- M PF.Base/vendor/phpfastcache/phpfastcache/src/phpFastCache/Core/Item/ItemExtendedTrait.php
- M PF.Base/vendor/twig/twig/src/Loader/FilesystemLoader.php
- M PF.Base/vendor/twig/twig/src/Node/Node.php
- M PF.Site/Apps/core/phrase.json
- M PF.Src/Core/Home.php
- M PF.Src/Core/Lib.php
- M PF.Src/Core/Phrase.php
- M PF.Src/Core/Route/RouteUrl.php
- M PF.Src/Core/Session/DatabaseAdapter.php
- M PF.Src/Core/Setting.php
