- M PF.Base/include/library/phpfox/database/dba.class.php
- M PF.Base/include/library/phpfox/database/driver/mysql.class.php
- M PF.Base/include/library/phpfox/mail/mail.class.php
- M PF.Base/include/library/phpfox/module/module.class.php
- M PF.Base/include/library/phpfox/pager/pager.class.php
- M PF.Base/include/library/phpfox/pages/pages.class.php
- M PF.Base/include/library/phpfox/pages/process.class.php
- M PF.Base/include/library/phpfox/parse/input.class.php
- M PF.Base/include/library/phpfox/phpfox/phpfox.class.php
- M PF.Base/include/library/phpfox/search/browse.class.php
- M PF.Base/include/library/phpfox/search/search.class.php
- M PF.Base/include/library/phpfox/template/cache.class.php
- M PF.Base/include/library/phpfox/template/template.class.php
- M PF.Base/include/library/phpfox/url/url.class.php
- M PF.Base/install/include/app.default.php
- M PF.Base/install/include/version.php
- A PF.Base/install/include/version/4.8.3.php
- M PF.Base/less/base/body.less
- M PF.Base/less/base/layout.less
- M PF.Base/less/base/rows.less
- M PF.Base/less/customize.less
- M PF.Base/less/modules/feed.less
- M PF.Base/module/admincp/include/component/ajax/ajax.class.php
- M PF.Base/module/admincp/include/component/controller/apps/index.class.php
- M PF.Base/module/admincp/include/component/controller/block/add.class.php
- M PF.Base/module/admincp/include/component/controller/block/index.class.php
- A PF.Base/module/admincp/include/component/controller/cron/manager.class.php
- M PF.Base/module/admincp/include/component/controller/menu/add.class.php
- M PF.Base/module/admincp/include/component/controller/menu/index.class.php
- A PF.Base/module/admincp/include/component/controller/setting/notification.class.php
- M PF.Base/module/admincp/include/service/admincp.class.php
- M PF.Base/module/admincp/include/service/callback.class.php
- M PF.Base/module/admincp/include/service/cron/cron.class.php
- M PF.Base/module/admincp/include/service/cron/process.class.php
- M PF.Base/module/admincp/include/service/module/process.class.php
- M PF.Base/module/admincp/include/service/setting/process.class.php
- M PF.Base/module/admincp/include/service/setting/setting.class.php
- M PF.Base/module/admincp/include/service/sidebar.class.php
- M PF.Base/module/admincp/template/default/controller/block/add.html.php
- M PF.Base/module/admincp/template/default/controller/block/index.html.php
- A PF.Base/module/admincp/template/default/controller/cron/manager.html.php
- M PF.Base/module/admincp/template/default/controller/menu/add.html.php
- A PF.Base/module/admincp/template/default/controller/setting/notification.html.php
- M PF.Base/module/api/template/default/controller/admincp/gateway/add.html.php
- M PF.Base/module/ban/include/component/controller/admincp/default.class.php
- M PF.Base/module/ban/include/service/ban.class.php
- M PF.Base/module/ban/template/default/controller/admincp/default.html.php
- A PF.Base/module/core/include/component/block/template-site-offline.class.php
- M PF.Base/module/core/include/component/controller/offline.class.php
- M PF.Base/module/core/include/service/currency/currency.class.php
- M PF.Base/module/core/include/service/systems/category/category.class.php
- M PF.Base/module/core/install/phpfox.xml.php
- M PF.Base/module/core/template/default/block/country-build.html.php
- A PF.Base/module/core/template/default/block/template-site-offline.html.php
- M PF.Base/module/core/template/default/controller/admincp/country/add.html.php
- M PF.Base/module/core/template/default/controller/admincp/country/child/add.html.php
- M PF.Base/module/core/template/default/controller/admincp/currency/add.html.php
- M PF.Base/module/core/template/default/controller/offline.html.php
- M PF.Base/module/custom/static/jscript/admin.js
- M PF.Base/module/custom/template/default/controller/admincp/relationship/add.html.php
- M PF.Base/module/feed/include/service/feed.class.php
- M PF.Base/module/feed/include/service/process.class.php
- M PF.Base/module/feed/static/jscript/feed.js
- M PF.Base/module/feed/static/jscript/places.js
- M PF.Base/module/feed/template/default/block/checkin.html.php
- M PF.Base/module/feed/template/default/block/edit-user-status.html.php
- M PF.Base/module/feed/template/default/block/form.html.php
- M PF.Base/module/feed/template/default/block/share.html.php
- M PF.Base/module/feed/template/default/block/tagged.html.php
- M PF.Base/module/friend/include/component/ajax/ajax.class.php
- M PF.Base/module/friend/include/component/block/list/add-friend.class.php
- M PF.Base/module/friend/include/component/block/request.class.php
- M PF.Base/module/friend/include/component/block/search.class.php
- M PF.Base/module/friend/include/component/block/suggestion.class.php
- M PF.Base/module/friend/include/service/callback.class.php
- M PF.Base/module/friend/include/service/friend.class.php
- M PF.Base/module/friend/include/service/list/process.class.php
- M PF.Base/module/friend/include/service/process.class.php
- M PF.Base/module/friend/include/service/request/process.class.php
- M PF.Base/module/friend/include/service/request/request.class.php
- M PF.Base/module/friend/include/service/suggestion.class.php
- M PF.Base/module/friend/static/jscript/friend.js
- M PF.Base/module/friend/template/default/block/list/add-friend.html.php
- M PF.Base/module/friend/template/default/block/list/add.html.php
- M PF.Base/module/friend/template/default/block/list/edit-name.html.php
- M PF.Base/module/friend/template/default/block/search.html.php
- M PF.Base/module/friend/template/default/block/suggestion.html.php
- M PF.Base/module/friend/template/default/controller/request.html.php
- M PF.Base/module/friend/template/default/controller/suggestion.html.php
- M PF.Base/module/invite/include/component/controller/index.class.php
- M PF.Base/module/invite/template/default/controller/index.html.php
- M PF.Base/module/language/include/component/block/admincp/form.class.php
- M PF.Base/module/language/include/component/block/admincp/multiple.class.php
- M PF.Base/module/language/template/default/block/admincp/form.html.php
- M PF.Base/module/language/template/default/block/admincp/multiple.html.php
- M PF.Base/module/language/template/default/controller/admincp/add.html.php
- M PF.Base/module/language/template/default/controller/admincp/phrase/add.html.php
- M PF.Base/module/link/include/service/callback.class.php
- M PF.Base/module/link/include/service/link.class.php
- M PF.Base/module/link/include/service/process.class.php
- M PF.Base/module/page/include/service/page.class.php
- M PF.Base/module/page/include/service/process.class.php
- M PF.Base/module/profile/include/service/process.class.php
- M PF.Base/module/profile/template/default/block/pic.html.php
- M PF.Base/module/report/include/component/block/add.class.php
- M PF.Base/module/report/include/service/report.class.php
- M PF.Base/module/report/template/default/block/delete-category.html.php
- M PF.Base/module/search/include/component/controller/index.class.php
- M PF.Base/module/tag/include/component/block/add.class.php
- M PF.Base/module/tag/include/service/tag.class.php
- M PF.Base/module/tag/template/default/block/add.html.php
- M PF.Base/module/user/include/component/ajax/ajax.class.php
- A PF.Base/module/user/include/component/block/admincp/moveusers.class.php
- M PF.Base/module/user/include/component/block/info.class.php
- M PF.Base/module/user/include/component/block/register.class.php
- M PF.Base/module/user/include/component/block/status.class.php
- M PF.Base/module/user/include/component/block/tooltip.class.php
- M PF.Base/module/user/include/component/controller/admincp/inactivereminder.class.php
- M PF.Base/module/user/include/component/controller/admincp/snoop.class.php
- M PF.Base/module/user/include/component/controller/admincp/spam.class.php
- M PF.Base/module/user/include/component/controller/admincp/spams/add.class.php
- M PF.Base/module/user/include/component/controller/browse.class.php
- M PF.Base/module/user/include/component/controller/login.class.php
- M PF.Base/module/user/include/component/controller/photo.class.php
- M PF.Base/module/user/include/component/controller/privacy.class.php
- M PF.Base/module/user/include/component/controller/sms/send.class.php
- M PF.Base/module/user/include/service/auth.class.php
- M PF.Base/module/user/include/service/callback.class.php
- M PF.Base/module/user/include/service/group/process.class.php
- M PF.Base/module/user/include/service/group/setting/setting.class.php
- M PF.Base/module/user/include/service/import.class.php
- M PF.Base/module/user/include/service/privacy/privacy.class.php
- M PF.Base/module/user/include/service/process.class.php
- M PF.Base/module/user/include/service/user.class.php
- M PF.Base/module/user/include/service/validate.class.php
- M PF.Base/module/user/install/phpfox.xml.php
- M PF.Base/module/user/template/default/block/admincp/entry.html.php
- A PF.Base/module/user/template/default/block/admincp/moveusers.html.php
- M PF.Base/module/user/template/default/block/friend-action.html.php
- M PF.Base/module/user/template/default/block/listing-item.html.php
- M PF.Base/module/user/template/default/block/privacy-profile.html.php
- M PF.Base/module/user/template/default/block/register/step1.html.php
- M PF.Base/module/user/template/default/block/showspamquestion.html.php
- M PF.Base/module/user/template/default/block/tooltip.html.php
- M PF.Base/module/user/template/default/controller/admincp/cancellations/add.html.php
- M PF.Base/module/user/template/default/controller/admincp/group/add.html.php
- M PF.Base/module/user/template/default/controller/admincp/promotion/add.html.php
- M PF.Base/module/user/template/default/controller/admincp/spam.html.php
- M PF.Base/module/user/template/default/controller/admincp/spams/add.html.php
- M PF.Base/module/user/template/default/controller/browse.html.php
- M PF.Base/module/user/template/default/controller/pending.html.php
- M PF.Base/static/jscript/admin.js
- M PF.Base/static/jscript/dropzone.js
- M PF.Base/static/jscript/main.js
- M PF.Base/static/jscript/thickbox/thickbox.js
- M PF.Base/theme/adminpanel/default/style/default/css/layout.css
- M PF.Base/theme/adminpanel/default/style/default/css/layout.less
- M PF.Base/theme/adminpanel/default/style/default/jscript/menu.js
- M PF.Base/theme/adminpanel/default/template/email.html.php
- M PF.Base/theme/adminpanel/default/template/error.html.php
- M PF.Base/theme/adminpanel/default/template/template.html.php
- M PF.Base/theme/bootstrap/flavor/default.css
- M PF.Base/theme/default/flavor/default.css
- M PF.Base/theme/frontend/default/style/default/jscript/main.js
- M PF.Base/theme/frontend/default/template/email.html.php
- M PF.Base/theme/frontend/default/template/error.html.php
- M PF.Base/tools/debug.php
- M PF.Site/Apps/core-flavors/start.php
- A PF.Site/Apps/core/Installation/Version/v483.php
- M PF.Site/Apps/core/installer.php
- M PF.Site/Apps/core/phrase.json
- M PF.Src/Core/Assets/Manager.php
- M PF.Src/Core/Engine.php
- M PF.Src/Core/Flavor/Flavor.php
- M PF.Src/Core/Queue/JobAbstract.php
- M PF.Src/Core/Queue/Manager.php
- M PF.Src/Core/Theme/CSS.php
