- M PF.Base/include/library/phpfox/database/driver/mysql.class.php
- M PF.Base/include/library/phpfox/locale/locale.class.php
- M PF.Base/include/library/phpfox/module/component.class.php
- M PF.Base/include/library/phpfox/parse/input.class.php
- M PF.Base/include/library/phpfox/phone/phone.class.php
- M PF.Base/include/library/phpfox/phpfox/phpfox.class.php
- M PF.Base/include/library/phpfox/request/request.class.php
- M PF.Base/include/library/phpfox/setting/setting.class.php
- M PF.Base/include/library/phpfox/template/template.class.php
- M PF.Base/include/library/phpfox/url/url.class.php
- M PF.Base/include/library/phpfox/validator/validator.class.php
- M PF.Base/include/setting/validator.sett.php
- M PF.Base/install/include/installer.class.php
- M PF.Base/install/include/version.php
- A PF.Base/install/include/version/4.8.9.php
- M PF.Base/install/index.php
- M PF.Base/less/base/feed-schedule.less
- M PF.Base/less/base/forms.less
- M PF.Base/less/base/jquery.less
- M PF.Base/less/base/layout.less
- M PF.Base/less/customize.less
- M PF.Base/less/modules/invite.less
- M PF.Base/module/admincp/include/component/controller/index.class.php
- M PF.Base/module/admincp/include/component/controller/setting/assets/manage.class.php
- M PF.Base/module/admincp/include/component/controller/setting/assets/transfer.class.php
- M PF.Base/module/admincp/include/component/controller/setting/edit.class.php
- M PF.Base/module/admincp/include/component/controller/setting/storage/manage.class.php
- M PF.Base/module/admincp/include/service/setting/process.class.php
- M PF.Base/module/admincp/include/service/setting/setting.class.php
- M PF.Base/module/admincp/template/default/block/setting-entry.html.php
- M PF.Base/module/admincp/template/default/controller/setting/assets/manage.html.php
- M PF.Base/module/admincp/template/default/controller/setting/assets/transfer.html.php
- M PF.Base/module/admincp/template/default/controller/setting/storage/manage.html.php
- M PF.Base/module/contact/template/default/controller/admincp/index.html.php
- M PF.Base/module/core/include/component/ajax/ajax.class.php
- M PF.Base/module/core/include/component/block/fe-site-stat.class.php
- M PF.Base/module/core/include/plugin/bundle__start.php
- M PF.Base/module/core/include/service/schedule.class.php
- M PF.Base/module/core/include/service/stat/stat.class.php
- M PF.Base/module/core/install/phpfox.xml.php
- M PF.Base/module/core/static/jscript/schedule-form.js
- M PF.Base/module/core/template/default/block/schedule-item.html.php
- M PF.Base/module/core/template/default/block/template-notification-sm.html.php
- M PF.Base/module/core/template/default/block/template-notification-xs.html.php
- M PF.Base/module/core/template/default/block/template-notification.html.php
- M PF.Base/module/custom/include/component/ajax/ajax.class.php
- M PF.Base/module/custom/include/component/block/block.class.php
- M PF.Base/module/custom/include/component/controller/admincp/add.class.php
- M PF.Base/module/custom/include/component/controller/admincp/group/add.class.php
- M PF.Base/module/custom/include/service/custom.class.php
- M PF.Base/module/custom/include/service/group/group.class.php
- M PF.Base/module/custom/include/service/process.class.php
- M PF.Base/module/custom/static/jscript/admin.js
- M PF.Base/module/custom/template/default/block/foreachcustom.html.php
- M PF.Base/module/custom/template/default/controller/admincp/add.html.php
- M PF.Base/module/custom/template/default/controller/admincp/group/add.html.php
- M PF.Base/module/custom/template/default/controller/admincp/index.html.php
- M PF.Base/module/feed/include/service/feed.class.php
- M PF.Base/module/feed/static/jscript/feed.js
- M PF.Base/module/feed/static/jscript/places.js
- M PF.Base/module/feed/static/jscript/tag-friends.js
- M PF.Base/module/feed/template/default/block/checkin.html.php
- M PF.Base/module/feed/template/default/block/manage-hidden.html.php
- M PF.Base/module/feed/template/default/block/with-schedule.html.php
- M PF.Base/module/friend/include/component/block/request.class.php
- M PF.Base/module/friend/include/component/block/search.class.php
- M PF.Base/module/friend/include/plugin/validator.admincp_user_settings_friend.php
- M PF.Base/module/friend/include/service/callback.class.php
- M PF.Base/module/friend/include/service/friend.class.php
- M PF.Base/module/friend/template/default/block/search.html.php
- M PF.Base/module/invite/include/component/ajax/ajax.class.php
- M PF.Base/module/invite/include/component/controller/index.class.php
- M PF.Base/module/invite/include/component/controller/invitations.class.php
- M PF.Base/module/invite/include/service/process.class.php
- M PF.Base/module/invite/install/phpfox.xml.php
- M PF.Base/module/invite/static/jscript/pending.js
- M PF.Base/module/invite/template/default/controller/index.html.php
- M PF.Base/module/invite/template/default/controller/invitations.html.php
- M PF.Base/module/language/template/default/controller/admincp/phrase/phrase.html.php
- M PF.Base/module/like/include/component/ajax/ajax.class.php
- M PF.Base/module/like/include/component/block/link.class.php
- M PF.Base/module/like/include/service/process.class.php
- M PF.Base/module/link/include/component/ajax/ajax.class.php
- M PF.Base/module/link/include/service/callback.class.php
- M PF.Base/module/privacy/include/service/privacy.class.php
- M PF.Base/module/profile/include/service/profile.class.php
- M PF.Base/module/report/include/component/controller/admincp/add.class.php
- M PF.Base/module/report/include/component/controller/admincp/category.class.php
- M PF.Base/module/report/include/component/controller/admincp/index.class.php
- M PF.Base/module/search/include/component/controller/index.class.php
- M PF.Base/module/search/include/service/search.class.php
- M PF.Base/module/tag/include/component/block/cloud.class.php
- M PF.Base/module/user/include/component/ajax/ajax.class.php
- M PF.Base/module/user/include/component/block/admincp/exportusers.class.php
- M PF.Base/module/user/include/component/block/admincp/statistics.class.php
- M PF.Base/module/user/include/component/block/browse.class.php
- M PF.Base/module/user/include/component/block/password.class.php
- A PF.Base/module/user/include/component/block/search-members.class.php
- M PF.Base/module/user/include/component/block/search.class.php
- M PF.Base/module/user/include/component/controller/admincp/add.class.php
- M PF.Base/module/user/include/component/controller/admincp/cancellations/feedback.class.php
- M PF.Base/module/user/include/component/controller/admincp/cancellations/manage.class.php
- M PF.Base/module/user/include/component/controller/admincp/exportusers.class.php
- M PF.Base/module/user/include/component/controller/admincp/group/add.class.php
- M PF.Base/module/user/include/component/controller/admincp/inactivereminder.class.php
- M PF.Base/module/user/include/component/controller/admincp/spam.class.php
- M PF.Base/module/user/include/component/controller/admincp/spams/add.class.php
- M PF.Base/module/user/include/component/controller/browse.class.php
- M PF.Base/module/user/include/component/controller/login.class.php
- M PF.Base/module/user/include/component/controller/passcode.class.php
- M PF.Base/module/user/include/component/controller/password/request.class.php
- M PF.Base/module/user/include/component/controller/password/verify.class.php
- M PF.Base/module/user/include/component/controller/privacy.class.php
- M PF.Base/module/user/include/component/controller/profile-menu-setting.class.php
- M PF.Base/module/user/include/component/controller/register.class.php
- M PF.Base/module/user/include/component/controller/remove.class.php
- M PF.Base/module/user/include/component/controller/setting.class.php
- M PF.Base/module/user/include/component/controller/sms/send.class.php
- M PF.Base/module/user/include/component/controller/verify.class.php
- M PF.Base/module/user/include/plugin/validator.admincp_settings_user.php
- M PF.Base/module/user/include/plugin/validator.admincp_user_settings_user.php
- M PF.Base/module/user/include/service/api.class.php
- M PF.Base/module/user/include/service/auth.class.php
- M PF.Base/module/user/include/service/callback.class.php
- M PF.Base/module/user/include/service/file.class.php
- M PF.Base/module/user/include/service/googleauth.class.php
- M PF.Base/module/user/include/service/group/process.class.php
- M PF.Base/module/user/include/service/group/setting/process.class.php
- M PF.Base/module/user/include/service/group/setting/setting.class.php
- M PF.Base/module/user/include/service/password.class.php
- M PF.Base/module/user/include/service/privacy/privacy.class.php
- M PF.Base/module/user/include/service/process.class.php
- M PF.Base/module/user/include/service/register.class.php
- M PF.Base/module/user/include/service/user.class.php
- M PF.Base/module/user/include/service/validate.class.php
- M PF.Base/module/user/include/service/verify/process.class.php
- M PF.Base/module/user/include/service/verify/verify.class.php
- M PF.Base/module/user/install/phpfox.xml.php
- A PF.Base/module/user/install/version/4.8.9.xml.php
- M PF.Base/module/user/static/jscript/admin.spam.js
- A PF.Base/module/user/static/jscript/admincp.js
- M PF.Base/module/user/static/jscript/register.js
- A PF.Base/module/user/static/jscript/search-members.js
- M PF.Base/module/user/template/default/block/admincp/deleteUser.html.php
- M PF.Base/module/user/template/default/block/admincp/setting.html.php
- M PF.Base/module/user/template/default/block/admincp/statistics.html.php
- M PF.Base/module/user/template/default/block/browse.html.php
- M PF.Base/module/user/template/default/block/custom.html.php
- M PF.Base/module/user/template/default/block/password.html.php
- M PF.Base/module/user/template/default/block/phone-number-country-codes.html.php
- M PF.Base/module/user/template/default/block/privacy-profile.html.php
- M PF.Base/module/user/template/default/block/register/step1.html.php
- M PF.Base/module/user/template/default/block/register/step2.html.php
- A PF.Base/module/user/template/default/block/search-members.html.php
- M PF.Base/module/user/template/default/block/search.html.php
- M PF.Base/module/user/template/default/block/showspamquestion.html.php
- M PF.Base/module/user/template/default/block/user_entry_admin.html.php
- M PF.Base/module/user/template/default/controller/admincp/add.html.php
- M PF.Base/module/user/template/default/controller/admincp/cancellations/feedback.html.php
- M PF.Base/module/user/template/default/controller/admincp/cancellations/manage.html.php
- M PF.Base/module/user/template/default/controller/admincp/spam.html.php
- M PF.Base/module/user/template/default/controller/admincp/spams/add.html.php
- M PF.Base/module/user/template/default/controller/login.html.php
- M PF.Base/module/user/template/default/controller/passcode.html.php
- M PF.Base/module/user/template/default/controller/password/request.html.php
- M PF.Base/module/user/template/default/controller/password/verify.html.php
- M PF.Base/module/user/template/default/controller/privacy.html.php
- M PF.Base/module/user/template/default/controller/profile.html.php
- M PF.Base/module/user/template/default/controller/register.html.php
- M PF.Base/module/user/template/default/controller/remove.html.php
- M PF.Base/module/user/template/default/controller/setting.html.php
- M PF.Base/module/user/template/default/controller/sms/send.html.php
- M PF.Base/start.php
- M PF.Base/static/jscript/admin.js
- M PF.Base/static/jscript/main.js
- M PF.Base/theme/adminpanel/default/style/default/css/layout.css
- M PF.Base/theme/adminpanel/default/style/default/css/layout.less
- M PF.Base/theme/adminpanel/default/style/default/less/login.less
- M PF.Base/theme/frontend/bootstrap/template/breadcrumb.html.php
- M PF.Base/tools/upgrade.php
- M PF.Site/Apps/core/phrase.json
- M PF.Src/Core/Assets/Manager.php
- M PF.Src/Core/Flavor/Flavor.php
- M PF.Src/Core/Phrase.php
- M PF.Src/Core/Setting.php
- M PF.Src/Core/Storage/Admincp.php
- M PF.Src/Core/Storage/StorageManager.php
