- M PF.Base/composer.json
- M PF.Base/composer.lock
- M PF.Base/include/library/phpfox/mail/mail.class.php
- M PF.Base/include/library/phpfox/pages/pages.class.php
- M PF.Base/include/library/phpfox/parse/input.class.php
- M PF.Base/include/library/phpfox/parse/output.class.php
- M PF.Base/include/library/phpfox/phone/phone.class.php
- M PF.Base/include/library/phpfox/phpfox/phpfox.class.php
- M PF.Base/include/library/phpfox/request/request.class.php
- M PF.Base/include/library/phpfox/template/cache.class.php
- M PF.Base/include/library/phpfox/template/template.class.php
- M PF.Base/include/library/phpfox/validator/validator.class.php
- M PF.Base/include/setting/common.sett.php
- M PF.Base/install/include/version.php
- M PF.Base/install/include/version/4.3.0.php
- A PF.Base/install/include/version/4.8.8.php
- M PF.Base/less/base/blocks.less
- M PF.Base/less/base/common.less
- M PF.Base/less/base/layout.less
- M PF.Base/less/layout/footer.less
- M PF.Base/less/modules/feed.less
- M PF.Base/less/modules/friend.less
- M PF.Base/module/admincp/include/component/controller/alert/index.class.php
- M PF.Base/module/admincp/include/component/controller/index.class.php
- M PF.Base/module/admincp/include/component/controller/login.class.php
- M PF.Base/module/admincp/include/component/controller/setting/edit.class.php
- M PF.Base/module/admincp/include/service/admincp.class.php
- M PF.Base/module/admincp/include/service/setting/process.class.php
- M PF.Base/module/admincp/include/service/setting/setting.class.php
- M PF.Base/module/admincp/include/service/sidebar.class.php
- M PF.Base/module/admincp/template/default/controller/login.html.php
- M PF.Base/module/attachment/include/component/ajax/ajax.class.php
- M PF.Base/module/attachment/include/service/callback.class.php
- M PF.Base/module/attachment/static/jscript/share.js
- M PF.Base/module/attachment/template/default/block/item.html.php
- M PF.Base/module/attachment/template/default/block/list.html.php
- M PF.Base/module/contact/include/component/ajax/ajax.class.php
- M PF.Base/module/contact/template/default/controller/admincp/index.html.php
- M PF.Base/module/contact/template/default/controller/index.html.php
- M PF.Base/module/core/include/component/ajax/ajax.class.php
- M PF.Base/module/core/include/component/controller/index-visitor.class.php
- M PF.Base/module/core/include/component/controller/site-stat.class.php
- M PF.Base/module/core/include/service/admincp/admincp.class.php
- M PF.Base/module/core/install/phpfox.xml.php
- M PF.Base/module/core/static/jscript/schedule-form.js
- M PF.Base/module/core/template/default/block/template-menu.html.php
- M PF.Base/module/core/template/default/block/view-admincp-login.html.php
- M PF.Base/module/core/template/default/controller/admincp/latest-admin-login.html.php
- M PF.Base/module/core/template/default/controller/news.html.php
- M PF.Base/module/core/template/default/controller/site-stat.html.php
- M PF.Base/module/custom/include/component/ajax/ajax.class.php
- M PF.Base/module/custom/include/service/callback.class.php
- M PF.Base/module/custom/include/service/custom.class.php
- M PF.Base/module/custom/include/service/process.class.php
- M PF.Base/module/custom/include/service/relation/process.class.php
- M PF.Base/module/feed/include/component/block/edit-user-status.class.php
- M PF.Base/module/feed/include/service/feed.class.php
- M PF.Base/module/feed/include/service/process.class.php
- M PF.Base/module/feed/install/phpfox.xml.php
- M PF.Base/module/feed/static/jscript/feed.js
- M PF.Base/module/feed/template/default/block/comment.html.php
- M PF.Base/module/feed/template/default/block/focus.html.php
- M PF.Base/module/friend/include/component/ajax/ajax.class.php
- M PF.Base/module/friend/include/component/block/search.class.php
- M PF.Base/module/invite/include/component/controller/index.class.php
- M PF.Base/module/invite/include/component/controller/invitations.class.php
- M PF.Base/module/invite/include/plugin/validator.admincp_settings_invite.php
- M PF.Base/module/invite/include/service/invite.class.php
- M PF.Base/module/invite/include/service/process.class.php
- M PF.Base/module/invite/static/jscript/invite.js
- M PF.Base/module/invite/template/default/controller/index.html.php
- M PF.Base/module/link/include/service/callback.class.php
- M PF.Base/module/link/include/service/link.class.php
- M PF.Base/module/link/include/service/process.class.php
- M PF.Base/module/link/install/phpfox.xml.php
- D PF.Base/module/link/install/version/4.8.7.xml.php
- M PF.Base/module/link/template/default/block/preview.html.php
- M PF.Base/module/page/install/phpfox.xml.php
- M PF.Base/module/profile/include/component/block/info.class.php
- M PF.Base/module/profile/include/component/block/pic.class.php
- M PF.Base/module/profile/include/component/controller/index.class.php
- M PF.Base/module/report/include/service/report.class.php
- M PF.Base/module/user/include/component/ajax/ajax.class.php
- M PF.Base/module/user/include/component/block/admincp/exportusers.class.php
- M PF.Base/module/user/include/component/block/admincp/importusers.class.php
- A PF.Base/module/user/include/component/block/login-auth-methods.class.php
- M PF.Base/module/user/include/component/block/search-user-block.class.php
- M PF.Base/module/user/include/component/controller/admincp/add.class.php
- M PF.Base/module/user/include/component/controller/admincp/cancellations/add.class.php
- M PF.Base/module/user/include/component/controller/admincp/cancellations/feedback.class.php
- M PF.Base/module/user/include/component/controller/admincp/cancellations/manage.class.php
- M PF.Base/module/user/include/component/controller/admincp/downloadtemplatefile.class.php
- M PF.Base/module/user/include/component/controller/admincp/exportusers.class.php
- M PF.Base/module/user/include/component/controller/admincp/importhistory.class.php
- M PF.Base/module/user/include/component/controller/admincp/importusers.class.php
- M PF.Base/module/user/include/component/controller/admincp/inactivereminder.class.php
- M PF.Base/module/user/include/component/controller/admincp/promotion/add.class.php
- M PF.Base/module/user/include/component/controller/browse.class.php
- M PF.Base/module/user/include/component/controller/login.class.php
- M PF.Base/module/user/include/component/controller/passcode.class.php
- M PF.Base/module/user/include/component/controller/password/request.class.php
- M PF.Base/module/user/include/component/controller/password/verify.class.php
- M PF.Base/module/user/include/component/controller/photo.class.php
- M PF.Base/module/user/include/component/controller/register.class.php
- M PF.Base/module/user/include/component/controller/setting.class.php
- M PF.Base/module/user/include/component/controller/sms/send.class.php
- M PF.Base/module/user/include/component/controller/verify.class.php
- M PF.Base/module/user/include/job/importuser.class.php
- M PF.Base/module/user/include/plugin/validator.admincp_settings_user.php
- M PF.Base/module/user/include/plugin/validator.admincp_user_settings_user.php
- M PF.Base/module/user/include/service/api.class.php
- M PF.Base/module/user/include/service/auth.class.php
- M PF.Base/module/user/include/service/browse.class.php
- M PF.Base/module/user/include/service/callback.class.php
- M PF.Base/module/user/include/service/cancellations/cancellations.class.php
- M PF.Base/module/user/include/service/cancellations/process.class.php
- M PF.Base/module/user/include/service/googleauth.class.php
- M PF.Base/module/user/include/service/group/setting/process.class.php
- M PF.Base/module/user/include/service/group/setting/setting.class.php
- M PF.Base/module/user/include/service/import.class.php
- M PF.Base/module/user/include/service/password.class.php
- M PF.Base/module/user/include/service/process.class.php
- M PF.Base/module/user/include/service/promotion/promotion.class.php
- M PF.Base/module/user/include/service/register.class.php
- M PF.Base/module/user/include/service/user.class.php
- M PF.Base/module/user/include/service/validate.class.php
- M PF.Base/module/user/include/service/verify/process.class.php
- M PF.Base/module/user/include/service/verify/verify.class.php
- M PF.Base/module/user/install/phpfox.xml.php
- A PF.Base/module/user/static/file/template_phone.csv
- A PF.Base/module/user/static/jscript/admincp-add-user.js
- M PF.Base/module/user/static/jscript/gender.js
- M PF.Base/module/user/static/jscript/inactivereminder.js
- M PF.Base/module/user/static/jscript/register.js
- M PF.Base/module/user/static/jscript/search-user-block.js
- M PF.Base/module/user/static/jscript/setting.js
- M PF.Base/module/user/template/default/block/admincp/deleteUser.html.php
- M PF.Base/module/user/template/default/block/admincp/denyUser.html.php
- M PF.Base/module/user/template/default/block/admincp/importusers.html.php
- M PF.Base/module/user/template/default/block/login-ajax.html.php
- A PF.Base/module/user/template/default/block/login-auth-methods.html.php
- A PF.Base/module/user/template/default/block/passcode.html.php
- M PF.Base/module/user/template/default/block/password.html.php
- M PF.Base/module/user/template/default/block/phone-number-country-codes.html.php
- M PF.Base/module/user/template/default/block/register/step1.html.php
- M PF.Base/module/user/template/default/block/user_entry_admin.html.php
- M PF.Base/module/user/template/default/block/welcome.html.php
- M PF.Base/module/user/template/default/controller/admincp/add.html.php
- M PF.Base/module/user/template/default/controller/admincp/cancellations/add.html.php
- M PF.Base/module/user/template/default/controller/admincp/cancellations/feedback.html.php
- M PF.Base/module/user/template/default/controller/admincp/cancellations/manage.html.php
- M PF.Base/module/user/template/default/controller/admincp/inactivereminder.html.php
- M PF.Base/module/user/template/default/controller/admincp/promotion/add.html.php
- M PF.Base/module/user/template/default/controller/admincp/promotion/index.html.php
- M PF.Base/module/user/template/default/controller/admincp/spam.html.php
- M PF.Base/module/user/template/default/controller/browse.html.php
- M PF.Base/module/user/template/default/controller/login.html.php
- M PF.Base/module/user/template/default/controller/passcode.html.php
- M PF.Base/module/user/template/default/controller/password/request.html.php
- M PF.Base/module/user/template/default/controller/pending.html.php
- M PF.Base/module/user/template/default/controller/privacy.html.php
- M PF.Base/module/user/template/default/controller/register.html.php
- M PF.Base/module/user/template/default/controller/remove.html.php
- M PF.Base/module/user/template/default/controller/setting.html.php
- M PF.Base/module/user/template/default/controller/sms/send.html.php
- M PF.Base/module/user/template/default/controller/verify.html.php
- M PF.Base/static/jscript/admin.js
- A PF.Base/static/jscript/clipboard.min.js
- M PF.Base/static/jscript/main.js
- M PF.Base/static/jscript/user_info.js
- M PF.Base/theme/adminpanel/default/style/default/css/layout.css
- M PF.Base/theme/adminpanel/default/style/default/css/layout.less
- M PF.Base/theme/adminpanel/default/template/template.html.php
- M PF.Base/theme/bootstrap/flavor/default.css
- M PF.Base/tools/debug.php
- M PF.Base/vendor/composer/InstalledVersions.php
- M PF.Base/vendor/composer/autoload_psr4.php
- M PF.Base/vendor/composer/autoload_static.php
- M PF.Base/vendor/composer/installed.json
- M PF.Base/vendor/composer/installed.php
- D PF.Base/vendor/vimeo/vimeo-api/.gitattributes
- D PF.Base/vendor/vimeo/vimeo-api/.gitignore
- D PF.Base/vendor/vimeo/vimeo-api/.styleci.yml
- D PF.Base/vendor/vimeo/vimeo-api/.travis.yml
- D PF.Base/vendor/vimeo/vimeo-api/CHANGELOG.md
- D PF.Base/vendor/vimeo/vimeo-api/CONTRIBUTING.md
- D PF.Base/vendor/vimeo/vimeo-api/LICENSE
- D PF.Base/vendor/vimeo/vimeo-api/README.md
- D PF.Base/vendor/vimeo/vimeo-api/autoload.php
- D PF.Base/vendor/vimeo/vimeo-api/certificates/vimeo-api.pem
- D PF.Base/vendor/vimeo/vimeo-api/composer.json
- D PF.Base/vendor/vimeo/vimeo-api/phpunit.xml
- D PF.Base/vendor/vimeo/vimeo-api/src/Vimeo/Exceptions/ExceptionInterface.php
- D PF.Base/vendor/vimeo/vimeo-api/src/Vimeo/Exceptions/VimeoRequestException.php
- D PF.Base/vendor/vimeo/vimeo-api/src/Vimeo/Exceptions/VimeoUploadException.php
- D PF.Base/vendor/vimeo/vimeo-api/src/Vimeo/Vimeo.php
- D PF.Base/vendor/vimeo/vimeo-api/tests/Vimeo/VimeoTest.php
- M PF.Site/Apps/core-flavors/assets/autoload.js
- M PF.Site/Apps/core-flavors/start.php
- M PF.Site/Apps/core-flavors/views/manage.html
- M PF.Site/Apps/core/phrase.json
- M PF.Src/Core/Flavor/Flavor.php
