- M PF.Base/composer.json
- M PF.Base/include/class_map.config.php
- M PF.Base/include/library/phpfox/database/driver/mysql.class.php
- M PF.Base/include/library/phpfox/file/file.class.php
- M PF.Base/include/library/phpfox/image/abstract.class.php
- M PF.Base/include/library/phpfox/mail/mail.class.php
- M PF.Base/include/library/phpfox/parse/input.class.php
- M PF.Base/include/library/phpfox/parse/output.class.php
- A PF.Base/include/library/phpfox/phone/phone.class.php
- M PF.Base/include/library/phpfox/phpfox/phpfox.class.php
- M PF.Base/include/library/phpfox/request/request.class.php
- M PF.Base/include/library/phpfox/search/search.class.php
- M PF.Base/include/library/phpfox/spam/spam.class.php
- M PF.Base/include/library/phpfox/template/template.class.php
- M PF.Base/include/library/phpfox/validator/validator.class.php
- M PF.Base/include/package.config.php
- M PF.Base/include/setting/environment.sett.php
- M PF.Base/install/include/installer.class.php
- M PF.Base/install/include/version.php
- A PF.Base/install/include/version/4.8.2.php
- M PF.Base/install/index.php
- M PF.Base/module/admincp/include/component/ajax/setting/ajax.class.php
- M PF.Base/module/admincp/include/service/setting/process.class.php
- M PF.Base/module/admincp/template/default/block/transfer-file-configuration-notice.html.php
- M PF.Base/module/admincp/template/default/controller/setting/assets/transfer.html.php
- M PF.Base/module/attachment/include/component/ajax/ajax.class.php
- M PF.Base/module/attachment/include/component/controller/frame.class.php
- M PF.Base/module/attachment/static/jscript/share.js
- M PF.Base/module/attachment/template/default/block/share.html.php
- M PF.Base/module/ban/include/service/ban.class.php
- M PF.Base/module/contact/include/service/contact.class.php
- M PF.Base/module/core/include/component/block/upload-form.class.php
- A PF.Base/module/core/include/job/smsqueue.class.php
- M PF.Base/module/core/include/plugin/job_queue_init.php
- M PF.Base/module/core/include/service/stat/stat.class.php
- M PF.Base/module/core/include/service/temp-file.class.php
- M PF.Base/module/core/install/phpfox.xml.php
- M PF.Base/module/feed/include/component/block/mini.class.php
- M PF.Base/module/feed/include/service/callback.class.php
- M PF.Base/module/feed/include/service/process.class.php
- M PF.Base/module/feed/include/service/tag.class.php
- M PF.Base/module/feed/static/jscript/feed.js
- M PF.Base/module/language/include/service/phrase/process.class.php
- M PF.Base/module/like/include/service/callback.class.php
- M PF.Base/module/like/include/service/like.class.php
- M PF.Base/module/like/include/service/process.class.php
- M PF.Base/module/like/template/default/block/link.html.php
- M PF.Base/module/link/include/service/callback.class.php
- M PF.Base/module/link/include/service/link.class.php
- M PF.Base/module/page/include/component/controller/admincp/add.class.php
- M PF.Base/module/page/include/service/process.class.php
- M PF.Base/module/page/template/default/controller/admincp/index.html.php
- M PF.Base/module/page/template/default/controller/view.html.php
- M PF.Base/module/profile/include/component/block/pic.class.php
- M PF.Base/module/user/include/component/ajax/ajax.class.php
- M PF.Base/module/user/include/component/controller/admincp/add.class.php
- M PF.Base/module/user/include/component/controller/login.class.php
- M PF.Base/module/user/include/component/controller/password/request.class.php
- M PF.Base/module/user/include/component/controller/privacy.class.php
- M PF.Base/module/user/include/component/controller/register.class.php
- M PF.Base/module/user/include/component/controller/setting.class.php
- M PF.Base/module/user/include/component/controller/sms/send.class.php
- M PF.Base/module/user/include/service/auth.class.php
- M PF.Base/module/user/include/service/block/process.class.php
- M PF.Base/module/user/include/service/callback.class.php
- M PF.Base/module/user/include/service/group/setting/process.class.php
- M PF.Base/module/user/include/service/group/setting/setting.class.php
- M PF.Base/module/user/include/service/password.class.php
- M PF.Base/module/user/include/service/privacy/privacy.class.php
- M PF.Base/module/user/include/service/privacy/process.class.php
- M PF.Base/module/user/include/service/process.class.php
- M PF.Base/module/user/include/service/register.class.php
- M PF.Base/module/user/include/service/validate.class.php
- M PF.Base/module/user/include/service/verify/process.class.php
- M PF.Base/module/user/include/service/verify/verify.class.php
- M PF.Base/module/user/install/phpfox.xml.php
- A PF.Base/module/user/install/version/4.8.2.xml.php
- M PF.Base/module/user/template/default/block/privacy-notification.html.php
- M PF.Base/module/user/template/default/block/register/step1.html.php
- A PF.Base/module/user/template/default/block/sms-notification.html.php
- M PF.Base/module/user/template/default/block/user_entry_admin.html.php
- M PF.Base/module/user/template/default/block/user_filter_admin.html.php
- M PF.Base/module/user/template/default/controller/browse.html.php
- M PF.Base/module/user/template/default/controller/login.html.php
- M PF.Base/module/user/template/default/controller/password/request.html.php
- M PF.Base/module/user/template/default/controller/privacy.html.php
- M PF.Base/module/user/template/default/controller/setting.html.php
- M PF.Base/module/user/template/default/controller/sms/send.html.php
- A PF.Base/static/image/misc/thumbnail.png
- M PF.Base/static/jscript/dropzone.js
- M PF.Base/static/jscript/main.js
- A PF.Base/theme/install/default/template/transfer_asset_files.html.php
- M PF.Base/vendor/composer/autoload_classmap.php
- M PF.Base/vendor/composer/autoload_psr4.php
- M PF.Base/vendor/composer/autoload_static.php
- M PF.Base/vendor/composer/installed.json
- A PF.Base/vendor/giggsey/*
- M PF.Site/Apps/core-flavors/start.php
- M PF.Site/Apps/core/phrase.json
- M PF.Site/Apps/core/start.php
- M PF.Src/Core/Assets/Manager.php
- M PF.Src/Core/Phrase.php
- M PF.Src/Core/Queue/Manager.php
- M PF.Src/Core/Session/Admincp.php
- M PF.Src/Core/Session/SessionManager.php
- M PF.Src/Core/Storage/Filesystem.php
- M PF.Src/Core/Storage/StorageManager.php
